#
# There is insufficient memory for the Java Runtime Environment to continue.
# Native memory allocation (malloc) failed to allocate 1451760 bytes for Chunk::new
# Possible reasons:
#   The system is out of physical RAM or swap space
#   The process is running with CompressedOops enabled, and the Java Heap may be blocking the growth of the native heap
# Possible solutions:
#   Reduce memory load on the system
#   Increase physical memory or swap space
#   Check if swap backing store is full
#   Decrease Java heap size (-Xmx/-Xms)
#   Decrease number of Java threads
#   Decrease Java thread stack sizes (-Xss)
#   Set larger code cache with -XX:ReservedCodeCacheSize=
#   JVM is running with Unscaled Compressed Oops mode in which the Java heap is
#     placed in the first 4GB address space. The Java Heap base address is the
#     maximum limit for the native heap growth. Please use -XX:HeapBaseMinAddress
#     to set the Java Heap base and to place the Java Heap above 4GB virtual address.
# This output file may be truncated or incomplete.
#
#  Out of Memory Error (allocation.cpp:389), pid=7536, tid=0x0000000000001214
#
# JRE version: OpenJDK Runtime Environment (8.0_242-b01) (build 1.8.0_242-release-1644-b01)
# Java VM: OpenJDK 64-Bit Server VM (25.242-b01 mixed mode windows-amd64 compressed oops)
# Failed to write core dump. Minidumps are not enabled by default on client versions of Windows
#

---------------  T H R E A D  ---------------

Current thread (0x0000000015e09000):  JavaThread "C2 CompilerThread0" daemon [_thread_in_native, id=4628, stack(0x0000000017460000,0x0000000017560000)]

Stack: [0x0000000017460000,0x0000000017560000]
[error occurred during error reporting (printing stack bounds), id 0xc0000005]

Native frames: (J=compiled Java code, j=interpreted, Vv=VM code, C=native code)


Current CompileTask:
C2: 248589 9738       4       groovy.lang.MetaClassImpl::inheritInterfaceNewMetaMethods (199 bytes)


---------------  P R O C E S S  ---------------

Java Threads: ( => current thread )
  0x0000000018e5d000 JavaThread "File lock release action executor Thread 3" [_thread_blocked, id=1884, stack(0x0000000000660000,0x0000000000760000)]
  0x0000000018e61800 JavaThread "Cache worker for execution history cache (C:\Android\Projects\AppReadBook_AndroidStudio\.gradle\5.6.4\executionHistory)" [_thread_blocked, id=9024, stack(0x0000000024590000,0x0000000024690000)]
  0x0000000018e67000 JavaThread "Memory manager" [_thread_blocked, id=8964, stack(0x000000001e220000,0x000000001e320000)]
  0x0000000018e66800 JavaThread "Cache worker for Build Output Cleanup Cache (C:\Android\Projects\AppReadBook_AndroidStudio\.gradle\buildOutputCleanup)" [_thread_blocked, id=3648, stack(0x000000001b580000,0x000000001b680000)]
  0x0000000018e5e000 JavaThread "Build operations Thread 4" [_thread_in_native, id=724, stack(0x00000000221e0000,0x00000000222e0000)]
  0x0000000018e65000 JavaThread "Build operations Thread 3" [_thread_in_native, id=6760, stack(0x00000000220e0000,0x00000000221e0000)]
  0x0000000018e63000 JavaThread "Build operations Thread 2" [_thread_in_native, id=5104, stack(0x0000000021fe0000,0x00000000220e0000)]
  0x0000000018e64000 JavaThread "Build operations" [_thread_blocked, id=8248, stack(0x0000000021ee0000,0x0000000021fe0000)]
  0x0000000018e5b800 JavaThread "Cache worker for execution history cache (C:\Users\Le Duyen\.gradle\caches\5.6.4\executionHistory)" [_thread_blocked, id=7872, stack(0x000000001ffa0000,0x00000000200a0000)]
  0x0000000018e62800 JavaThread "Cache worker for cache directory md-rule (C:\Users\Le Duyen\.gradle\caches\5.6.4\md-rule)" [_thread_blocked, id=7628, stack(0x000000001fca0000,0x000000001fda0000)]
  0x00000000198a3000 JavaThread "Cache worker for cache directory md-supplier (C:\Users\Le Duyen\.gradle\caches\5.6.4\md-supplier)" [_thread_blocked, id=6216, stack(0x000000001e320000,0x000000001e420000)]
  0x00000000198aa000 JavaThread "Cache worker for file hash cache (C:\Android\Projects\AppReadBook_AndroidStudio\.gradle\5.6.4\fileHashes)" [_thread_blocked, id=1972, stack(0x000000001df20000,0x000000001e020000)]
  0x00000000198a3800 JavaThread "Cache worker for journal cache (C:\Users\Le Duyen\.gradle\caches\journal-1)" [_thread_blocked, id=1516, stack(0x000000001bb80000,0x000000001bc80000)]
  0x00000000198a7800 JavaThread "File lock request listener" [_thread_in_native, id=6172, stack(0x000000001ba80000,0x000000001bb80000)]
  0x00000000198a6800 JavaThread "Cache worker for file hash cache (C:\Users\Le Duyen\.gradle\caches\5.6.4\fileHashes)" [_thread_blocked, id=7432, stack(0x000000001b980000,0x000000001ba80000)]
  0x0000000017e46000 JavaThread "Thread-9" [_thread_blocked, id=3800, stack(0x000000001b680000,0x000000001b780000)]
  0x0000000017e42000 JavaThread "Asynchronous log dispatcher for DefaultDaemonConnection: socket connection from /127.0.0.1:51830 to /127.0.0.1:51831" [_thread_blocked, id=7412, stack(0x000000001b480000,0x000000001b580000)]
  0x0000000017b22800 JavaThread "Daemon worker" [_thread_in_native, id=7572, stack(0x000000001b380000,0x000000001b480000)]
  0x0000000017b20800 JavaThread "Cancel handler" [_thread_blocked, id=6200, stack(0x000000001b280000,0x000000001b380000)]
  0x0000000019718000 JavaThread "Handler for socket connection from /127.0.0.1:51830 to /127.0.0.1:51831" [_thread_in_native, id=6492, stack(0x000000001af80000,0x000000001b080000)]
  0x0000000019716800 JavaThread "Daemon periodic checks" [_thread_blocked, id=6992, stack(0x000000001ae80000,0x000000001af80000)]
  0x0000000019716000 JavaThread "Daemon" [_thread_blocked, id=8480, stack(0x000000001ad80000,0x000000001ae80000)]
  0x00000000190fd000 JavaThread "Incoming local TCP Connector on port 51830" [_thread_in_native, id=6748, stack(0x000000001ab40000,0x000000001ac40000)]
  0x000000001968c800 JavaThread "Daemon health stats" [_thread_blocked, id=1680, stack(0x000000001a500000,0x000000001a600000)]
  0x0000000017790800 JavaThread "Service Thread" daemon [_thread_blocked, id=6924, stack(0x0000000017b60000,0x0000000017c60000)]
  0x0000000015e1a000 JavaThread "C1 CompilerThread2" daemon [_thread_blocked, id=4204, stack(0x0000000017660000,0x0000000017760000)]
  0x0000000015e0c000 JavaThread "C2 CompilerThread1" daemon [_thread_in_native, id=1280, stack(0x0000000017560000,0x0000000017660000)]
=>0x0000000015e09000 JavaThread "C2 CompilerThread0" daemon [_thread_in_native, id=4628, stack(0x0000000017460000,0x0000000017560000)]
  0x0000000015e08000 JavaThread "Attach Listener" daemon [_thread_blocked, id=2332, stack(0x0000000017360000,0x0000000017460000)]
  0x0000000015e07000 JavaThread "Signal Dispatcher" daemon [_thread_blocked, id=7992, stack(0x0000000017260000,0x0000000017360000)]
  0x000000000248d000 JavaThread "Finalizer" daemon [_thread_blocked, id=1376, stack(0x0000000017060000,0x0000000017160000)]
  0x0000000015de9800 JavaThread "Reference Handler" daemon [_thread_blocked, id=1896, stack(0x0000000016f60000,0x0000000017060000)]
  0x000000000228e800 JavaThread "main" [_thread_blocked, id=5040, stack(0x0000000002290000,0x0000000002390000)]

Other Threads:
  0x0000000015dc6800 VMThread [stack: 0x0000000016e60000,0x0000000016f60000] [id=6312]
  0x0000000015e5d000 WatcherThread [stack: 0x0000000017c60000,0x0000000017d60000] [id=7460]

VM state:not at safepoint (normal execution)

VM Mutex/Monitor currently owned by a thread: None

heap address: 0x00000000a0000000, size: 1536 MB, Compressed Oops mode: 32-bit
Narrow klass base: 0x0000000000000000, Narrow klass shift: 3
Compressed class space size: 1073741824 Address: 0x0000000100000000

Heap:
 PSYoungGen      total 503808K, used 369735K [0x00000000e0000000, 0x0000000100000000, 0x0000000100000000)
  eden space 486400K, 76% used [0x00000000e0000000,0x00000000f6911f70,0x00000000fdb00000)
  from space 17408K, 0% used [0x00000000fef00000,0x00000000fef00000,0x0000000100000000)
  to   space 18944K, 0% used [0x00000000fdb00000,0x00000000fdb00000,0x00000000fed80000)
 ParOldGen       total 111104K, used 36038K [0x00000000a0000000, 0x00000000a6c80000, 0x00000000e0000000)
  object space 111104K, 32% used [0x00000000a0000000,0x00000000a23319a0,0x00000000a6c80000)
 Metaspace       used 73991K, capacity 76512K, committed 76800K, reserved 1116160K
  class space    used 9862K, capacity 10451K, committed 10496K, reserved 1048576K

Card table byte_map: [0x0000000011850000,0x0000000011b60000] byte_map_base: 0x0000000011350000

Marking Bits: (ParMarkBitMap*) 0x000000006694f030
 Begin Bits: [0x0000000012160000, 0x0000000013960000)
 End Bits:   [0x0000000013960000, 0x0000000015160000)

Polling page: 0x0000000000550000

CodeCache: size=245760Kb used=29703Kb max_used=29703Kb free=216056Kb
 bounds [0x0000000002490000, 0x00000000041c0000, 0x0000000011490000]
 total_blobs=9317 nmethods=8453 adapters=776
 compilation: enabled

Compilation events (10 events):
Event: 248.564 Thread 0x0000000015e1a000 10175       3       org.gradle.internal.component.external.model.ImmutableCapability::<init> (58 bytes)
Event: 248.565 Thread 0x0000000015e1a000 nmethod 10175 0x00000000041ae510 code [0x00000000041ae740, 0x00000000041af3c8]
Event: 248.565 Thread 0x0000000015e1a000 10177       3       java.util.concurrent.ThreadPoolExecutor::isRunning (10 bytes)
Event: 248.566 Thread 0x0000000015e1a000 nmethod 10177 0x00000000041aaf90 code [0x00000000041ab0e0, 0x00000000041ab270]
Event: 248.566 Thread 0x0000000015e1a000 10176       3       org.gradle.api.internal.artifacts.ivyservice.resolveengine.graph.builder.EdgeState::getTargetComponent (27 bytes)
Event: 248.566 Thread 0x0000000015e1a000 nmethod 10176 0x00000000041af9d0 code [0x00000000041afb40, 0x00000000041afe10]
Event: 248.566 Thread 0x0000000015e1a000 10178       1       java.lang.Thread::getName (5 bytes)
Event: 248.566 Thread 0x0000000015e1a000 nmethod 10178 0x00000000041aac10 code [0x00000000041aad60, 0x00000000041aae70]
Event: 248.579 Thread 0x0000000015e1a000 10179       1       java.net.InetSocketAddress$InetSocketAddressHolder::getAddress (5 bytes)
Event: 248.579 Thread 0x0000000015e1a000 nmethod 10179 0x00000000041aff10 code [0x00000000041b0060, 0x00000000041b0170]

GC Heap History (10 events):
Event: 29.805 GC heap before
{Heap before GC invocations=13 (full 2):
 PSYoungGen      total 331264K, used 2013K [0x00000000e0000000, 0x00000000fcb00000, 0x0000000100000000)
  eden space 316416K, 0% used [0x00000000e0000000,0x00000000e0000000,0x00000000f3500000)
  from space 14848K, 13% used [0x00000000f3500000,0x00000000f36f7668,0x00000000f4380000)
  to   space 14848K, 0% used [0x00000000fbc80000,0x00000000fbc80000,0x00000000fcb00000)
 ParOldGen       total 56320K, used 20510K [0x00000000a0000000, 0x00000000a3700000, 0x00000000e0000000)
  object space 56320K, 36% used [0x00000000a0000000,0x00000000a1407b90,0x00000000a3700000)
 Metaspace       used 34646K, capacity 35462K, committed 35496K, reserved 1079296K
  class space    used 4618K, capacity 4858K, committed 4864K, reserved 1048576K
Event: 29.939 GC heap after
Heap after GC invocations=13 (full 2):
 PSYoungGen      total 331264K, used 0K [0x00000000e0000000, 0x00000000fcb00000, 0x0000000100000000)
  eden space 316416K, 0% used [0x00000000e0000000,0x00000000e0000000,0x00000000f3500000)
  from space 14848K, 0% used [0x00000000f3500000,0x00000000f3500000,0x00000000f4380000)
  to   space 14848K, 0% used [0x00000000fbc80000,0x00000000fbc80000,0x00000000fcb00000)
 ParOldGen       total 73216K, used 14441K [0x00000000a0000000, 0x00000000a4780000, 0x00000000e0000000)
  object space 73216K, 19% used [0x00000000a0000000,0x00000000a0e1a5d8,0x00000000a4780000)
 Metaspace       used 34580K, capacity 35338K, committed 35496K, reserved 1079296K
  class space    used 4600K, capacity 4838K, committed 4864K, reserved 1048576K
}
Event: 78.691 GC heap before
{Heap before GC invocations=14 (full 2):
 PSYoungGen      total 331264K, used 316416K [0x00000000e0000000, 0x00000000fcb00000, 0x0000000100000000)
  eden space 316416K, 100% used [0x00000000e0000000,0x00000000f3500000,0x00000000f3500000)
  from space 14848K, 0% used [0x00000000f3500000,0x00000000f3500000,0x00000000f4380000)
  to   space 14848K, 0% used [0x00000000fbc80000,0x00000000fbc80000,0x00000000fcb00000)
 ParOldGen       total 73216K, used 14441K [0x00000000a0000000, 0x00000000a4780000, 0x00000000e0000000)
  object space 73216K, 19% used [0x00000000a0000000,0x00000000a0e1a5d8,0x00000000a4780000)
 Metaspace       used 46836K, capacity 48040K, committed 48384K, reserved 1091584K
  class space    used 6000K, capacity 6305K, committed 6400K, reserved 1048576K
Event: 78.712 GC heap after
Heap after GC invocations=14 (full 2):
 PSYoungGen      total 438784K, used 14820K [0x00000000e0000000, 0x00000000fcb00000, 0x0000000100000000)
  eden space 423936K, 0% used [0x00000000e0000000,0x00000000e0000000,0x00000000f9e00000)
  from space 14848K, 99% used [0x00000000fbc80000,0x00000000fcaf9318,0x00000000fcb00000)
  to   space 17408K, 0% used [0x00000000fa900000,0x00000000fa900000,0x00000000fba00000)
 ParOldGen       total 73216K, used 15250K [0x00000000a0000000, 0x00000000a4780000, 0x00000000e0000000)
  object space 73216K, 20% used [0x00000000a0000000,0x00000000a0ee48e8,0x00000000a4780000)
 Metaspace       used 46836K, capacity 48040K, committed 48384K, reserved 1091584K
  class space    used 6000K, capacity 6305K, committed 6400K, reserved 1048576K
}
Event: 198.109 GC heap before
{Heap before GC invocations=15 (full 2):
 PSYoungGen      total 438784K, used 438756K [0x00000000e0000000, 0x00000000fcb00000, 0x0000000100000000)
  eden space 423936K, 100% used [0x00000000e0000000,0x00000000f9e00000,0x00000000f9e00000)
  from space 14848K, 99% used [0x00000000fbc80000,0x00000000fcaf9318,0x00000000fcb00000)
  to   space 17408K, 0% used [0x00000000fa900000,0x00000000fa900000,0x00000000fba00000)
 ParOldGen       total 73216K, used 15250K [0x00000000a0000000, 0x00000000a4780000, 0x00000000e0000000)
  object space 73216K, 20% used [0x00000000a0000000,0x00000000a0ee48e8,0x00000000a4780000)
 Metaspace       used 47073K, capacity 48302K, committed 48640K, reserved 1091584K
  class space    used 6000K, capacity 6306K, committed 6400K, reserved 1048576K
Event: 198.129 GC heap after
Heap after GC invocations=15 (full 2):
 PSYoungGen      total 452608K, used 2001K [0x00000000e0000000, 0x0000000100000000, 0x0000000100000000)
  eden space 435200K, 0% used [0x00000000e0000000,0x00000000e0000000,0x00000000fa900000)
  from space 17408K, 11% used [0x00000000fa900000,0x00000000faaf4690,0x00000000fba00000)
  to   space 17408K, 0% used [0x00000000fef00000,0x00000000fef00000,0x0000000100000000)
 ParOldGen       total 73216K, used 24459K [0x00000000a0000000, 0x00000000a4780000, 0x00000000e0000000)
  object space 73216K, 33% used [0x00000000a0000000,0x00000000a17e2d88,0x00000000a4780000)
 Metaspace       used 47073K, capacity 48302K, committed 48640K, reserved 1091584K
  class space    used 6000K, capacity 6306K, committed 6400K, reserved 1048576K
}
Event: 201.755 GC heap before
{Heap before GC invocations=16 (full 2):
 PSYoungGen      total 452608K, used 288140K [0x00000000e0000000, 0x0000000100000000, 0x0000000100000000)
  eden space 435200K, 65% used [0x00000000e0000000,0x00000000f176ec98,0x00000000fa900000)
  from space 17408K, 11% used [0x00000000fa900000,0x00000000faaf4690,0x00000000fba00000)
  to   space 17408K, 0% used [0x00000000fef00000,0x00000000fef00000,0x0000000100000000)
 ParOldGen       total 73216K, used 24459K [0x00000000a0000000, 0x00000000a4780000, 0x00000000e0000000)
  object space 73216K, 33% used [0x00000000a0000000,0x00000000a17e2d88,0x00000000a4780000)
 Metaspace       used 57302K, capacity 59032K, committed 59160K, reserved 1101824K
  class space    used 7292K, capacity 7736K, committed 7808K, reserved 1048576K
Event: 201.775 GC heap after
Heap after GC invocations=16 (full 2):
 PSYoungGen      total 503808K, used 14511K [0x00000000e0000000, 0x0000000100000000, 0x0000000100000000)
  eden space 486400K, 0% used [0x00000000e0000000,0x00000000e0000000,0x00000000fdb00000)
  from space 17408K, 83% used [0x00000000fef00000,0x00000000ffd2bfa8,0x0000000100000000)
  to   space 18944K, 0% used [0x00000000fdb00000,0x00000000fdb00000,0x00000000fed80000)
 ParOldGen       total 73216K, used 25135K [0x00000000a0000000, 0x00000000a4780000, 0x00000000e0000000)
  object space 73216K, 34% used [0x00000000a0000000,0x00000000a188bf18,0x00000000a4780000)
 Metaspace       used 57302K, capacity 59032K, committed 59160K, reserved 1101824K
  class space    used 7292K, capacity 7736K, committed 7808K, reserved 1048576K
}
Event: 201.775 GC heap before
{Heap before GC invocations=17 (full 3):
 PSYoungGen      total 503808K, used 14511K [0x00000000e0000000, 0x0000000100000000, 0x0000000100000000)
  eden space 486400K, 0% used [0x00000000e0000000,0x00000000e0000000,0x00000000fdb00000)
  from space 17408K, 83% used [0x00000000fef00000,0x00000000ffd2bfa8,0x0000000100000000)
  to   space 18944K, 0% used [0x00000000fdb00000,0x00000000fdb00000,0x00000000fed80000)
 ParOldGen       total 73216K, used 25135K [0x00000000a0000000, 0x00000000a4780000, 0x00000000e0000000)
  object space 73216K, 34% used [0x00000000a0000000,0x00000000a188bf18,0x00000000a4780000)
 Metaspace       used 57302K, capacity 59032K, committed 59160K, reserved 1101824K
  class space    used 7292K, capacity 7736K, committed 7808K, reserved 1048576K
Event: 202.127 GC heap after
Heap after GC invocations=17 (full 3):
 PSYoungGen      total 503808K, used 0K [0x00000000e0000000, 0x0000000100000000, 0x0000000100000000)
  eden space 486400K, 0% used [0x00000000e0000000,0x00000000e0000000,0x00000000fdb00000)
  from space 17408K, 0% used [0x00000000fef00000,0x00000000fef00000,0x0000000100000000)
  to   space 18944K, 0% used [0x00000000fdb00000,0x00000000fdb00000,0x00000000fed80000)
 ParOldGen       total 111104K, used 36038K [0x00000000a0000000, 0x00000000a6c80000, 0x00000000e0000000)
  object space 111104K, 32% used [0x00000000a0000000,0x00000000a23319a0,0x00000000a6c80000)
 Metaspace       used 57215K, capacity 58832K, committed 59160K, reserved 1101824K
  class space    used 7267K, capacity 7677K, committed 7808K, reserved 1048576K
}

Deoptimization events (10 events):
Event: 248.228 Thread 0x0000000017b22800 Uncommon trap: reason=unstable_if action=reinterpret pc=0x0000000002e8c1e0 method=java.util.regex.Matcher.find()Z @ 10
Event: 248.233 Thread 0x0000000017b22800 Uncommon trap: reason=class_check action=maybe_recompile pc=0x0000000003808850 method=com.sun.org.apache.xerces.internal.impl.XMLDocumentFragmentScannerImpl$FragmentContentDriver.next()I @ 439
Event: 248.236 Thread 0x0000000017b22800 Uncommon trap: reason=class_check action=maybe_recompile pc=0x0000000003808850 method=com.sun.org.apache.xerces.internal.impl.XMLDocumentFragmentScannerImpl$FragmentContentDriver.next()I @ 439
Event: 248.236 Thread 0x0000000017b22800 Uncommon trap: reason=unstable_if action=reinterpret pc=0x0000000002c3f844 method=java.lang.Integer.parseInt(Ljava/lang/String;I)I @ 197
Event: 248.237 Thread 0x0000000017b22800 Uncommon trap: reason=class_check action=maybe_recompile pc=0x00000000035bb4c4 method=com.sun.org.apache.xerces.internal.impl.XMLDocumentFragmentScannerImpl.scanEndElement()I @ 145
Event: 248.237 Thread 0x0000000017b22800 Uncommon trap: reason=class_check action=maybe_recompile pc=0x00000000035bb4c4 method=com.sun.org.apache.xerces.internal.impl.XMLDocumentFragmentScannerImpl.scanEndElement()I @ 145
Event: 248.240 Thread 0x0000000017b22800 Uncommon trap: reason=bimorphic action=maybe_recompile pc=0x00000000032eba00 method=java.util.regex.Pattern$BranchConn.match(Ljava/util/regex/Matcher;ILjava/lang/CharSequence;)Z @ 7
Event: 248.247 Thread 0x0000000017b22800 Uncommon trap: reason=class_check action=maybe_recompile pc=0x0000000003817304 method=com.sun.org.apache.xerces.internal.impl.XMLDocumentFragmentScannerImpl.scanDocument(Z)Z @ 9
Event: 248.253 Thread 0x0000000017b22800 Uncommon trap: reason=unstable_if action=reinterpret pc=0x00000000031cc1ac method=java.lang.Integer.parseInt(Ljava/lang/String;I)I @ 197
Event: 248.271 Thread 0x0000000017b22800 Uncommon trap: reason=unstable_if action=reinterpret pc=0x0000000003c76dd8 method=com.google.gson.stream.JsonReader.doPeek()I @ 315

Classes redefined (0 events):
No events

Internal exceptions (10 events):
Event: 247.472 Thread 0x0000000017b22800 Exception <a 'java/lang/ClassNotFoundException': java/util/LinkedHashMapBeanInfo> (0x00000000f32ba980) thrown at [C:\src\AOSP-openjdk-git\hotspot\src\share\vm\classfile\systemDictionary.cpp, line 210]
Event: 247.472 Thread 0x0000000017b22800 Exception <a 'java/lang/ClassNotFoundException': java/util/HashMapBeanInfo> (0x00000000f32c2c98) thrown at [C:\src\AOSP-openjdk-git\hotspot\src\share\vm\classfile\systemDictionary.cpp, line 210]
Event: 247.473 Thread 0x0000000017b22800 Exception <a 'java/lang/ClassNotFoundException': java/util/AbstractMapBeanInfo> (0x00000000f32cc100) thrown at [C:\src\AOSP-openjdk-git\hotspot\src\share\vm\classfile\systemDictionary.cpp, line 210]
Event: 247.473 Thread 0x0000000017b22800 Exception <a 'java/lang/ClassNotFoundException': java/util/AbstractMapCustomizer> (0x00000000f32d5640) thrown at [C:\src\AOSP-openjdk-git\hotspot\src\share\vm\classfile\systemDictionary.cpp, line 210]
Event: 247.474 Thread 0x0000000017b22800 Exception <a 'java/lang/ClassNotFoundException': java/util/HashMapCustomizer> (0x00000000f32ea918) thrown at [C:\src\AOSP-openjdk-git\hotspot\src\share\vm\classfile\systemDictionary.cpp, line 210]
Event: 247.475 Thread 0x0000000017b22800 Exception <a 'java/lang/ClassNotFoundException': java/util/LinkedHashMapCustomizer> (0x00000000f3312108) thrown at [C:\src\AOSP-openjdk-git\hotspot\src\share\vm\classfile\systemDictionary.cpp, line 210]
Event: 247.869 Thread 0x0000000017b22800 Exception <a 'java/lang/ClassNotFoundException': com/sun/org/glassfish/hk2/osgiresourcelocator/ServiceLoader> (0x00000000f415c298) thrown at [C:\src\AOSP-openjdk-git\hotspot\src\share\vm\classfile\systemDictionary.cpp, line 210]
Event: 247.931 Thread 0x0000000017b22800 Exception <a 'java/lang/NullPointerException'> (0x00000000f4636258) thrown at [C:\src\AOSP-openjdk-git\hotspot\src\share\vm\interpreter\linkResolver.cpp, line 1287]
Event: 248.302 Thread 0x0000000017b22800 Exception <a 'java/lang/NoSuchMethodError': java.lang.Object.lambda$minBy$0(Ljava/util/Comparator;Ljava/lang/Object;Ljava/lang/Object;)Ljava/lang/Object;> (0x00000000f5c1d500) thrown at [C:\src\AOSP-openjdk-git\hotspot\src\share\vm\interpreter\linkResolve
Event: 248.373 Thread 0x0000000017b22800 Exception <a 'java/lang/reflect/InvocationTargetException'> (0x00000000f5df7bd0) thrown at [C:\src\AOSP-openjdk-git\hotspot\src\share\vm\runtime\reflection.cpp, line 1092]

Events (10 events):
Event: 248.551 loading class org/gradle/internal/component/local/model/PublishArtifactLocalArtifactMetadata
Event: 248.551 loading class org/gradle/internal/component/local/model/PublishArtifactLocalArtifactMetadata done
Event: 248.557 Thread 0x0000000017b22800 DEOPT PACKING pc=0x0000000003ebc65b sp=0x000000001b479320
Event: 248.557 Thread 0x0000000017b22800 DEOPT UNPACKING pc=0x00000000024d75d0 sp=0x000000001b479090 mode 0
Event: 248.563 loading class org/gradle/api/artifacts/DependencySubstitution
Event: 248.563 loading class org/gradle/api/artifacts/DependencySubstitution done
Event: 248.563 loading class org/gradle/api/artifacts/component/ModuleComponentSelector
Event: 248.563 loading class org/gradle/api/artifacts/component/ModuleComponentSelector done
Event: 248.571 Executing VM operation: RevokeBias
Event: 248.571 Executing VM operation: RevokeBias done


Dynamic libraries:
0x00007ff6c1430000 - 0x00007ff6c1461000 	C:\Program Files\Android\Android Studio\jre\bin\java.exe
0x00007ffbb9080000 - 0x00007ffbb9270000 	C:\Windows\SYSTEM32\ntdll.dll
0x00007ffbb86c0000 - 0x00007ffbb8772000 	C:\Windows\System32\KERNEL32.DLL
0x00007ffbb6bd0000 - 0x00007ffbb6e75000 	C:\Windows\System32\KERNELBASE.dll
0x00007ffbb84f0000 - 0x00007ffbb8593000 	C:\Windows\System32\ADVAPI32.dll
0x00007ffbb7420000 - 0x00007ffbb74be000 	C:\Windows\System32\msvcrt.dll
0x00007ffbb8850000 - 0x00007ffbb88e7000 	C:\Windows\System32\sechost.dll
0x00007ffbb85a0000 - 0x00007ffbb86c0000 	C:\Windows\System32\RPCRT4.dll
0x00007ffbb7580000 - 0x00007ffbb7714000 	C:\Windows\System32\USER32.dll
0x00007ffbb6100000 - 0x00007ffbb6121000 	C:\Windows\System32\win32u.dll
0x00007ffbb8af0000 - 0x00007ffbb8b16000 	C:\Windows\System32\GDI32.dll
0x00007ffbb61d0000 - 0x00007ffbb6366000 	C:\Windows\System32\gdi32full.dll
0x00007ffbb6130000 - 0x00007ffbb61ce000 	C:\Windows\System32\msvcp_win.dll
0x00007ffbb6000000 - 0x00007ffbb60fa000 	C:\Windows\System32\ucrtbase.dll
0x00007ffba6e50000 - 0x00007ffba70d4000 	C:\Windows\WinSxS\amd64_microsoft.windows.common-controls_6595b64144ccf1df_6.0.18362.1198_none_9e820b57e45ad92f\COMCTL32.dll
0x00007ffbb8140000 - 0x00007ffbb8475000 	C:\Windows\System32\combase.dll
0x00007ffbb6ee0000 - 0x00007ffbb6f60000 	C:\Windows\System32\bcryptPrimitives.dll
0x00007ffbb73f0000 - 0x00007ffbb741e000 	C:\Windows\System32\IMM32.DLL
0x0000000065fd0000 - 0x00000000660a2000 	C:\Program Files\Android\Android Studio\jre\jre\bin\msvcr100.dll
0x0000000066180000 - 0x00000000669cb000 	C:\Program Files\Android\Android Studio\jre\jre\bin\server\jvm.dll
0x00007ffbb7280000 - 0x00007ffbb7288000 	C:\Windows\System32\PSAPI.DLL
0x00007ffb992a0000 - 0x00007ffb992a9000 	C:\Windows\SYSTEM32\WSOCK32.dll
0x00007ffbb8480000 - 0x00007ffbb84ef000 	C:\Windows\System32\WS2_32.dll
0x00007ffbb3230000 - 0x00007ffbb3254000 	C:\Windows\SYSTEM32\WINMM.dll
0x00007ffba9030000 - 0x00007ffba903a000 	C:\Windows\SYSTEM32\VERSION.dll
0x00007ffbb31c0000 - 0x00007ffbb31ed000 	C:\Windows\SYSTEM32\WINMMBASE.dll
0x00007ffbb6f60000 - 0x00007ffbb6faa000 	C:\Windows\System32\cfgmgr32.dll
0x00007ffb931d0000 - 0x00007ffb931df000 	C:\Program Files\Android\Android Studio\jre\jre\bin\verify.dll
0x00007ffb91eb0000 - 0x00007ffb91ed9000 	C:\Program Files\Android\Android Studio\jre\jre\bin\java.dll
0x00007ffb921a0000 - 0x00007ffb921b6000 	C:\Program Files\Android\Android Studio\jre\jre\bin\zip.dll
0x00007ffbb79f0000 - 0x00007ffbb80d7000 	C:\Windows\System32\SHELL32.dll
0x00007ffbb8900000 - 0x00007ffbb89a9000 	C:\Windows\System32\shcore.dll
0x00007ffbb6420000 - 0x00007ffbb6ba1000 	C:\Windows\System32\windows.storage.dll
0x00007ffbb5fb0000 - 0x00007ffbb5fd3000 	C:\Windows\System32\profapi.dll
0x00007ffbb5f60000 - 0x00007ffbb5faa000 	C:\Windows\System32\powrprof.dll
0x00007ffbb5f30000 - 0x00007ffbb5f40000 	C:\Windows\System32\UMPDC.dll
0x00007ffbb7520000 - 0x00007ffbb7572000 	C:\Windows\System32\shlwapi.dll
0x00007ffbb5f40000 - 0x00007ffbb5f51000 	C:\Windows\System32\kernel.appcore.dll
0x00007ffbb6bb0000 - 0x00007ffbb6bc7000 	C:\Windows\System32\cryptsp.dll
0x00007ffb91d80000 - 0x00007ffb91d9a000 	C:\Program Files\Android\Android Studio\jre\jre\bin\net.dll
0x00007ffbb5780000 - 0x00007ffbb57e7000 	C:\Windows\system32\mswsock.dll
0x00007ffb91d60000 - 0x00007ffb91d73000 	C:\Program Files\Android\Android Studio\jre\jre\bin\nio.dll
0x00007ffb99470000 - 0x00007ffb99496000 	C:\Users\Le Duyen\.gradle\native\30\windows-amd64\native-platform.dll
0x00007ffb91c80000 - 0x00007ffb91c8d000 	C:\Program Files\Android\Android Studio\jre\jre\bin\management.dll
0x00007ffbb52f0000 - 0x00007ffbb5323000 	C:\Windows\system32\rsaenh.dll
0x00007ffbb7100000 - 0x00007ffbb7126000 	C:\Windows\System32\bcrypt.dll
0x00007ffbb5e50000 - 0x00007ffbb5e75000 	C:\Windows\SYSTEM32\USERENV.dll
0x00007ffbb5950000 - 0x00007ffbb595c000 	C:\Windows\SYSTEM32\CRYPTBASE.dll
0x00007ffbb5490000 - 0x00007ffbb54ca000 	C:\Windows\SYSTEM32\IPHLPAPI.DLL
0x00007ffbb7790000 - 0x00007ffbb7798000 	C:\Windows\System32\NSI.dll
0x00007ffbafea0000 - 0x00007ffbafeb6000 	C:\Windows\SYSTEM32\dhcpcsvc6.DLL
0x00007ffbafe10000 - 0x00007ffbafe2c000 	C:\Windows\SYSTEM32\dhcpcsvc.DLL
0x00007ffbb54d0000 - 0x00007ffbb559b000 	C:\Windows\SYSTEM32\DNSAPI.dll
0x00007ffbaf850000 - 0x00007ffbaf874000 	C:\Program Files\Android\Android Studio\jre\jre\bin\sunec.dll
0x00007ffbafdc0000 - 0x00007ffbafdca000 	C:\Windows\System32\rasadhlp.dll
0x00007ffbaedb0000 - 0x00007ffbaee27000 	C:\Windows\System32\fwpuclnt.dll
0x00007ffbb32e0000 - 0x00007ffbb32eb000 	C:\Program Files\Android\Android Studio\jre\jre\bin\sunmscapi.dll
0x00007ffbb6fb0000 - 0x00007ffbb70f9000 	C:\Windows\System32\CRYPT32.dll
0x00007ffbb5fe0000 - 0x00007ffbb5ff2000 	C:\Windows\System32\MSASN1.dll

VM Arguments:
jvm_args: -Xmx1536m -Dfile.encoding=windows-1252 -Duser.country=US -Duser.language=en -Duser.variant 
java_command: org.gradle.launcher.daemon.bootstrap.GradleDaemon 5.6.4
java_class_path (initial): C:\Users\Le Duyen\.gradle\wrapper\dists\gradle-5.6.4-all\ankdp27end7byghfw1q2sw75f\gradle-5.6.4\lib\gradle-launcher-5.6.4.jar
Launcher Type: SUN_STANDARD

Environment Variables:
PATH=C:\Windows;C:\Windows\System32\Wbem;C:\Windows\System32\WindowsPowerShell\v1.0\;C:\Windows\System32\OpenSSH\;C:\Program Files\Microsoft VS Code\bin;C:\Program Files\Microsoft SQL Server\120\Tools\Binn\;C:\Program Files\Microsoft SQL Server\130\Tools\Binn\;c:\Program Files\Microsoft SQL Server\110\Tools\Binn\;c:\Program Files (x86)\Microsoft SQL Server\110\Tools\Binn\;c:\Program Files\Microsoft SQL Server\110\DTS\Binn\;c:\Program Files (x86)\Microsoft SQL Server\110\Tools\Binn\ManagementStudio\;c:\Program Files (x86)\Microsoft Visual Studio 10.0\Common7\IDE\PrivateAssemblies\;c:\Program Files (x86)\Microsoft SQL Server\110\DTS\Binn\;C:\Windows\system32\config\systemprofile\.dnx\bin;C:\Program Files\Microsoft DNX\Dnvm\;C:\flutter\bin;C:\Program Files\Git\cmd;C:\Program Files\PuTTY\;C:\Program Files\nodejs\;C:\Users\Le Duyen\AppData\Local\Microsoft\WindowsApps;C:\flutter\bin;C:\Windows\System32;C:\Program Files\Git\cmd;C:\Users\Le Duyen\AppData\Roaming\npm
USERNAME=Le Duyen
OS=Windows_NT
PROCESSOR_IDENTIFIER=Intel64 Family 6 Model 69 Stepping 1, GenuineIntel



---------------  S Y S T E M  ---------------

OS: Windows 10.0 , 64 bit Build 18362 (10.0.18362.1110)

CPU:total 4 (initial active 4) (2 cores per cpu, 2 threads per core) family 6 model 69 stepping 1, cmov, cx8, fxsr, mmx, sse, sse2, sse3, ssse3, sse4.1, sse4.2, popcnt, avx, avx2, aes, clmul, erms, lzcnt, ht, tsc, tscinvbit, bmi1, bmi2

Memory: 4k page, physical 8079644k(275164k free), swap 8079644k(6144k free)

vm_info: OpenJDK 64-Bit Server VM (25.242-b01) for windows-amd64 JRE (1.8.0_242-release-1644-b01), built by "builder" with MS VC++ 10.0 (VS2010)

time: Sun Dec 06 00:42:06 2020
timezone: SE Asia Standard Time
elapsed time: 248 seconds (0d 0h 4m 8s)

