#
# There is insufficient memory for the Java Runtime Environment to continue.
# Native memory allocation (malloc) failed to allocate 1079696 bytes for Chunk::new
# Possible reasons:
#   The system is out of physical RAM or swap space
#   The process is running with CompressedOops enabled, and the Java Heap may be blocking the growth of the native heap
# Possible solutions:
#   Reduce memory load on the system
#   Increase physical memory or swap space
#   Check if swap backing store is full
#   Decrease Java heap size (-Xmx/-Xms)
#   Decrease number of Java threads
#   Decrease Java thread stack sizes (-Xss)
#   Set larger code cache with -XX:ReservedCodeCacheSize=
#   JVM is running with Unscaled Compressed Oops mode in which the Java heap is
#     placed in the first 4GB address space. The Java Heap base address is the
#     maximum limit for the native heap growth. Please use -XX:HeapBaseMinAddress
#     to set the Java Heap base and to place the Java Heap above 4GB virtual address.
# This output file may be truncated or incomplete.
#
#  Out of Memory Error (allocation.cpp:389), pid=7200, tid=0x0000000000000928
#
# JRE version: OpenJDK Runtime Environment (8.0_242-b01) (build 1.8.0_242-release-1644-b01)
# Java VM: OpenJDK 64-Bit Server VM (25.242-b01 mixed mode windows-amd64 compressed oops)
# Failed to write core dump. Minidumps are not enabled by default on client versions of Windows
#

---------------  T H R E A D  ---------------

Current thread (0x0000000017c14000):  JavaThread "C2 CompilerThread0" daemon [_thread_in_native, id=2344, stack(0x0000000019360000,0x0000000019460000)]

Stack: [0x0000000019360000,0x0000000019460000]
[error occurred during error reporting (printing stack bounds), id 0xc0000005]

Native frames: (J=compiled Java code, j=interpreted, Vv=VM code, C=native code)


Current CompileTask:
C2:2414394 22623   !   4       com.android.ide.common.resources.DataMerger::mergeData (611 bytes)


---------------  P R O C E S S  ---------------

Java Threads: ( => current thread )
  0x0000000020db4000 JavaThread "WorkerExecutor Queue Thread 2" [_thread_blocked, id=7980, stack(0x0000000028ad0000,0x0000000028bd0000)]
  0x0000000020dad800 JavaThread "stdout" [_thread_in_native, id=7876, stack(0x00000000289d0000,0x0000000028ad0000)]
  0x0000000020db2000 JavaThread "stderr" [_thread_in_native, id=6660, stack(0x00000000288d0000,0x00000000289d0000)]
  0x0000000020daf000 JavaThread "pool-39-thread-1" [_thread_blocked, id=4964, stack(0x00000000287d0000,0x00000000288d0000)]
  0x0000000020dac000 JavaThread "WorkerExecutor Queue" [_thread_blocked, id=7220, stack(0x0000000026a10000,0x0000000026b10000)]
  0x0000000020db3000 JavaThread "Cache worker for execution history cache (C:\Android\Projects\AppSanPham\.gradle\6.1.1\executionHistory)" [_thread_blocked, id=1372, stack(0x0000000026910000,0x0000000026a10000)]
  0x0000000020db0000 JavaThread "Execution worker for ':' Thread 3" [_thread_blocked, id=4836, stack(0x0000000026810000,0x0000000026910000)]
  0x0000000020dab800 JavaThread "Execution worker for ':' Thread 2" [_thread_blocked, id=4104, stack(0x0000000026710000,0x0000000026810000)]
  0x0000000020db1800 JavaThread "Execution worker for ':'" [_thread_blocked, id=7576, stack(0x0000000026610000,0x0000000026710000)]
  0x0000000020dae800 JavaThread "Cache worker for file content cache (C:\Android\Projects\AppSanPham\.gradle\6.1.1\fileContent)" [_thread_blocked, id=5040, stack(0x0000000026010000,0x0000000026110000)]
  0x000000001ed75800 JavaThread "Cache worker for Build Output Cleanup Cache (C:\Android\Projects\AppSanPham\.gradle\buildOutputCleanup)" [_thread_blocked, id=7552, stack(0x0000000025f10000,0x0000000026010000)]
  0x000000001ed75000 JavaThread "Build operations Thread 4" [_thread_blocked, id=4248, stack(0x0000000024fc0000,0x00000000250c0000)]
  0x000000001ed73800 JavaThread "Build operations Thread 3" [_thread_blocked, id=4040, stack(0x00000000228b0000,0x00000000229b0000)]
  0x000000001ed71000 JavaThread "Build operations Thread 2" [_thread_blocked, id=6944, stack(0x00000000227b0000,0x00000000228b0000)]
  0x000000001ed70800 JavaThread "Build operations" [_thread_blocked, id=4188, stack(0x00000000226b0000,0x00000000227b0000)]
  0x000000001ed6f800 JavaThread "Cache worker for cache directory md-rule (C:\Users\Le Duyen\.gradle\caches\6.1.1\md-rule)" [_thread_blocked, id=7412, stack(0x00000000225b0000,0x00000000226b0000)]
  0x000000001ed72800 JavaThread "Cache worker for cache directory md-supplier (C:\Users\Le Duyen\.gradle\caches\6.1.1\md-supplier)" [_thread_blocked, id=2644, stack(0x0000000020650000,0x0000000020750000)]
  0x000000001ed68000 JavaThread "Cache worker for file hash cache (C:\Android\Projects\AppSanPham\.gradle\6.1.1\fileHashes)" [_thread_blocked, id=5220, stack(0x0000000020220000,0x0000000020320000)]
  0x000000001ed67800 JavaThread "Cache worker for checksums cache (C:\Android\Projects\AppSanPham\.gradle\checksums)" [_thread_blocked, id=5468, stack(0x000000001fd20000,0x000000001fe20000)]
  0x000000001ed6e000 JavaThread "Thread-460" [_thread_blocked, id=3464, stack(0x000000001fc20000,0x000000001fd20000)]
  0x000000001ed6d800 JavaThread "Stdin handler" [_thread_blocked, id=564, stack(0x000000001d580000,0x000000001d680000)]
  0x000000001ed6c800 JavaThread "Asynchronous log dispatcher for DefaultDaemonConnection: socket connection from /127.0.0.1:49762 to /127.0.0.1:50506" [_thread_blocked, id=4292, stack(0x000000001d280000,0x000000001d380000)]
  0x000000001ed6c000 JavaThread "Daemon worker Thread 14" [_thread_blocked, id=1644, stack(0x000000001d180000,0x000000001d280000)]
  0x000000001ed6b000 JavaThread "Cancel handler" [_thread_blocked, id=3684, stack(0x000000001ce80000,0x000000001cf80000)]
  0x000000001ed6a800 JavaThread "Handler for socket connection from /127.0.0.1:49762 to /127.0.0.1:50506" [_thread_in_native, id=5988, stack(0x000000001cd80000,0x000000001ce80000)]
  0x000000001ed69000 JavaThread "Daemon Thread 14" [_thread_blocked, id=5044, stack(0x0000000019060000,0x0000000019160000)]
  0x000000001ed72000 JavaThread "Cache worker for Java compile cache (C:\Users\Le Duyen\.gradle\caches\6.1.1\javaCompile)" [_thread_blocked, id=8004, stack(0x0000000026110000,0x0000000026210000)]
  0x000000001c272000 JavaThread "Cache worker for file content cache (C:\Users\Le Duyen\.gradle\caches\6.1.1\fileContent)" [_thread_blocked, id=7588, stack(0x0000000024ec0000,0x0000000024fc0000)]
  0x000000001c264800 JavaThread "Memory manager" [_thread_blocked, id=2036, stack(0x0000000024840000,0x0000000024940000)]
  0x00000000198dc800 JavaThread "Cache worker for execution history cache (C:\Users\Le Duyen\.gradle\caches\6.1.1\executionHistory)" [_thread_blocked, id=7908, stack(0x0000000020550000,0x0000000020650000)]
  0x00000000198e1000 JavaThread "Cache worker for file hash cache (C:\Users\Le Duyen\.gradle\caches\6.1.1\fileHashes)" [_thread_blocked, id=7080, stack(0x000000001da80000,0x000000001db80000)]
  0x00000000198e0800 JavaThread "File lock request listener" [_thread_in_native, id=1496, stack(0x000000001d980000,0x000000001da80000)]
  0x00000000198e2800 JavaThread "Cache worker for journal cache (C:\Users\Le Duyen\.gradle\caches\journal-1)" [_thread_blocked, id=2232, stack(0x000000001d880000,0x000000001d980000)]
  0x000000001aa60000 JavaThread "Daemon periodic checks" [_thread_blocked, id=7776, stack(0x000000001cc80000,0x000000001cd80000)]
  0x000000001aa5a800 JavaThread "Incoming local TCP Connector on port 49762" [_thread_in_native, id=8072, stack(0x000000001ca40000,0x000000001cb40000)]
  0x0000000019c97800 JavaThread "Daemon health stats" [_thread_blocked, id=7532, stack(0x000000001c400000,0x000000001c500000)]
  0x0000000019665000 JavaThread "Service Thread" daemon [_thread_blocked, id=7756, stack(0x0000000019a60000,0x0000000019b60000)]
  0x0000000017c6b800 JavaThread "C1 CompilerThread2" daemon [_thread_blocked, id=1484, stack(0x0000000019560000,0x0000000019660000)]
  0x0000000017c68800 JavaThread "C2 CompilerThread1" daemon [_thread_blocked, id=6404, stack(0x0000000019460000,0x0000000019560000)]
=>0x0000000017c14000 JavaThread "C2 CompilerThread0" daemon [_thread_in_native, id=2344, stack(0x0000000019360000,0x0000000019460000)]
  0x0000000017c12800 JavaThread "Attach Listener" daemon [_thread_blocked, id=928, stack(0x0000000019260000,0x0000000019360000)]
  0x0000000002fee800 JavaThread "Signal Dispatcher" daemon [_thread_blocked, id=5252, stack(0x0000000019160000,0x0000000019260000)]
  0x0000000002fe5800 JavaThread "Finalizer" daemon [_thread_blocked, id=4312, stack(0x0000000018e60000,0x0000000018f60000)]
  0x0000000017bf9000 JavaThread "Reference Handler" daemon [_thread_blocked, id=4328, stack(0x0000000018d60000,0x0000000018e60000)]
  0x0000000002d6e800 JavaThread "main" [_thread_blocked, id=5204, stack(0x0000000002d70000,0x0000000002e70000)]

Other Threads:
  0x0000000017bd6800 VMThread [stack: 0x0000000018c60000,0x0000000018d60000] [id=7580]
  0x0000000019668000 WatcherThread [stack: 0x0000000019b60000,0x0000000019c60000] [id=7760]

VM state:not at safepoint (normal execution)

VM Mutex/Monitor currently owned by a thread: None

heap address: 0x0000000080000000, size: 2048 MB, Compressed Oops mode: 32-bit
Narrow klass base: 0x0000000000000000, Narrow klass shift: 3
Compressed class space size: 1073741824 Address: 0x0000000100000000

Heap:
 PSYoungGen      total 631296K, used 305985K [0x00000000d5580000, 0x0000000100000000, 0x0000000100000000)
  eden space 563712K, 51% used [0x00000000d5580000,0x00000000e6e58de8,0x00000000f7c00000)
  from space 67584K, 27% used [0x00000000f7c00000,0x00000000f8df7940,0x00000000fbe00000)
  to   space 64512K, 0% used [0x00000000fc100000,0x00000000fc100000,0x0000000100000000)
 ParOldGen       total 229376K, used 124396K [0x0000000080000000, 0x000000008e000000, 0x00000000d5580000)
  object space 229376K, 54% used [0x0000000080000000,0x000000008797b3b0,0x000000008e000000)
 Metaspace       used 94317K, capacity 101676K, committed 101800K, reserved 1136640K
  class space    used 12384K, capacity 13631K, committed 13744K, reserved 1048576K

Card table byte_map: [0x00000000123b0000,0x00000000127c0000] byte_map_base: 0x0000000011fb0000

Marking Bits: (ParMarkBitMap*) 0x000000006377f030
 Begin Bits: [0x0000000012e70000, 0x0000000014e70000)
 End Bits:   [0x0000000014e70000, 0x0000000016e70000)

Polling page: 0x00000000016a0000

CodeCache: size=245760Kb used=58372Kb max_used=58385Kb free=187387Kb
 bounds [0x0000000002ff0000, 0x0000000006960000, 0x0000000011ff0000]
 total_blobs=18131 nmethods=17254 adapters=789
 compilation: enabled

Compilation events (10 events):
Event: 2414.295 Thread 0x0000000017c6b800 22642   !   3       sun.reflect.GeneratedMethodAccessor33::invoke (61 bytes)
Event: 2414.296 Thread 0x0000000017c6b800 nmethod 22642 0x0000000006942790 code [0x0000000006942980, 0x0000000006943058]
Event: 2414.303 Thread 0x0000000017c6b800 22643       3       com.android.builder.internal.aapt.AaptPackageConfig$Builder::addResourceDir (67 bytes)
Event: 2414.305 Thread 0x0000000017c6b800 nmethod 22643 0x0000000003ded250 code [0x0000000003ded520, 0x0000000003dee838]
Event: 2414.330 Thread 0x0000000017c6b800 22644       3       com.android.builder.internal.aapt.v2.AaptV2CommandBuilder$makeLinkCommand$$inlined$sortedBy$1::<init> (5 bytes)
Event: 2414.331 Thread 0x0000000017c6b800 nmethod 22644 0x00000000052068d0 code [0x0000000005206a20, 0x0000000005206bd0]
Event: 2414.331 Thread 0x0000000017c6b800 22645       3       kotlin.collections.CollectionsKt___CollectionsKt::sortedWith (137 bytes)
Event: 2414.333 Thread 0x0000000017c6b800 nmethod 22645 0x00000000069503d0 code [0x0000000006950740, 0x0000000006951e58]
Event: 2414.354 Thread 0x0000000017c68800 22646       4       com.google.common.collect.ImmutableList$Builder::add (14 bytes)
Event: 2414.366 Thread 0x0000000017c68800 nmethod 22646 0x0000000004b9f450 code [0x0000000004b9f5a0, 0x0000000004b9fba8]

GC Heap History (10 events):
Event: 1543.849 GC heap before
{Heap before GC invocations=17 (full 3):
 PSYoungGen      total 657920K, used 657747K [0x00000000d5580000, 0x0000000100000000, 0x0000000100000000)
  eden space 629248K, 100% used [0x00000000d5580000,0x00000000fbc00000,0x00000000fbc00000)
  from space 28672K, 99% used [0x00000000fbc00000,0x00000000fd7d4f88,0x00000000fd800000)
  to   space 37888K, 0% used [0x00000000fdb00000,0x00000000fdb00000,0x0000000100000000)
 ParOldGen       total 108544K, used 54727K [0x0000000080000000, 0x0000000086a00000, 0x00000000d5580000)
  object space 108544K, 50% used [0x0000000080000000,0x0000000083571ee8,0x0000000086a00000)
 Metaspace       used 92212K, capacity 98082K, committed 98216K, reserved 1134592K
  class space    used 12143K, capacity 13206K, committed 13232K, reserved 1048576K
Event: 1543.981 GC heap after
Heap after GC invocations=17 (full 3):
 PSYoungGen      total 626176K, used 37867K [0x00000000d5580000, 0x0000000100000000, 0x0000000100000000)
  eden space 588288K, 0% used [0x00000000d5580000,0x00000000d5580000,0x00000000f9400000)
  from space 37888K, 99% used [0x00000000fdb00000,0x00000000ffffaf80,0x0000000100000000)
  to   space 55296K, 0% used [0x00000000f9400000,0x00000000f9400000,0x00000000fca00000)
 ParOldGen       total 108544K, used 87357K [0x0000000080000000, 0x0000000086a00000, 0x00000000d5580000)
  object space 108544K, 80% used [0x0000000080000000,0x000000008554f6b0,0x0000000086a00000)
 Metaspace       used 92212K, capacity 98082K, committed 98216K, reserved 1134592K
  class space    used 12143K, capacity 13206K, committed 13232K, reserved 1048576K
}
Event: 1543.981 GC heap before
{Heap before GC invocations=18 (full 4):
 PSYoungGen      total 626176K, used 37867K [0x00000000d5580000, 0x0000000100000000, 0x0000000100000000)
  eden space 588288K, 0% used [0x00000000d5580000,0x00000000d5580000,0x00000000f9400000)
  from space 37888K, 99% used [0x00000000fdb00000,0x00000000ffffaf80,0x0000000100000000)
  to   space 55296K, 0% used [0x00000000f9400000,0x00000000f9400000,0x00000000fca00000)
 ParOldGen       total 108544K, used 87357K [0x0000000080000000, 0x0000000086a00000, 0x00000000d5580000)
  object space 108544K, 80% used [0x0000000080000000,0x000000008554f6b0,0x0000000086a00000)
 Metaspace       used 92212K, capacity 98082K, committed 98216K, reserved 1134592K
  class space    used 12143K, capacity 13206K, committed 13232K, reserved 1048576K
Event: 1544.957 GC heap after
Heap after GC invocations=18 (full 4):
 PSYoungGen      total 626176K, used 491K [0x00000000d5580000, 0x0000000100000000, 0x0000000100000000)
  eden space 588288K, 0% used [0x00000000d5580000,0x00000000d5580000,0x00000000f9400000)
  from space 37888K, 1% used [0x00000000fdb00000,0x00000000fdb7ac38,0x0000000100000000)
  to   space 55296K, 0% used [0x00000000f9400000,0x00000000f9400000,0x00000000fca00000)
 ParOldGen       total 229376K, used 108467K [0x0000000080000000, 0x000000008e000000, 0x00000000d5580000)
  object space 229376K, 47% used [0x0000000080000000,0x00000000869ecf00,0x000000008e000000)
 Metaspace       used 92107K, capacity 97776K, committed 98216K, reserved 1134592K
  class space    used 12109K, capacity 13145K, committed 13232K, reserved 1048576K
}
Event: 1689.267 GC heap before
{Heap before GC invocations=19 (full 4):
 PSYoungGen      total 626176K, used 588779K [0x00000000d5580000, 0x0000000100000000, 0x0000000100000000)
  eden space 588288K, 100% used [0x00000000d5580000,0x00000000f9400000,0x00000000f9400000)
  from space 37888K, 1% used [0x00000000fdb00000,0x00000000fdb7ac38,0x0000000100000000)
  to   space 55296K, 0% used [0x00000000f9400000,0x00000000f9400000,0x00000000fca00000)
 ParOldGen       total 229376K, used 108467K [0x0000000080000000, 0x000000008e000000, 0x00000000d5580000)
  object space 229376K, 47% used [0x0000000080000000,0x00000000869ecf00,0x000000008e000000)
 Metaspace       used 92410K, capacity 98136K, committed 98472K, reserved 1134592K
  class space    used 12111K, capacity 13147K, committed 13232K, reserved 1048576K
Event: 1689.328 GC heap after
Heap after GC invocations=19 (full 4):
 PSYoungGen      total 643584K, used 15114K [0x00000000d5580000, 0x0000000100000000, 0x0000000100000000)
  eden space 588288K, 0% used [0x00000000d5580000,0x00000000d5580000,0x00000000f9400000)
  from space 55296K, 27% used [0x00000000f9400000,0x00000000fa2c2bc0,0x00000000fca00000)
  to   space 53248K, 0% used [0x00000000fcc00000,0x00000000fcc00000,0x0000000100000000)
 ParOldGen       total 229376K, used 108475K [0x0000000080000000, 0x000000008e000000, 0x00000000d5580000)
  object space 229376K, 47% used [0x0000000080000000,0x00000000869eef00,0x000000008e000000)
 Metaspace       used 92410K, capacity 98136K, committed 98472K, reserved 1134592K
  class space    used 12111K, capacity 13147K, committed 13232K, reserved 1048576K
}
Event: 1848.368 GC heap before
{Heap before GC invocations=20 (full 4):
 PSYoungGen      total 643584K, used 603271K [0x00000000d5580000, 0x0000000100000000, 0x0000000100000000)
  eden space 588288K, 99% used [0x00000000d5580000,0x00000000f93df420,0x00000000f9400000)
  from space 55296K, 27% used [0x00000000f9400000,0x00000000fa2c2bc0,0x00000000fca00000)
  to   space 53248K, 0% used [0x00000000fcc00000,0x00000000fcc00000,0x0000000100000000)
 ParOldGen       total 229376K, used 108475K [0x0000000080000000, 0x000000008e000000, 0x00000000d5580000)
  object space 229376K, 47% used [0x0000000080000000,0x00000000869eef00,0x000000008e000000)
 Metaspace       used 92767K, capacity 98460K, committed 98728K, reserved 1134592K
  class space    used 12128K, capacity 13159K, committed 13232K, reserved 1048576K
Event: 1848.464 GC heap after
Heap after GC invocations=20 (full 4):
 PSYoungGen      total 616960K, used 53221K [0x00000000d5580000, 0x0000000100000000, 0x0000000100000000)
  eden space 563712K, 0% used [0x00000000d5580000,0x00000000d5580000,0x00000000f7c00000)
  from space 53248K, 99% used [0x00000000fcc00000,0x00000000ffff94b0,0x0000000100000000)
  to   space 67584K, 0% used [0x00000000f7c00000,0x00000000f7c00000,0x00000000fbe00000)
 ParOldGen       total 229376K, used 123172K [0x0000000080000000, 0x000000008e000000, 0x00000000d5580000)
  object space 229376K, 53% used [0x0000000080000000,0x0000000087849310,0x000000008e000000)
 Metaspace       used 92767K, capacity 98460K, committed 98728K, reserved 1134592K
  class space    used 12128K, capacity 13159K, committed 13232K, reserved 1048576K
}
Event: 2212.286 GC heap before
{Heap before GC invocations=21 (full 4):
 PSYoungGen      total 616960K, used 616933K [0x00000000d5580000, 0x0000000100000000, 0x0000000100000000)
  eden space 563712K, 100% used [0x00000000d5580000,0x00000000f7c00000,0x00000000f7c00000)
  from space 53248K, 99% used [0x00000000fcc00000,0x00000000ffff94b0,0x0000000100000000)
  to   space 67584K, 0% used [0x00000000f7c00000,0x00000000f7c00000,0x00000000fbe00000)
 ParOldGen       total 229376K, used 123172K [0x0000000080000000, 0x000000008e000000, 0x00000000d5580000)
  object space 229376K, 53% used [0x0000000080000000,0x0000000087849310,0x000000008e000000)
 Metaspace       used 94237K, capacity 101664K, committed 101800K, reserved 1136640K
  class space    used 12382K, capacity 13629K, committed 13744K, reserved 1048576K
Event: 2212.336 GC heap after
Heap after GC invocations=21 (full 4):
 PSYoungGen      total 631296K, used 18398K [0x00000000d5580000, 0x0000000100000000, 0x0000000100000000)
  eden space 563712K, 0% used [0x00000000d5580000,0x00000000d5580000,0x00000000f7c00000)
  from space 67584K, 27% used [0x00000000f7c00000,0x00000000f8df7940,0x00000000fbe00000)
  to   space 64512K, 0% used [0x00000000fc100000,0x00000000fc100000,0x0000000100000000)
 ParOldGen       total 229376K, used 124396K [0x0000000080000000, 0x000000008e000000, 0x00000000d5580000)
  object space 229376K, 54% used [0x0000000080000000,0x000000008797b3b0,0x000000008e000000)
 Metaspace       used 94237K, capacity 101664K, committed 101800K, reserved 1136640K
  class space    used 12382K, capacity 13629K, committed 13744K, reserved 1048576K
}

Deoptimization events (10 events):
Event: 2115.245 Thread 0x000000001ed6c000 Uncommon trap: reason=unstable_if action=reinterpret pc=0x0000000004efe988 method=java.util.concurrent.locks.AbstractQueuedSynchronizer.unparkSuccessor(Ljava/util/concurrent/locks/AbstractQueuedSynchronizer$Node;)V @ 22
Event: 2212.661 Thread 0x0000000020dba800 Uncommon trap: reason=bimorphic action=maybe_recompile pc=0x0000000005222be0 method=com.sun.org.apache.xerces.internal.dom.CoreDocumentImpl.isKidOK(Lorg/w3c/dom/Node;Lorg/w3c/dom/Node;)Z @ 39
Event: 2212.661 Thread 0x0000000020dba800 Uncommon trap: reason=unstable_if action=reinterpret pc=0x0000000004b9f844 method=com.sun.org.apache.xerces.internal.dom.DeferredDocumentImpl.getNodeValueString(IZ)Ljava/lang/String; @ 73
Event: 2212.714 Thread 0x0000000020dba800 Uncommon trap: reason=bimorphic action=maybe_recompile pc=0x0000000004bb3d68 method=java.io.Writer.append(Ljava/lang/CharSequence;)Ljava/io/Writer; @ 20
Event: 2413.890 Thread 0x0000000020db1800 Uncommon trap: reason=bimorphic action=maybe_recompile pc=0x00000000068d98fc method=com.sun.org.apache.xerces.internal.dom.ElementImpl.getAttributes()Lorg/w3c/dom/NamedNodeMap; @ 8
Event: 2413.890 Thread 0x0000000020db1800 Uncommon trap: reason=bimorphic action=maybe_recompile pc=0x00000000068d98fc method=com.sun.org.apache.xerces.internal.dom.ElementImpl.getAttributes()Lorg/w3c/dom/NamedNodeMap; @ 8
Event: 2413.890 Thread 0x0000000020db1800 Uncommon trap: reason=bimorphic action=maybe_recompile pc=0x00000000068d98fc method=com.sun.org.apache.xerces.internal.dom.ElementImpl.getAttributes()Lorg/w3c/dom/NamedNodeMap; @ 8
Event: 2413.891 Thread 0x0000000020db1800 Uncommon trap: reason=bimorphic action=maybe_recompile pc=0x00000000068d98fc method=com.sun.org.apache.xerces.internal.dom.ElementImpl.getAttributes()Lorg/w3c/dom/NamedNodeMap; @ 8
Event: 2413.960 Thread 0x0000000020db1800 Uncommon trap: reason=bimorphic action=maybe_recompile pc=0x0000000005222be0 method=com.sun.org.apache.xerces.internal.dom.CoreDocumentImpl.isKidOK(Lorg/w3c/dom/Node;Lorg/w3c/dom/Node;)Z @ 39
Event: 2414.002 Thread 0x0000000020db1800 Uncommon trap: reason=null_check action=make_not_entrant pc=0x000000000509b11c method=com.sun.org.apache.xerces.internal.dom.NamedNodeMapImpl.findNamePoint(Ljava/lang/String;Ljava/lang/String;)I @ 105

Classes redefined (0 events):
No events

Internal exceptions (10 events):
Event: 2214.784 Thread 0x0000000020dba800 Exception <a 'sun/nio/fs/WindowsException'> (0x00000000ddb60f38) thrown at [C:\src\AOSP-openjdk-git\hotspot\src\share\vm\prims\jni.cpp, line 710]
Event: 2214.784 Thread 0x0000000020dba800 Exception <a 'sun/nio/fs/WindowsException'> (0x00000000ddb61bf8) thrown at [C:\src\AOSP-openjdk-git\hotspot\src\share\vm\prims\jni.cpp, line 710]
Event: 2214.785 Thread 0x0000000020dba800 Exception <a 'sun/nio/fs/WindowsException'> (0x00000000ddb67a60) thrown at [C:\src\AOSP-openjdk-git\hotspot\src\share\vm\prims\jni.cpp, line 710]
Event: 2214.785 Thread 0x0000000020dba800 Exception <a 'sun/nio/fs/WindowsException'> (0x00000000ddb686d8) thrown at [C:\src\AOSP-openjdk-git\hotspot\src\share\vm\prims\jni.cpp, line 710]
Event: 2214.785 Thread 0x0000000020dba800 Exception <a 'sun/nio/fs/WindowsException'> (0x00000000ddb693d8) thrown at [C:\src\AOSP-openjdk-git\hotspot\src\share\vm\prims\jni.cpp, line 710]
Event: 2214.785 Thread 0x0000000020dba800 Exception <a 'sun/nio/fs/WindowsException'> (0x00000000ddb6b178) thrown at [C:\src\AOSP-openjdk-git\hotspot\src\share\vm\prims\jni.cpp, line 710]
Event: 2214.785 Thread 0x0000000020dba800 Exception <a 'sun/nio/fs/WindowsException'> (0x00000000ddb6be00) thrown at [C:\src\AOSP-openjdk-git\hotspot\src\share\vm\prims\jni.cpp, line 710]
Event: 2214.785 Thread 0x0000000020dba800 Exception <a 'sun/nio/fs/WindowsException'> (0x00000000ddb6cb10) thrown at [C:\src\AOSP-openjdk-git\hotspot\src\share\vm\prims\jni.cpp, line 710]
Event: 2215.132 Thread 0x0000000020daf000 Exception <a 'sun/nio/fs/WindowsException'> (0x00000000de8badb8) thrown at [C:\src\AOSP-openjdk-git\hotspot\src\share\vm\prims\jni.cpp, line 710]
Event: 2414.002 Thread 0x0000000020db1800 Implicit null exception at 0x000000000509a885 to 0x000000000509b0f2

Events (10 events):
Event: 2414.079 Thread 0x0000000020daf000 Thread added: 0x0000000020daf000
Event: 2414.081 Executing VM operation: RevokeBias
Event: 2414.083 Executing VM operation: RevokeBias done
Event: 2414.085 Thread 0x0000000020db2000 Thread added: 0x0000000020db2000
Event: 2414.085 Thread 0x0000000020dad800 Thread added: 0x0000000020dad800
Event: 2414.139 Executing VM operation: RevokeBias
Event: 2414.139 Executing VM operation: RevokeBias done
Event: 2414.293 Thread 0x0000000020db4000 Thread added: 0x0000000020db4000
Event: 2414.299 Executing VM operation: RevokeBias
Event: 2414.300 Executing VM operation: RevokeBias done


Dynamic libraries:
0x00007ff789ca0000 - 0x00007ff789cd1000 	C:\Program Files\Android\Android Studio\jre\bin\java.exe
0x00007ffbdcf40000 - 0x00007ffbdd130000 	C:\Windows\SYSTEM32\ntdll.dll
0x00007ffbdc330000 - 0x00007ffbdc3e2000 	C:\Windows\System32\KERNEL32.DLL
0x00007ffbda970000 - 0x00007ffbdac15000 	C:\Windows\System32\KERNELBASE.dll
0x00007ffbdb060000 - 0x00007ffbdb103000 	C:\Windows\System32\ADVAPI32.dll
0x00007ffbdb110000 - 0x00007ffbdb1ae000 	C:\Windows\System32\msvcrt.dll
0x00007ffbdc1f0000 - 0x00007ffbdc287000 	C:\Windows\System32\sechost.dll
0x00007ffbdc3f0000 - 0x00007ffbdc510000 	C:\Windows\System32\RPCRT4.dll
0x00007ffbdbb40000 - 0x00007ffbdbcd4000 	C:\Windows\System32\USER32.dll
0x00007ffbda8c0000 - 0x00007ffbda8e1000 	C:\Windows\System32\win32u.dll
0x00007ffbdc300000 - 0x00007ffbdc326000 	C:\Windows\System32\GDI32.dll
0x00007ffbdacd0000 - 0x00007ffbdae66000 	C:\Windows\System32\gdi32full.dll
0x00007ffbda7a0000 - 0x00007ffbda83e000 	C:\Windows\System32\msvcp_win.dll
0x00007ffbdae70000 - 0x00007ffbdaf6a000 	C:\Windows\System32\ucrtbase.dll
0x00007ffbc5bd0000 - 0x00007ffbc5e54000 	C:\Windows\WinSxS\amd64_microsoft.windows.common-controls_6595b64144ccf1df_6.0.18362.1198_none_9e820b57e45ad92f\COMCTL32.dll
0x00007ffbdc510000 - 0x00007ffbdc845000 	C:\Windows\System32\combase.dll
0x00007ffbdaf70000 - 0x00007ffbdaff0000 	C:\Windows\System32\bcryptPrimitives.dll
0x00007ffbdc980000 - 0x00007ffbdc9ae000 	C:\Windows\System32\IMM32.DLL
0x00000000639a0000 - 0x0000000063a72000 	C:\Program Files\Android\Android Studio\jre\jre\bin\msvcr100.dll
0x0000000062fb0000 - 0x00000000637fb000 	C:\Program Files\Android\Android Studio\jre\jre\bin\server\jvm.dll
0x00007ffbdc1d0000 - 0x00007ffbdc1d8000 	C:\Windows\System32\PSAPI.DLL
0x00007ffbd50b0000 - 0x00007ffbd50b9000 	C:\Windows\SYSTEM32\WSOCK32.dll
0x00007ffbdb8a0000 - 0x00007ffbdb90f000 	C:\Windows\System32\WS2_32.dll
0x00007ffbd60f0000 - 0x00007ffbd6114000 	C:\Windows\SYSTEM32\WINMM.dll
0x00007ffbcae20000 - 0x00007ffbcae2a000 	C:\Windows\SYSTEM32\VERSION.dll
0x00007ffbd5ad0000 - 0x00007ffbd5afd000 	C:\Windows\SYSTEM32\WINMMBASE.dll
0x00007ffbda840000 - 0x00007ffbda88a000 	C:\Windows\System32\cfgmgr32.dll
0x00007ffbb7470000 - 0x00007ffbb747f000 	C:\Program Files\Android\Android Studio\jre\jre\bin\verify.dll
0x00007ffbb7440000 - 0x00007ffbb7469000 	C:\Program Files\Android\Android Studio\jre\jre\bin\java.dll
0x00007ffbb73d0000 - 0x00007ffbb73e6000 	C:\Program Files\Android\Android Studio\jre\jre\bin\zip.dll
0x00007ffbdb1b0000 - 0x00007ffbdb897000 	C:\Windows\System32\SHELL32.dll
0x00007ffbdc8b0000 - 0x00007ffbdc959000 	C:\Windows\System32\shcore.dll
0x00007ffbda010000 - 0x00007ffbda791000 	C:\Windows\System32\windows.storage.dll
0x00007ffbd9e00000 - 0x00007ffbd9e23000 	C:\Windows\System32\profapi.dll
0x00007ffbd9e50000 - 0x00007ffbd9e9a000 	C:\Windows\System32\powrprof.dll
0x00007ffbd9df0000 - 0x00007ffbd9e00000 	C:\Windows\System32\UMPDC.dll
0x00007ffbdc850000 - 0x00007ffbdc8a2000 	C:\Windows\System32\shlwapi.dll
0x00007ffbd9e30000 - 0x00007ffbd9e41000 	C:\Windows\System32\kernel.appcore.dll
0x00007ffbda8f0000 - 0x00007ffbda907000 	C:\Windows\System32\cryptsp.dll
0x00007ffbb6fc0000 - 0x00007ffbb6fda000 	C:\Program Files\Android\Android Studio\jre\jre\bin\net.dll
0x00007ffbd9640000 - 0x00007ffbd96a7000 	C:\Windows\system32\mswsock.dll
0x00007ffbb6fa0000 - 0x00007ffbb6fb3000 	C:\Program Files\Android\Android Studio\jre\jre\bin\nio.dll
0x00007ffbc0b40000 - 0x00007ffbc0b66000 	C:\Users\Le Duyen\.gradle\native\31\windows-amd64\native-platform.dll
0x00007ffbb6f90000 - 0x00007ffbb6f9d000 	C:\Program Files\Android\Android Studio\jre\jre\bin\management.dll
0x00007ffbd91b0000 - 0x00007ffbd91e3000 	C:\Windows\system32\rsaenh.dll
0x00007ffbda890000 - 0x00007ffbda8b6000 	C:\Windows\System32\bcrypt.dll
0x00007ffbd9d10000 - 0x00007ffbd9d35000 	C:\Windows\SYSTEM32\USERENV.dll
0x00007ffbd9810000 - 0x00007ffbd981c000 	C:\Windows\SYSTEM32\CRYPTBASE.dll
0x00007ffbd9350000 - 0x00007ffbd938a000 	C:\Windows\SYSTEM32\IPHLPAPI.DLL
0x00007ffbdc290000 - 0x00007ffbdc298000 	C:\Windows\System32\NSI.dll
0x00007ffbd3410000 - 0x00007ffbd3426000 	C:\Windows\SYSTEM32\dhcpcsvc6.DLL
0x00007ffbd31d0000 - 0x00007ffbd31ec000 	C:\Windows\SYSTEM32\dhcpcsvc.DLL
0x00007ffbd9390000 - 0x00007ffbd945b000 	C:\Windows\SYSTEM32\DNSAPI.dll

VM Arguments:
jvm_args: -Xmx2048m -Dfile.encoding=windows-1252 -Duser.country=US -Duser.language=en -Duser.variant 
java_command: org.gradle.launcher.daemon.bootstrap.GradleDaemon 6.1.1
java_class_path (initial): C:\Users\Le Duyen\.gradle\wrapper\dists\gradle-6.1.1-all\cfmwm155h49vnt3hynmlrsdst\gradle-6.1.1\lib\gradle-launcher-6.1.1.jar
Launcher Type: SUN_STANDARD

Environment Variables:
PATH=C:\Windows;C:\Windows\System32\Wbem;C:\Windows\System32\WindowsPowerShell\v1.0\;C:\Windows\System32\OpenSSH\;C:\Program Files\Microsoft VS Code\bin;C:\Program Files\Microsoft SQL Server\120\Tools\Binn\;C:\Program Files\Microsoft SQL Server\130\Tools\Binn\;c:\Program Files\Microsoft SQL Server\110\Tools\Binn\;c:\Program Files (x86)\Microsoft SQL Server\110\Tools\Binn\;c:\Program Files\Microsoft SQL Server\110\DTS\Binn\;c:\Program Files (x86)\Microsoft SQL Server\110\Tools\Binn\ManagementStudio\;c:\Program Files (x86)\Microsoft Visual Studio 10.0\Common7\IDE\PrivateAssemblies\;c:\Program Files (x86)\Microsoft SQL Server\110\DTS\Binn\;C:\Windows\system32\config\systemprofile\.dnx\bin;C:\Program Files\Microsoft DNX\Dnvm\;C:\flutter\bin;C:\Program Files\Git\cmd;C:\Program Files\PuTTY\;C:\Program Files\nodejs\;C:\Users\Le Duyen\AppData\Local\Microsoft\WindowsApps;C:\flutter\bin;C:\Windows\System32;C:\Program Files\Git\cmd;C:\Users\Le Duyen\AppData\Roaming\npm
USERNAME=Le Duyen
OS=Windows_NT
PROCESSOR_IDENTIFIER=Intel64 Family 6 Model 69 Stepping 1, GenuineIntel



---------------  S Y S T E M  ---------------

OS: Windows 10.0 , 64 bit Build 18362 (10.0.18362.1110)

CPU:total 4 (initial active 4) (2 cores per cpu, 2 threads per core) family 6 model 69 stepping 1, cmov, cx8, fxsr, mmx, sse, sse2, sse3, ssse3, sse4.1, sse4.2, popcnt, avx, avx2, aes, clmul, erms, lzcnt, ht, tsc, tscinvbit, bmi1, bmi2

Memory: 4k page, physical 8079644k(317908k free), swap 8079644k(5416k free)

vm_info: OpenJDK 64-Bit Server VM (25.242-b01) for windows-amd64 JRE (1.8.0_242-release-1644-b01), built by "builder" with MS VC++ 10.0 (VS2010)

time: Sun Dec 06 13:48:52 2020
timezone: SE Asia Standard Time
elapsed time: 2414 seconds (0d 0h 40m 14s)

