#
# There is insufficient memory for the Java Runtime Environment to continue.
# Native memory allocation (malloc) failed to allocate 1088656 bytes for Chunk::new
# Possible reasons:
#   The system is out of physical RAM or swap space
#   The process is running with CompressedOops enabled, and the Java Heap may be blocking the growth of the native heap
# Possible solutions:
#   Reduce memory load on the system
#   Increase physical memory or swap space
#   Check if swap backing store is full
#   Decrease Java heap size (-Xmx/-Xms)
#   Decrease number of Java threads
#   Decrease Java thread stack sizes (-Xss)
#   Set larger code cache with -XX:ReservedCodeCacheSize=
#   JVM is running with Unscaled Compressed Oops mode in which the Java heap is
#     placed in the first 4GB address space. The Java Heap base address is the
#     maximum limit for the native heap growth. Please use -XX:HeapBaseMinAddress
#     to set the Java Heap base and to place the Java Heap above 4GB virtual address.
# This output file may be truncated or incomplete.
#
#  Out of Memory Error (allocation.cpp:389), pid=5640, tid=0x0000000000001910
#
# JRE version: OpenJDK Runtime Environment (8.0_242-b01) (build 1.8.0_242-release-1644-b01)
# Java VM: OpenJDK 64-Bit Server VM (25.242-b01 mixed mode windows-amd64 compressed oops)
# Failed to write core dump. Minidumps are not enabled by default on client versions of Windows
#

---------------  T H R E A D  ---------------

Current thread (0x0000000017f70800):  JavaThread "C2 CompilerThread1" daemon [_thread_in_native, id=6416, stack(0x00000000196b0000,0x00000000197b0000)]

Stack: [0x00000000196b0000,0x00000000197b0000]
[error occurred during error reporting (printing stack bounds), id 0xc0000005]

Native frames: (J=compiled Java code, j=interpreted, Vv=VM code, C=native code)


Current CompileTask:
C2:  19566 8071       4       com.android.utils.XmlUtils::append (639 bytes)


---------------  P R O C E S S  ---------------

Java Threads: ( => current thread )
  0x000000001bcf8000 JavaThread "MarlinRenderer Disposer" daemon [_thread_blocked, id=3328, stack(0x0000000026470000,0x0000000026570000)]
  0x000000001bcf7800 JavaThread "Java2D Disposer" daemon [_thread_blocked, id=10148, stack(0x0000000026370000,0x0000000026470000)]
  0x000000001bcf6800 JavaThread "WorkerExecutor Queue Thread 4" [_thread_blocked, id=8648, stack(0x0000000026070000,0x0000000026170000)]
  0x000000001bcf6000 JavaThread "WorkerExecutor Queue Thread 3" [_thread_blocked, id=2516, stack(0x0000000025f70000,0x0000000026070000)]
  0x000000001f48f000 JavaThread "WorkerExecutor Queue Thread 2" [_thread_blocked, id=9424, stack(0x0000000025e70000,0x0000000025f70000)]
  0x000000001f48e800 JavaThread "WorkerExecutor Queue" [_thread_blocked, id=1168, stack(0x0000000024910000,0x0000000024a10000)]
  0x000000001f48d000 JavaThread "Cache worker for execution history cache (C:\Android\Projects\baiTap\.gradle\6.1.1\executionHistory)" [_thread_blocked, id=7512, stack(0x00000000245b0000,0x00000000246b0000)]
  0x000000001f48b800 JavaThread "Execution worker for ':' Thread 3" [_thread_blocked, id=4228, stack(0x00000000244b0000,0x00000000245b0000)]
  0x000000001f484000 JavaThread "Execution worker for ':' Thread 2" [_thread_blocked, id=556, stack(0x00000000243b0000,0x00000000244b0000)]
  0x000000001f48a800 JavaThread "Execution worker for ':'" [_thread_blocked, id=5380, stack(0x00000000242b0000,0x00000000243b0000)]
  0x000000001f483000 JavaThread "Cache worker for file content cache (C:\Android\Projects\baiTap\.gradle\6.1.1\fileContent)" [_thread_blocked, id=120, stack(0x0000000023d10000,0x0000000023e10000)]
  0x000000001f48a000 JavaThread "Cache worker for file content cache (C:\Users\Le Duyen\.gradle\caches\6.1.1\fileContent)" [_thread_blocked, id=5520, stack(0x0000000023c10000,0x0000000023d10000)]
  0x000000001f489000 JavaThread "Memory manager" [_thread_blocked, id=1812, stack(0x0000000023020000,0x0000000023120000)]
  0x000000001f481000 JavaThread "Cache worker for Build Output Cleanup Cache (C:\Android\Projects\baiTap\.gradle\buildOutputCleanup)" [_thread_blocked, id=7900, stack(0x0000000022f20000,0x0000000023020000)]
  0x000000001f480000 JavaThread "Build operations Thread 4" [_thread_blocked, id=9392, stack(0x0000000022a20000,0x0000000022b20000)]
  0x000000001f487000 JavaThread "Build operations Thread 3" [_thread_blocked, id=3652, stack(0x0000000022920000,0x0000000022a20000)]
  0x000000001f484800 JavaThread "Build operations Thread 2" [_thread_blocked, id=4944, stack(0x0000000022820000,0x0000000022920000)]
  0x000000001f481800 JavaThread "Build operations" [_thread_blocked, id=5928, stack(0x0000000022440000,0x0000000022540000)]
  0x000000001bc86800 JavaThread "Cache worker for execution history cache (C:\Users\Le Duyen\.gradle\caches\6.1.1\executionHistory)" [_thread_blocked, id=9732, stack(0x00000000216a0000,0x00000000217a0000)]
  0x000000001bc88000 JavaThread "Cache worker for cache directory md-rule (C:\Users\Le Duyen\.gradle\caches\6.1.1\md-rule)" [_thread_blocked, id=9168, stack(0x0000000020370000,0x0000000020470000)]
  0x000000001bc8a000 JavaThread "Cache worker for cache directory md-supplier (C:\Users\Le Duyen\.gradle\caches\6.1.1\md-supplier)" [_thread_blocked, id=2216, stack(0x0000000020270000,0x0000000020370000)]
  0x000000001bc89800 JavaThread "Cache worker for file hash cache (C:\Android\Projects\baiTap\.gradle\6.1.1\fileHashes)" [_thread_blocked, id=9024, stack(0x00000000205d0000,0x00000000206d0000)]
  0x000000001bc85800 JavaThread "Cache worker for checksums cache (C:\Android\Projects\baiTap\.gradle\checksums)" [_thread_blocked, id=936, stack(0x00000000204d0000,0x00000000205d0000)]
  0x000000001bc8c800 JavaThread "Cache worker for file hash cache (C:\Users\Le Duyen\.gradle\caches\6.1.1\fileHashes)" [_thread_blocked, id=3544, stack(0x000000001dcd0000,0x000000001ddd0000)]
  0x000000001bc8b000 JavaThread "File lock request listener" [_thread_in_native, id=6752, stack(0x000000001dbd0000,0x000000001dcd0000)]
  0x000000001ba54800 JavaThread "Cache worker for journal cache (C:\Users\Le Duyen\.gradle\caches\journal-1)" [_thread_blocked, id=4344, stack(0x000000001dad0000,0x000000001dbd0000)]
  0x000000001a831000 JavaThread "Thread-9" [_thread_blocked, id=5616, stack(0x000000001d7d0000,0x000000001d8d0000)]
  0x000000001a82e000 JavaThread "Stdin handler" [_thread_blocked, id=4264, stack(0x000000001d6d0000,0x000000001d7d0000)]
  0x000000001a82b800 JavaThread "Asynchronous log dispatcher for DefaultDaemonConnection: socket connection from /127.0.0.1:58622 to /127.0.0.1:58623" [_thread_blocked, id=6784, stack(0x000000001d5d0000,0x000000001d6d0000)]
  0x000000001b990800 JavaThread "Daemon worker" [_thread_in_Java, id=10228, stack(0x000000001d4d0000,0x000000001d5d0000)]
  0x000000001b58f000 JavaThread "Cancel handler" [_thread_blocked, id=4940, stack(0x000000001d3d0000,0x000000001d4d0000)]
  0x000000001b487000 JavaThread "Handler for socket connection from /127.0.0.1:58622 to /127.0.0.1:58623" [_thread_in_native, id=3228, stack(0x000000001d0d0000,0x000000001d1d0000)]
  0x000000001b8f7000 JavaThread "Daemon" [_thread_blocked, id=9512, stack(0x000000001cfd0000,0x000000001d0d0000)]
  0x000000001b94f800 JavaThread "Daemon periodic checks" [_thread_blocked, id=6160, stack(0x000000001ced0000,0x000000001cfd0000)]
  0x0000000019fc5800 JavaThread "Incoming local TCP Connector on port 58622" [_thread_in_native, id=2684, stack(0x000000001cc90000,0x000000001cd90000)]
  0x000000001997c800 JavaThread "Daemon health stats" [_thread_blocked, id=4332, stack(0x000000001c650000,0x000000001c750000)]
  0x00000000198e0800 JavaThread "Service Thread" daemon [_thread_blocked, id=6072, stack(0x0000000019cb0000,0x0000000019db0000)]
  0x0000000017f76800 JavaThread "C1 CompilerThread2" daemon [_thread_in_native, id=8668, stack(0x00000000197b0000,0x00000000198b0000)]
=>0x0000000017f70800 JavaThread "C2 CompilerThread1" daemon [_thread_in_native, id=6416, stack(0x00000000196b0000,0x00000000197b0000)]
  0x0000000017f63800 JavaThread "C2 CompilerThread0" daemon [_thread_in_native, id=4544, stack(0x00000000195b0000,0x00000000196b0000)]
  0x0000000017f62000 JavaThread "Attach Listener" daemon [_thread_blocked, id=6260, stack(0x00000000194b0000,0x00000000195b0000)]
  0x0000000017f61000 JavaThread "Signal Dispatcher" daemon [_thread_blocked, id=2124, stack(0x00000000193b0000,0x00000000194b0000)]
  0x000000000333b800 JavaThread "Finalizer" daemon [_thread_blocked, id=1308, stack(0x00000000191b0000,0x00000000192b0000)]
  0x0000000017f49000 JavaThread "Reference Handler" daemon [_thread_blocked, id=8104, stack(0x00000000190b0000,0x00000000191b0000)]
  0x000000000303e800 JavaThread "main" [_thread_blocked, id=4908, stack(0x0000000003140000,0x0000000003240000)]

Other Threads:
  0x0000000017f26800 VMThread [stack: 0x0000000018fb0000,0x00000000190b0000] [id=2320]
  0x0000000017fbc000 WatcherThread [stack: 0x0000000019db0000,0x0000000019eb0000] [id=8548]

VM state:not at safepoint (normal execution)

VM Mutex/Monitor currently owned by a thread: None

heap address: 0x0000000080000000, size: 2048 MB, Compressed Oops mode: 32-bit
Narrow klass base: 0x0000000000000000, Narrow klass shift: 3
Compressed class space size: 1073741824 Address: 0x0000000100000000

Heap:
 PSYoungGen      total 366592K, used 225613K [0x00000000d5580000, 0x00000000ee700000, 0x0000000100000000)
  eden space 343552K, 65% used [0x00000000d5580000,0x00000000e31d3430,0x00000000ea500000)
  from space 23040K, 0% used [0x00000000ea500000,0x00000000ea500000,0x00000000ebb80000)
  to   space 14336K, 0% used [0x00000000ebb80000,0x00000000ebb80000,0x00000000ec980000)
 ParOldGen       total 126464K, used 29359K [0x0000000080000000, 0x0000000087b80000, 0x00000000d5580000)
  object space 126464K, 23% used [0x0000000080000000,0x0000000081cabf30,0x0000000087b80000)
 Metaspace       used 65366K, capacity 68000K, committed 68136K, reserved 1107968K
  class space    used 8872K, capacity 9457K, committed 9520K, reserved 1048576K

Card table byte_map: [0x0000000012700000,0x0000000012b10000] byte_map_base: 0x0000000012300000

Marking Bits: (ParMarkBitMap*) 0x0000000073a1f030
 Begin Bits: [0x00000000131c0000, 0x00000000151c0000)
 End Bits:   [0x00000000151c0000, 0x00000000171c0000)

Polling page: 0x00000000013a0000

CodeCache: size=245760Kb used=24100Kb max_used=24100Kb free=221659Kb
 bounds [0x0000000003340000, 0x0000000004af0000, 0x0000000012340000]
 total_blobs=8243 nmethods=7335 adapters=821
 compilation: enabled

Compilation events (10 events):
Event: 19.477 Thread 0x0000000017f76800 nmethod 8261 0x0000000004ace990 code [0x0000000004aceae0, 0x0000000004acebf0]
Event: 19.484 Thread 0x0000000017f76800 8263       2       com.android.ide.common.resources.DataFile::getItems (10 bytes)
Event: 19.484 Thread 0x0000000017f76800 nmethod 8263 0x0000000004ace610 code [0x0000000004ace780, 0x0000000004ace908]
Event: 19.512 Thread 0x0000000017f76800 8265 %     3       com.android.utils.XmlUtils::toXmlAttributeValue @ 7 (89 bytes)
Event: 19.513 Thread 0x0000000017f76800 nmethod 8265% 0x0000000004acd190 code [0x0000000004acd3a0, 0x0000000004ace068]
Event: 19.513 Thread 0x0000000017f76800 8266       3       com.android.utils.XmlUtils::toXmlAttributeValue (89 bytes)
Event: 19.513 Thread 0x0000000017f76800 nmethod 8266 0x0000000004acbd50 code [0x0000000004acbf60, 0x0000000004accbe8]
Event: 19.560 Thread 0x0000000017f76800 8268       3       sun.nio.cs.UTF_8$Encoder::encodeArrayLoop (489 bytes)
Event: 19.564 Thread 0x0000000017f76800 nmethod 8268 0x0000000004ad37d0 code [0x0000000004ad3d40, 0x0000000004ad73a8]
Event: 19.564 Thread 0x0000000017f76800 8269 %     3       sun.nio.cs.UTF_8$Encoder::encodeArrayLoop @ 109 (489 bytes)

GC Heap History (10 events):
Event: 7.663 GC heap before
{Heap before GC invocations=8 (full 1):
 PSYoungGen      total 221696K, used 66496K [0x00000000d5580000, 0x00000000e6580000, 0x0000000100000000)
  eden space 209408K, 25% used [0x00000000d5580000,0x00000000d8a70998,0x00000000e2200000)
  from space 12288K, 99% used [0x00000000e5980000,0x00000000e657f7a8,0x00000000e6580000)
  to   space 14848K, 0% used [0x00000000e4880000,0x00000000e4880000,0x00000000e5700000)
 ParOldGen       total 57344K, used 8362K [0x0000000080000000, 0x0000000083800000, 0x00000000d5580000)
  object space 57344K, 14% used [0x0000000080000000,0x000000008082a970,0x0000000083800000)
 Metaspace       used 34593K, capacity 35414K, committed 35496K, reserved 1079296K
  class space    used 4748K, capacity 4972K, committed 5040K, reserved 1048576K
Event: 7.687 GC heap after
Heap after GC invocations=8 (full 1):
 PSYoungGen      total 263680K, used 9034K [0x00000000d5580000, 0x00000000ec980000, 0x0000000100000000)
  eden space 248832K, 0% used [0x00000000d5580000,0x00000000d5580000,0x00000000e4880000)
  from space 14848K, 60% used [0x00000000e4880000,0x00000000e5152b68,0x00000000e5700000)
  to   space 14336K, 0% used [0x00000000ebb80000,0x00000000ebb80000,0x00000000ec980000)
 ParOldGen       total 57344K, used 8370K [0x0000000080000000, 0x0000000083800000, 0x00000000d5580000)
  object space 57344K, 14% used [0x0000000080000000,0x000000008082c970,0x0000000083800000)
 Metaspace       used 34593K, capacity 35414K, committed 35496K, reserved 1079296K
  class space    used 4748K, capacity 4972K, committed 5040K, reserved 1048576K
}
Event: 7.687 GC heap before
{Heap before GC invocations=9 (full 2):
 PSYoungGen      total 263680K, used 9034K [0x00000000d5580000, 0x00000000ec980000, 0x0000000100000000)
  eden space 248832K, 0% used [0x00000000d5580000,0x00000000d5580000,0x00000000e4880000)
  from space 14848K, 60% used [0x00000000e4880000,0x00000000e5152b68,0x00000000e5700000)
  to   space 14336K, 0% used [0x00000000ebb80000,0x00000000ebb80000,0x00000000ec980000)
 ParOldGen       total 57344K, used 8370K [0x0000000080000000, 0x0000000083800000, 0x00000000d5580000)
  object space 57344K, 14% used [0x0000000080000000,0x000000008082c970,0x0000000083800000)
 Metaspace       used 34593K, capacity 35414K, committed 35496K, reserved 1079296K
  class space    used 4748K, capacity 4972K, committed 5040K, reserved 1048576K
Event: 7.801 GC heap after
Heap after GC invocations=9 (full 2):
 PSYoungGen      total 263680K, used 0K [0x00000000d5580000, 0x00000000ec980000, 0x0000000100000000)
  eden space 248832K, 0% used [0x00000000d5580000,0x00000000d5580000,0x00000000e4880000)
  from space 14848K, 0% used [0x00000000e4880000,0x00000000e4880000,0x00000000e5700000)
  to   space 14336K, 0% used [0x00000000ebb80000,0x00000000ebb80000,0x00000000ec980000)
 ParOldGen       total 88064K, used 15554K [0x0000000080000000, 0x0000000085600000, 0x00000000d5580000)
  object space 88064K, 17% used [0x0000000080000000,0x0000000080f30af0,0x0000000085600000)
 Metaspace       used 34593K, capacity 35414K, committed 35496K, reserved 1079296K
  class space    used 4748K, capacity 4972K, committed 5040K, reserved 1048576K
}
Event: 13.333 GC heap before
{Heap before GC invocations=10 (full 2):
 PSYoungGen      total 263680K, used 248832K [0x00000000d5580000, 0x00000000ec980000, 0x0000000100000000)
  eden space 248832K, 100% used [0x00000000d5580000,0x00000000e4880000,0x00000000e4880000)
  from space 14848K, 0% used [0x00000000e4880000,0x00000000e4880000,0x00000000e5700000)
  to   space 14336K, 0% used [0x00000000ebb80000,0x00000000ebb80000,0x00000000ec980000)
 ParOldGen       total 88064K, used 15554K [0x0000000080000000, 0x0000000085600000, 0x00000000d5580000)
  object space 88064K, 17% used [0x0000000080000000,0x0000000080f30af0,0x0000000085600000)
 Metaspace       used 55141K, capacity 57134K, committed 57256K, reserved 1097728K
  class space    used 7530K, capacity 8010K, committed 8112K, reserved 1048576K
Event: 13.452 GC heap after
Heap after GC invocations=10 (full 2):
 PSYoungGen      total 357888K, used 14332K [0x00000000d5580000, 0x00000000ee700000, 0x0000000100000000)
  eden space 343552K, 0% used [0x00000000d5580000,0x00000000d5580000,0x00000000ea500000)
  from space 14336K, 99% used [0x00000000ebb80000,0x00000000ec97f320,0x00000000ec980000)
  to   space 23040K, 0% used [0x00000000ea500000,0x00000000ea500000,0x00000000ebb80000)
 ParOldGen       total 88064K, used 30173K [0x0000000080000000, 0x0000000085600000, 0x00000000d5580000)
  object space 88064K, 34% used [0x0000000080000000,0x0000000081d77668,0x0000000085600000)
 Metaspace       used 55141K, capacity 57134K, committed 57256K, reserved 1097728K
  class space    used 7530K, capacity 8010K, committed 8112K, reserved 1048576K
}
Event: 13.926 GC heap before
{Heap before GC invocations=11 (full 2):
 PSYoungGen      total 357888K, used 37951K [0x00000000d5580000, 0x00000000ee700000, 0x0000000100000000)
  eden space 343552K, 6% used [0x00000000d5580000,0x00000000d6c909f0,0x00000000ea500000)
  from space 14336K, 99% used [0x00000000ebb80000,0x00000000ec97f320,0x00000000ec980000)
  to   space 23040K, 0% used [0x00000000ea500000,0x00000000ea500000,0x00000000ebb80000)
 ParOldGen       total 88064K, used 30173K [0x0000000080000000, 0x0000000085600000, 0x00000000d5580000)
  object space 88064K, 34% used [0x0000000080000000,0x0000000081d77668,0x0000000085600000)
 Metaspace       used 57085K, capacity 59024K, committed 59160K, reserved 1099776K
  class space    used 7839K, capacity 8283K, committed 8368K, reserved 1048576K
Event: 13.960 GC heap after
Heap after GC invocations=11 (full 2):
 PSYoungGen      total 366592K, used 16530K [0x00000000d5580000, 0x00000000ee700000, 0x0000000100000000)
  eden space 343552K, 0% used [0x00000000d5580000,0x00000000d5580000,0x00000000ea500000)
  from space 23040K, 71% used [0x00000000ea500000,0x00000000eb524bc8,0x00000000ebb80000)
  to   space 14336K, 0% used [0x00000000ebb80000,0x00000000ebb80000,0x00000000ec980000)
 ParOldGen       total 88064K, used 30181K [0x0000000080000000, 0x0000000085600000, 0x00000000d5580000)
  object space 88064K, 34% used [0x0000000080000000,0x0000000081d79668,0x0000000085600000)
 Metaspace       used 57085K, capacity 59024K, committed 59160K, reserved 1099776K
  class space    used 7839K, capacity 8283K, committed 8368K, reserved 1048576K
}
Event: 13.961 GC heap before
{Heap before GC invocations=12 (full 3):
 PSYoungGen      total 366592K, used 16530K [0x00000000d5580000, 0x00000000ee700000, 0x0000000100000000)
  eden space 343552K, 0% used [0x00000000d5580000,0x00000000d5580000,0x00000000ea500000)
  from space 23040K, 71% used [0x00000000ea500000,0x00000000eb524bc8,0x00000000ebb80000)
  to   space 14336K, 0% used [0x00000000ebb80000,0x00000000ebb80000,0x00000000ec980000)
 ParOldGen       total 88064K, used 30181K [0x0000000080000000, 0x0000000085600000, 0x00000000d5580000)
  object space 88064K, 34% used [0x0000000080000000,0x0000000081d79668,0x0000000085600000)
 Metaspace       used 57085K, capacity 59024K, committed 59160K, reserved 1099776K
  class space    used 7839K, capacity 8283K, committed 8368K, reserved 1048576K
Event: 14.260 GC heap after
Heap after GC invocations=12 (full 3):
 PSYoungGen      total 366592K, used 0K [0x00000000d5580000, 0x00000000ee700000, 0x0000000100000000)
  eden space 343552K, 0% used [0x00000000d5580000,0x00000000d5580000,0x00000000ea500000)
  from space 23040K, 0% used [0x00000000ea500000,0x00000000ea500000,0x00000000ebb80000)
  to   space 14336K, 0% used [0x00000000ebb80000,0x00000000ebb80000,0x00000000ec980000)
 ParOldGen       total 126464K, used 29359K [0x0000000080000000, 0x0000000087b80000, 0x00000000d5580000)
  object space 126464K, 23% used [0x0000000080000000,0x0000000081cabf30,0x0000000087b80000)
 Metaspace       used 57079K, capacity 59006K, committed 59160K, reserved 1099776K
  class space    used 7838K, capacity 8280K, committed 8368K, reserved 1048576K
}

Deoptimization events (10 events):
Event: 19.430 Thread 0x000000001b990800 Uncommon trap: reason=bimorphic action=maybe_recompile pc=0x00000000048cfc8c method=com.sun.org.apache.xerces.internal.dom.ParentNode.checkNormalizationAfterInsert(Lcom/sun/org/apache/xerces/internal/dom/ChildNode;)V @ 23
Event: 19.430 Thread 0x000000001b990800 Uncommon trap: reason=bimorphic action=maybe_recompile pc=0x00000000048cfc8c method=com.sun.org.apache.xerces.internal.dom.ParentNode.checkNormalizationAfterInsert(Lcom/sun/org/apache/xerces/internal/dom/ChildNode;)V @ 23
Event: 19.430 Thread 0x000000001b990800 Uncommon trap: reason=bimorphic action=maybe_recompile pc=0x00000000048c0234 method=com.sun.org.apache.xerces.internal.dom.ParentNode.checkNormalizationAfterInsert(Lcom/sun/org/apache/xerces/internal/dom/ChildNode;)V @ 23
Event: 19.439 Thread 0x000000001b990800 Uncommon trap: reason=class_check action=maybe_recompile pc=0x0000000004a8b130 method=com.sun.org.apache.xerces.internal.dom.ElementImpl.getAttributes()Lorg/w3c/dom/NamedNodeMap; @ 8
Event: 19.463 Thread 0x000000001b990800 Uncommon trap: reason=class_check action=maybe_recompile pc=0x0000000004a8b130 method=com.sun.org.apache.xerces.internal.dom.ElementImpl.getAttributes()Lorg/w3c/dom/NamedNodeMap; @ 8
Event: 19.463 Thread 0x000000001b990800 Uncommon trap: reason=class_check action=maybe_recompile pc=0x0000000004a8b130 method=com.sun.org.apache.xerces.internal.dom.ElementImpl.getAttributes()Lorg/w3c/dom/NamedNodeMap; @ 8
Event: 19.464 Thread 0x000000001b990800 Uncommon trap: reason=class_check action=maybe_recompile pc=0x0000000004a8b130 method=com.sun.org.apache.xerces.internal.dom.ElementImpl.getAttributes()Lorg/w3c/dom/NamedNodeMap; @ 8
Event: 19.511 Thread 0x000000001b990800 Uncommon trap: reason=unstable_if action=reinterpret pc=0x0000000004923ef8 method=com.android.utils.XmlUtils.toXmlAttributeValue(Ljava/lang/String;)Ljava/lang/String; @ 33
Event: 19.560 Thread 0x000000001b990800 Uncommon trap: reason=unstable_if action=reinterpret pc=0x0000000004ab1398 method=sun.nio.cs.UTF_8$Encoder.encodeArrayLoop(Ljava/nio/CharBuffer;Ljava/nio/ByteBuffer;)Ljava/nio/charset/CoderResult; @ 175
Event: 19.561 Thread 0x000000001b990800 Uncommon trap: reason=unstable_if action=reinterpret pc=0x00000000049f3040 method=sun.nio.cs.UTF_8$Encoder.encodeArrayLoop(Ljava/nio/CharBuffer;Ljava/nio/ByteBuffer;)Ljava/nio/charset/CoderResult; @ 400

Classes redefined (0 events):
No events

Internal exceptions (10 events):
Event: 18.243 Thread 0x000000001b990800 Exception <a 'java/lang/NoSuchMethodError': <clinit>> (0x00000000e042b2f0) thrown at [C:\src\AOSP-openjdk-git\hotspot\src\share\vm\prims\jni.cpp, line 1615]
Event: 18.243 Thread 0x000000001b990800 Exception <a 'java/lang/NoSuchMethodError': <clinit>> (0x00000000e04306a8) thrown at [C:\src\AOSP-openjdk-git\hotspot\src\share\vm\prims\jni.cpp, line 1615]
Event: 18.243 Thread 0x000000001b990800 Exception <a 'java/lang/NoSuchMethodError': <clinit>> (0x00000000e04342e0) thrown at [C:\src\AOSP-openjdk-git\hotspot\src\share\vm\prims\jni.cpp, line 1615]
Event: 18.244 Thread 0x000000001b990800 Exception <a 'java/lang/NoSuchMethodError': <clinit>> (0x00000000e04507d8) thrown at [C:\src\AOSP-openjdk-git\hotspot\src\share\vm\prims\jni.cpp, line 1615]
Event: 18.245 Thread 0x000000001b990800 Exception <a 'java/lang/NoSuchMethodError': <clinit>> (0x00000000e046b1f8) thrown at [C:\src\AOSP-openjdk-git\hotspot\src\share\vm\prims\jni.cpp, line 1615]
Event: 18.247 Thread 0x000000001b990800 Exception <a 'java/lang/NoSuchMethodError': <clinit>> (0x00000000e048fea0) thrown at [C:\src\AOSP-openjdk-git\hotspot\src\share\vm\prims\jni.cpp, line 1615]
Event: 18.248 Thread 0x000000001b990800 Exception <a 'java/lang/NoSuchMethodError': <clinit>> (0x00000000e04a6a48) thrown at [C:\src\AOSP-openjdk-git\hotspot\src\share\vm\prims\jni.cpp, line 1615]
Event: 18.391 Thread 0x000000001b990800 Implicit null exception at 0x00000000048dbf97 to 0x00000000048dc2dd
Event: 18.478 Thread 0x000000001f48f000 Exception <a 'java/io/FileNotFoundException'> (0x00000000e0e3bb10) thrown at [C:\src\AOSP-openjdk-git\hotspot\src\share\vm\prims\jni.cpp, line 710]
Event: 18.526 Thread 0x000000001bcf6000 Exception <a 'java/io/FileNotFoundException'> (0x00000000e15da010) thrown at [C:\src\AOSP-openjdk-git\hotspot\src\share\vm\prims\jni.cpp, line 710]

Events (10 events):
Event: 19.464 Thread 0x000000001b990800 DEOPT UNPACKING pc=0x000000000338557b sp=0x000000001d5c8600 mode 2
Event: 19.511 Thread 0x000000001b990800 Uncommon trap: trap_request=0xffffff65 fr.pc=0x0000000004923ef8
Event: 19.511 Thread 0x000000001b990800 DEOPT PACKING pc=0x0000000004923ef8 sp=0x000000001d5c8510
Event: 19.511 Thread 0x000000001b990800 DEOPT UNPACKING pc=0x000000000338557b sp=0x000000001d5c8498 mode 2
Event: 19.560 Thread 0x000000001b990800 Uncommon trap: trap_request=0xffffff65 fr.pc=0x0000000004ab1398
Event: 19.560 Thread 0x000000001b990800 DEOPT PACKING pc=0x0000000004ab1398 sp=0x000000001d5c85b0
Event: 19.560 Thread 0x000000001b990800 DEOPT UNPACKING pc=0x000000000338557b sp=0x000000001d5c8520 mode 2
Event: 19.561 Thread 0x000000001b990800 Uncommon trap: trap_request=0xffffff65 fr.pc=0x00000000049f3040
Event: 19.561 Thread 0x000000001b990800 DEOPT PACKING pc=0x00000000049f3040 sp=0x000000001d5c8580
Event: 19.561 Thread 0x000000001b990800 DEOPT UNPACKING pc=0x000000000338557b sp=0x000000001d5c8520 mode 2


Dynamic libraries:
0x00007ff6f1de0000 - 0x00007ff6f1e11000 	C:\Program Files\Android\Android Studio\jre\bin\java.exe
0x00007fff4bbe0000 - 0x00007fff4bdd0000 	C:\Windows\SYSTEM32\ntdll.dll
0x00007fff4b5d0000 - 0x00007fff4b682000 	C:\Windows\System32\KERNEL32.DLL
0x00007fff499e0000 - 0x00007fff49c85000 	C:\Windows\System32\KERNELBASE.dll
0x00007fff4ac90000 - 0x00007fff4ad33000 	C:\Windows\System32\ADVAPI32.dll
0x00007fff4b690000 - 0x00007fff4b72e000 	C:\Windows\System32\msvcrt.dll
0x00007fff4abf0000 - 0x00007fff4ac87000 	C:\Windows\System32\sechost.dll
0x00007fff49e50000 - 0x00007fff49f70000 	C:\Windows\System32\RPCRT4.dll
0x00007fff4b200000 - 0x00007fff4b394000 	C:\Windows\System32\USER32.dll
0x00007fff48b70000 - 0x00007fff48b91000 	C:\Windows\System32\win32u.dll
0x00007fff4b0f0000 - 0x00007fff4b116000 	C:\Windows\System32\GDI32.dll
0x00007fff494c0000 - 0x00007fff49656000 	C:\Windows\System32\gdi32full.dll
0x00007fff49940000 - 0x00007fff499de000 	C:\Windows\System32\msvcp_win.dll
0x00007fff49320000 - 0x00007fff4941a000 	C:\Windows\System32\ucrtbase.dll
0x00007fff2f670000 - 0x00007fff2f8f4000 	C:\Windows\WinSxS\amd64_microsoft.windows.common-controls_6595b64144ccf1df_6.0.18362.1139_none_9e7bf2d3e4605ac6\COMCTL32.dll
0x00007fff4b860000 - 0x00007fff4bb95000 	C:\Windows\System32\combase.dll
0x00007fff49420000 - 0x00007fff494a0000 	C:\Windows\System32\bcryptPrimitives.dll
0x00007fff4b0c0000 - 0x00007fff4b0ee000 	C:\Windows\System32\IMM32.DLL
0x00000000749d0000 - 0x0000000074aa2000 	C:\Program Files\Android\Android Studio\jre\jre\bin\msvcr100.dll
0x0000000073250000 - 0x0000000073a9b000 	C:\Program Files\Android\Android Studio\jre\jre\bin\server\jvm.dll
0x00007fff49f70000 - 0x00007fff49f78000 	C:\Windows\System32\PSAPI.DLL
0x00007fff3dc80000 - 0x00007fff3dc89000 	C:\Windows\SYSTEM32\WSOCK32.dll
0x00007fff45dc0000 - 0x00007fff45de4000 	C:\Windows\SYSTEM32\WINMM.dll
0x00007fff3bc20000 - 0x00007fff3bc2a000 	C:\Windows\SYSTEM32\VERSION.dll
0x00007fff4b190000 - 0x00007fff4b1ff000 	C:\Windows\System32\ws2_32.DLL
0x00007fff45d90000 - 0x00007fff45dbd000 	C:\Windows\SYSTEM32\WINMMBASE.dll
0x00007fff498f0000 - 0x00007fff4993a000 	C:\Windows\System32\cfgmgr32.dll
0x00007fff395c0000 - 0x00007fff395cf000 	C:\Program Files\Android\Android Studio\jre\jre\bin\verify.dll
0x00007fff284b0000 - 0x00007fff284d9000 	C:\Program Files\Android\Android Studio\jre\jre\bin\java.dll
0x00007fff2ade0000 - 0x00007fff2adf6000 	C:\Program Files\Android\Android Studio\jre\jre\bin\zip.dll
0x00007fff4a500000 - 0x00007fff4abe7000 	C:\Windows\System32\SHELL32.dll
0x00007fff4a3f0000 - 0x00007fff4a499000 	C:\Windows\System32\shcore.dll
0x00007fff48ba0000 - 0x00007fff49320000 	C:\Windows\System32\windows.storage.dll
0x00007fff48ab0000 - 0x00007fff48ad3000 	C:\Windows\System32\profapi.dll
0x00007fff48b00000 - 0x00007fff48b4a000 	C:\Windows\System32\powrprof.dll
0x00007fff48aa0000 - 0x00007fff48ab0000 	C:\Windows\System32\UMPDC.dll
0x00007fff49dd0000 - 0x00007fff49e22000 	C:\Windows\System32\shlwapi.dll
0x00007fff48ae0000 - 0x00007fff48af1000 	C:\Windows\System32\kernel.appcore.dll
0x00007fff494a0000 - 0x00007fff494b7000 	C:\Windows\System32\cryptsp.dll
0x00007fff2a0d0000 - 0x00007fff2a0ea000 	C:\Program Files\Android\Android Studio\jre\jre\bin\net.dll
0x00007fff482f0000 - 0x00007fff48357000 	C:\Windows\system32\mswsock.dll
0x00007fff28350000 - 0x00007fff28363000 	C:\Program Files\Android\Android Studio\jre\jre\bin\nio.dll
0x00007fff26920000 - 0x00007fff26946000 	C:\Users\Le Duyen\.gradle\native\31\windows-amd64\native-platform.dll
0x00007fff33910000 - 0x00007fff3391d000 	C:\Program Files\Android\Android Studio\jre\jre\bin\management.dll
0x00007fff47e60000 - 0x00007fff47e93000 	C:\Windows\system32\rsaenh.dll
0x00007fff49770000 - 0x00007fff49796000 	C:\Windows\System32\bcrypt.dll
0x00007fff489c0000 - 0x00007fff489e5000 	C:\Windows\SYSTEM32\USERENV.dll
0x00007fff484c0000 - 0x00007fff484cc000 	C:\Windows\SYSTEM32\CRYPTBASE.dll
0x00007fff48000000 - 0x00007fff4803a000 	C:\Windows\SYSTEM32\IPHLPAPI.DLL
0x00007fff4b730000 - 0x00007fff4b738000 	C:\Windows\System32\NSI.dll
0x00007fff41480000 - 0x00007fff41496000 	C:\Windows\SYSTEM32\dhcpcsvc6.DLL
0x00007fff41990000 - 0x00007fff419ac000 	C:\Windows\SYSTEM32\dhcpcsvc.DLL
0x00007fff48040000 - 0x00007fff4810b000 	C:\Windows\SYSTEM32\DNSAPI.dll
0x00007fff0e0a0000 - 0x00007fff0e23c000 	C:\Program Files\Android\Android Studio\jre\jre\bin\awt.dll
0x00007fff4aff0000 - 0x00007fff4b0b5000 	C:\Windows\System32\OLEAUT32.dll
0x00007fff46ef0000 - 0x00007fff46f1d000 	C:\Windows\SYSTEM32\dwmapi.dll
0x00007fff44630000 - 0x00007fff44bf0000 	C:\Windows\SYSTEM32\d2d1.dll
0x00007fff45ec0000 - 0x00007fff45f4f000 	C:\Windows\SYSTEM32\apphelp.dll
0x00007fff46000000 - 0x00007fff46099000 	C:\Windows\system32\uxtheme.dll

VM Arguments:
jvm_args: -Xmx2048m -Dfile.encoding=windows-1252 -Duser.country=US -Duser.language=en -Duser.variant 
java_command: org.gradle.launcher.daemon.bootstrap.GradleDaemon 6.1.1
java_class_path (initial): C:\Users\Le Duyen\.gradle\wrapper\dists\gradle-6.1.1-all\cfmwm155h49vnt3hynmlrsdst\gradle-6.1.1\lib\gradle-launcher-6.1.1.jar
Launcher Type: SUN_STANDARD

Environment Variables:
PATH=C:\Windows;C:\Windows\System32\Wbem;C:\Windows\System32\WindowsPowerShell\v1.0\;C:\Windows\System32\OpenSSH\;C:\Program Files\Microsoft VS Code\bin;C:\Program Files\Microsoft SQL Server\120\Tools\Binn\;C:\Program Files\Microsoft SQL Server\130\Tools\Binn\;c:\Program Files\Microsoft SQL Server\110\Tools\Binn\;c:\Program Files (x86)\Microsoft SQL Server\110\Tools\Binn\;c:\Program Files\Microsoft SQL Server\110\DTS\Binn\;c:\Program Files (x86)\Microsoft SQL Server\110\Tools\Binn\ManagementStudio\;c:\Program Files (x86)\Microsoft Visual Studio 10.0\Common7\IDE\PrivateAssemblies\;c:\Program Files (x86)\Microsoft SQL Server\110\DTS\Binn\;C:\Windows\system32\config\systemprofile\.dnx\bin;C:\Program Files\Microsoft DNX\Dnvm\;C:\flutter\bin;C:\Program Files\Git\cmd;C:\Users\Le Duyen\AppData\Local\Microsoft\WindowsApps;C:\flutter\bin;C:\Windows\System32;C:\Program Files\Git\cmd;
USERNAME=Le Duyen
OS=Windows_NT
PROCESSOR_IDENTIFIER=Intel64 Family 6 Model 69 Stepping 1, GenuineIntel



---------------  S Y S T E M  ---------------

OS: Windows 10.0 , 64 bit Build 18362 (10.0.18362.1110)

CPU:total 4 (initial active 4) (2 cores per cpu, 2 threads per core) family 6 model 69 stepping 1, cmov, cx8, fxsr, mmx, sse, sse2, sse3, ssse3, sse4.1, sse4.2, popcnt, avx, avx2, aes, clmul, erms, lzcnt, ht, tsc, tscinvbit, bmi1, bmi2

Memory: 4k page, physical 8079644k(297492k free), swap 8079644k(5980k free)

vm_info: OpenJDK 64-Bit Server VM (25.242-b01) for windows-amd64 JRE (1.8.0_242-release-1644-b01), built by "builder" with MS VC++ 10.0 (VS2010)

time: Mon Oct 19 10:10:59 2020
timezone: SE Asia Standard Time
elapsed time: 19 seconds (0d 0h 0m 19s)

