#
# There is insufficient memory for the Java Runtime Environment to continue.
# Native memory allocation (malloc) failed to allocate 1114496 bytes for Chunk::new
# Possible reasons:
#   The system is out of physical RAM or swap space
#   The process is running with CompressedOops enabled, and the Java Heap may be blocking the growth of the native heap
# Possible solutions:
#   Reduce memory load on the system
#   Increase physical memory or swap space
#   Check if swap backing store is full
#   Decrease Java heap size (-Xmx/-Xms)
#   Decrease number of Java threads
#   Decrease Java thread stack sizes (-Xss)
#   Set larger code cache with -XX:ReservedCodeCacheSize=
#   JVM is running with Unscaled Compressed Oops mode in which the Java heap is
#     placed in the first 4GB address space. The Java Heap base address is the
#     maximum limit for the native heap growth. Please use -XX:HeapBaseMinAddress
#     to set the Java Heap base and to place the Java Heap above 4GB virtual address.
# This output file may be truncated or incomplete.
#
#  Out of Memory Error (allocation.cpp:389), pid=10088, tid=0x000000000000196c
#
# JRE version: OpenJDK Runtime Environment (8.0_242-b01) (build 1.8.0_242-release-1644-b01)
# Java VM: OpenJDK 64-Bit Server VM (25.242-b01 mixed mode windows-amd64 compressed oops)
# Failed to write core dump. Minidumps are not enabled by default on client versions of Windows
#

---------------  T H R E A D  ---------------

Current thread (0x0000000017a73800):  JavaThread "C2 CompilerThread0" daemon [_thread_in_native, id=6508, stack(0x00000000190e0000,0x00000000191e0000)]

Stack: [0x00000000190e0000,0x00000000191e0000]
[error occurred during error reporting (printing stack bounds), id 0xc0000005]

Native frames: (J=compiled Java code, j=interpreted, Vv=VM code, C=native code)


Current CompileTask:
C2:  35519 8608   !   4       java.io.ObjectInputStream::readOrdinaryObject (322 bytes)


---------------  P R O C E S S  ---------------

Java Threads: ( => current thread )
  0x000000001bb2f000 JavaThread "stdout" [_thread_in_native, id=6856, stack(0x0000000027920000,0x0000000027a20000)]
  0x000000001bb35800 JavaThread "stderr" [_thread_in_native, id=5160, stack(0x0000000027820000,0x0000000027920000)]
  0x000000001bb33800 JavaThread "stdout" [_thread_in_native, id=776, stack(0x0000000027720000,0x0000000027820000)]
  0x000000001bb32000 JavaThread "stderr" [_thread_in_native, id=6832, stack(0x0000000027620000,0x0000000027720000)]
  0x000000001bb2e000 JavaThread "stdout" [_thread_in_native, id=5116, stack(0x0000000027520000,0x0000000027620000)]
  0x000000001bb32800 JavaThread "stderr" [_thread_in_native, id=3712, stack(0x0000000027420000,0x0000000027520000)]
  0x000000001bb35000 JavaThread "stdout" [_thread_in_native, id=9740, stack(0x0000000027170000,0x0000000027270000)]
  0x000000001bb2d000 JavaThread "stderr" [_thread_in_native, id=5080, stack(0x0000000027070000,0x0000000027170000)]
  0x000000001bb30800 JavaThread "pool-2-thread-1" [_thread_blocked, id=8492, stack(0x0000000027320000,0x0000000027420000)]
  0x000000001bb34000 JavaThread "MarlinRenderer Disposer" daemon [_thread_blocked, id=9196, stack(0x0000000026d70000,0x0000000026e70000)]
  0x000000001dd62000 JavaThread "Java2D Disposer" daemon [_thread_blocked, id=8160, stack(0x0000000025c50000,0x0000000025d50000)]
  0x000000001dd68000 JavaThread "WorkerExecutor Queue Thread 4" [_thread_blocked, id=7496, stack(0x0000000025950000,0x0000000025a50000)]
  0x000000001dd65800 JavaThread "WorkerExecutor Queue Thread 3" [_thread_blocked, id=804, stack(0x0000000025850000,0x0000000025950000)]
  0x000000001dd65000 JavaThread "WorkerExecutor Queue Thread 2" [_thread_blocked, id=9588, stack(0x0000000025750000,0x0000000025850000)]
  0x000000001dd63800 JavaThread "WorkerExecutor Queue" [_thread_blocked, id=8524, stack(0x0000000025450000,0x0000000025550000)]
  0x000000001dd62800 JavaThread "Cache worker for execution history cache (C:\Android\Projects\baiTap\.gradle\6.1.1\executionHistory)" [_thread_blocked, id=9908, stack(0x0000000025350000,0x0000000025450000)]
  0x000000001da5f800 JavaThread "Execution worker for ':' Thread 3" [_thread_blocked, id=4736, stack(0x0000000025050000,0x0000000025150000)]
  0x000000001da5d000 JavaThread "Execution worker for ':' Thread 2" [_thread_blocked, id=8816, stack(0x0000000024f50000,0x0000000025050000)]
  0x000000001da5e800 JavaThread "Execution worker for ':'" [_thread_blocked, id=9716, stack(0x0000000024e50000,0x0000000024f50000)]
  0x000000001da5c800 JavaThread "Cache worker for file content cache (C:\Android\Projects\baiTap\.gradle\6.1.1\fileContent)" [_thread_blocked, id=9436, stack(0x0000000024950000,0x0000000024a50000)]
  0x000000001da5e000 JavaThread "Cache worker for file content cache (C:\Users\Le Duyen\.gradle\caches\6.1.1\fileContent)" [_thread_blocked, id=6468, stack(0x0000000024850000,0x0000000024950000)]
  0x000000001da5b800 JavaThread "Memory manager" [_thread_blocked, id=672, stack(0x0000000024750000,0x0000000024850000)]
  0x000000001da5b000 JavaThread "Cache worker for Build Output Cleanup Cache (C:\Android\Projects\baiTap\.gradle\buildOutputCleanup)" [_thread_blocked, id=6716, stack(0x0000000023c50000,0x0000000023d50000)]
  0x000000001da55800 JavaThread "Build operations Thread 4" [_thread_blocked, id=9888, stack(0x00000000222e0000,0x00000000223e0000)]
  0x000000001da55000 JavaThread "Build operations Thread 3" [_thread_blocked, id=9516, stack(0x00000000221e0000,0x00000000222e0000)]
  0x000000001da58800 JavaThread "Build operations Thread 2" [_thread_blocked, id=8452, stack(0x00000000220e0000,0x00000000221e0000)]
  0x000000001da52800 JavaThread "Build operations" [_thread_blocked, id=7992, stack(0x0000000021fe0000,0x00000000220e0000)]
  0x000000001da57000 JavaThread "Cache worker for execution history cache (C:\Users\Le Duyen\.gradle\caches\6.1.1\executionHistory)" [_thread_blocked, id=6548, stack(0x0000000021330000,0x0000000021430000)]
  0x000000001da50800 JavaThread "Cache worker for cache directory md-rule (C:\Users\Le Duyen\.gradle\caches\6.1.1\md-rule)" [_thread_blocked, id=9688, stack(0x0000000021230000,0x0000000021330000)]
  0x000000001da52000 JavaThread "Cache worker for cache directory md-supplier (C:\Users\Le Duyen\.gradle\caches\6.1.1\md-supplier)" [_thread_blocked, id=9504, stack(0x000000001fef0000,0x000000001fff0000)]
  0x000000001a66c000 JavaThread "Cache worker for file hash cache (C:\Android\Projects\baiTap\.gradle\6.1.1\fileHashes)" [_thread_blocked, id=3616, stack(0x000000001fbf0000,0x000000001fcf0000)]
  0x000000001a66e800 JavaThread "Cache worker for checksums cache (C:\Android\Projects\baiTap\.gradle\checksums)" [_thread_blocked, id=1108, stack(0x00000000214e0000,0x00000000215e0000)]
  0x000000001a66b800 JavaThread "Cache worker for file hash cache (C:\Users\Le Duyen\.gradle\caches\6.1.1\fileHashes)" [_thread_blocked, id=7824, stack(0x000000001d850000,0x000000001d950000)]
  0x000000001a66d000 JavaThread "File lock request listener" [_thread_in_native, id=756, stack(0x000000001d750000,0x000000001d850000)]
  0x000000001a66d800 JavaThread "Cache worker for journal cache (C:\Users\Le Duyen\.gradle\caches\journal-1)" [_thread_blocked, id=6656, stack(0x000000001d650000,0x000000001d750000)]
  0x000000001b766800 JavaThread "Thread-9" [_thread_blocked, id=2460, stack(0x000000001d350000,0x000000001d450000)]
  0x000000001b066800 JavaThread "Stdin handler" [_thread_blocked, id=8888, stack(0x000000001d250000,0x000000001d350000)]
  0x000000001b066000 JavaThread "Asynchronous log dispatcher for DefaultDaemonConnection: socket connection from /127.0.0.1:58609 to /127.0.0.1:58610" [_thread_blocked, id=7752, stack(0x000000001d150000,0x000000001d250000)]
  0x000000001b769800 JavaThread "Daemon worker" [_thread_blocked, id=8352, stack(0x000000001d050000,0x000000001d150000)]
  0x000000001b769000 JavaThread "Cancel handler" [_thread_blocked, id=10008, stack(0x000000001cf50000,0x000000001d050000)]
  0x000000001b328000 JavaThread "Handler for socket connection from /127.0.0.1:58609 to /127.0.0.1:58610" [_thread_in_native, id=2948, stack(0x000000001cc50000,0x000000001cd50000)]
  0x000000001a399000 JavaThread "Daemon" [_thread_blocked, id=2440, stack(0x000000001cb50000,0x000000001cc50000)]
  0x000000001a67f000 JavaThread "Daemon periodic checks" [_thread_blocked, id=10084, stack(0x000000001ca50000,0x000000001cb50000)]
  0x000000001b6df800 JavaThread "Incoming local TCP Connector on port 58609" [_thread_in_native, id=10128, stack(0x0000000019ae0000,0x0000000019be0000)]
  0x000000001b453800 JavaThread "Daemon health stats" [_thread_blocked, id=8432, stack(0x00000000199e0000,0x0000000019ae0000)]
  0x0000000019309800 JavaThread "Service Thread" daemon [_thread_blocked, id=7004, stack(0x00000000197e0000,0x00000000198e0000)]
  0x00000000192e8800 JavaThread "C1 CompilerThread2" daemon [_thread_blocked, id=8568, stack(0x00000000196e0000,0x00000000197e0000)]
  0x0000000017a7a800 JavaThread "C2 CompilerThread1" daemon [_thread_in_native, id=9308, stack(0x00000000191e0000,0x00000000192e0000)]
=>0x0000000017a73800 JavaThread "C2 CompilerThread0" daemon [_thread_in_native, id=6508, stack(0x00000000190e0000,0x00000000191e0000)]
  0x0000000017a72000 JavaThread "Attach Listener" daemon [_thread_blocked, id=8696, stack(0x0000000018fe0000,0x00000000190e0000)]
  0x0000000017a71000 JavaThread "Signal Dispatcher" daemon [_thread_blocked, id=1272, stack(0x0000000018ee0000,0x0000000018fe0000)]
  0x0000000002e4b800 JavaThread "Finalizer" daemon [_thread_blocked, id=9428, stack(0x0000000018ce0000,0x0000000018de0000)]
  0x0000000017a59000 JavaThread "Reference Handler" daemon [_thread_blocked, id=10076, stack(0x0000000018be0000,0x0000000018ce0000)]
  0x0000000002bee800 JavaThread "main" [_thread_blocked, id=6436, stack(0x0000000002c50000,0x0000000002d50000)]

Other Threads:
  0x0000000017a36800 VMThread [stack: 0x0000000018ae0000,0x0000000018be0000] [id=660]
  0x0000000017ace800 WatcherThread [stack: 0x00000000198e0000,0x00000000199e0000] [id=8064]

VM state:not at safepoint (normal execution)

VM Mutex/Monitor currently owned by a thread: None

heap address: 0x0000000080000000, size: 2048 MB, Compressed Oops mode: 32-bit
Narrow klass base: 0x0000000000000000, Narrow klass shift: 3
Compressed class space size: 1073741824 Address: 0x0000000100000000

Heap:
 PSYoungGen      total 248320K, used 40054K [0x00000000d5580000, 0x00000000eb800000, 0x0000000100000000)
  eden space 230912K, 9% used [0x00000000d5580000,0x00000000d6ba1eb8,0x00000000e3700000)
  from space 17408K, 99% used [0x00000000e3700000,0x00000000e47fbc30,0x00000000e4800000)
  to   space 22528K, 0% used [0x00000000ea200000,0x00000000ea200000,0x00000000eb800000)
 ParOldGen       total 95232K, used 40626K [0x0000000080000000, 0x0000000085d00000, 0x00000000d5580000)
  object space 95232K, 42% used [0x0000000080000000,0x00000000827acab8,0x0000000085d00000)
 Metaspace       used 65998K, capacity 68760K, committed 69032K, reserved 1107968K
  class space    used 8943K, capacity 9527K, committed 9648K, reserved 1048576K

Card table byte_map: [0x0000000012210000,0x0000000012620000] byte_map_base: 0x0000000011e10000

Marking Bits: (ParMarkBitMap*) 0x0000000073a1f030
 Begin Bits: [0x0000000012cd0000, 0x0000000014cd0000)
 End Bits:   [0x0000000014cd0000, 0x0000000016cd0000)

Polling page: 0x0000000000f20000

CodeCache: size=245760Kb used=25598Kb max_used=25598Kb free=220161Kb
 bounds [0x0000000002e50000, 0x0000000004770000, 0x0000000011e50000]
 total_blobs=8538 nmethods=7629 adapters=822
 compilation: enabled

Compilation events (10 events):
Event: 35.383 Thread 0x00000000192e8800 8637       2       java.io.ObjectStreamClass::isEnum (9 bytes)
Event: 35.383 Thread 0x00000000192e8800 nmethod 8637 0x0000000004765d90 code [0x0000000004765f00, 0x0000000004766128]
Event: 35.385 Thread 0x00000000192e8800 8638       2       java.util.HashMap::reinitialize (36 bytes)
Event: 35.386 Thread 0x00000000192e8800 nmethod 8638 0x0000000004766250 code [0x00000000047663a0, 0x0000000004766550]
Event: 35.386 Thread 0x00000000192e8800 8639   !   2       sun.reflect.GeneratedSerializationConstructorAccessor76::newInstance (49 bytes)
Event: 35.386 Thread 0x00000000192e8800 nmethod 8639 0x00000000047665d0 code [0x0000000004766760, 0x0000000004766aa8]
Event: 35.386 Thread 0x00000000192e8800 8640       2       java.util.LinkedHashMap::reinitialize (15 bytes)
Event: 35.386 Thread 0x00000000192e8800 nmethod 8640 0x0000000004766cd0 code [0x0000000004766e40, 0x0000000004766fe8]
Event: 35.428 Thread 0x00000000192e8800 8641       2       com.google.common.collect.ImmutableList$Builder::add (34 bytes)
Event: 35.429 Thread 0x00000000192e8800 nmethod 8641 0x0000000004767090 code [0x0000000004767220, 0x00000000047674f8]

GC Heap History (10 events):
Event: 13.297 GC heap before
{Heap before GC invocations=12 (full 2):
 PSYoungGen      total 168448K, used 3424K [0x00000000d5580000, 0x00000000e2700000, 0x0000000100000000)
  eden space 155648K, 0% used [0x00000000d5580000,0x00000000d5580000,0x00000000ded80000)
  from space 12800K, 26% used [0x00000000dfa00000,0x00000000dfd58000,0x00000000e0680000)
  to   space 12800K, 0% used [0x00000000ded80000,0x00000000ded80000,0x00000000dfa00000)
 ParOldGen       total 50688K, used 11525K [0x0000000080000000, 0x0000000083180000, 0x00000000d5580000)
  object space 50688K, 22% used [0x0000000080000000,0x0000000080b417a8,0x0000000083180000)
 Metaspace       used 34600K, capacity 35442K, committed 35496K, reserved 1079296K
  class space    used 4753K, capacity 5004K, committed 5040K, reserved 1048576K
Event: 13.372 GC heap after
Heap after GC invocations=12 (full 2):
 PSYoungGen      total 168448K, used 0K [0x00000000d5580000, 0x00000000e2700000, 0x0000000100000000)
  eden space 155648K, 0% used [0x00000000d5580000,0x00000000d5580000,0x00000000ded80000)
  from space 12800K, 0% used [0x00000000dfa00000,0x00000000dfa00000,0x00000000e0680000)
  to   space 12800K, 0% used [0x00000000ded80000,0x00000000ded80000,0x00000000dfa00000)
 ParOldGen       total 62464K, used 13374K [0x0000000080000000, 0x0000000083d00000, 0x00000000d5580000)
  object space 62464K, 21% used [0x0000000080000000,0x0000000080d0f9b8,0x0000000083d00000)
 Metaspace       used 34600K, capacity 35442K, committed 35496K, reserved 1079296K
  class space    used 4753K, capacity 5004K, committed 5040K, reserved 1048576K
}
Event: 18.662 GC heap before
{Heap before GC invocations=13 (full 2):
 PSYoungGen      total 168448K, used 155648K [0x00000000d5580000, 0x00000000e2700000, 0x0000000100000000)
  eden space 155648K, 100% used [0x00000000d5580000,0x00000000ded80000,0x00000000ded80000)
  from space 12800K, 0% used [0x00000000dfa00000,0x00000000dfa00000,0x00000000e0680000)
  to   space 12800K, 0% used [0x00000000ded80000,0x00000000ded80000,0x00000000dfa00000)
 ParOldGen       total 62464K, used 13374K [0x0000000080000000, 0x0000000083d00000, 0x00000000d5580000)
  object space 62464K, 21% used [0x0000000080000000,0x0000000080d0f9b8,0x0000000083d00000)
 Metaspace       used 47217K, capacity 48660K, committed 49064K, reserved 1091584K
  class space    used 6353K, capacity 6716K, committed 6832K, reserved 1048576K
Event: 18.716 GC heap after
Heap after GC invocations=13 (full 2):
 PSYoungGen      total 168448K, used 12795K [0x00000000d5580000, 0x00000000e5a00000, 0x0000000100000000)
  eden space 155648K, 0% used [0x00000000d5580000,0x00000000d5580000,0x00000000ded80000)
  from space 12800K, 99% used [0x00000000ded80000,0x00000000df9fee48,0x00000000dfa00000)
  to   space 16384K, 0% used [0x00000000e4a00000,0x00000000e4a00000,0x00000000e5a00000)
 ParOldGen       total 62464K, used 18870K [0x0000000080000000, 0x0000000083d00000, 0x00000000d5580000)
  object space 62464K, 30% used [0x0000000080000000,0x000000008126db60,0x0000000083d00000)
 Metaspace       used 47217K, capacity 48660K, committed 49064K, reserved 1091584K
  class space    used 6353K, capacity 6716K, committed 6832K, reserved 1048576K
}
Event: 21.831 GC heap before
{Heap before GC invocations=14 (full 2):
 PSYoungGen      total 168448K, used 128164K [0x00000000d5580000, 0x00000000e5a00000, 0x0000000100000000)
  eden space 155648K, 74% used [0x00000000d5580000,0x00000000dc62a410,0x00000000ded80000)
  from space 12800K, 99% used [0x00000000ded80000,0x00000000df9fee48,0x00000000dfa00000)
  to   space 16384K, 0% used [0x00000000e4a00000,0x00000000e4a00000,0x00000000e5a00000)
 ParOldGen       total 62464K, used 18870K [0x0000000080000000, 0x0000000083d00000, 0x00000000d5580000)
  object space 62464K, 30% used [0x0000000080000000,0x000000008126db60,0x0000000083d00000)
 Metaspace       used 57135K, capacity 59074K, committed 59160K, reserved 1099776K
  class space    used 7842K, capacity 8312K, committed 8368K, reserved 1048576K
Event: 21.873 GC heap after
Heap after GC invocations=14 (full 2):
 PSYoungGen      total 246272K, used 13152K [0x00000000d5580000, 0x00000000e5900000, 0x0000000100000000)
  eden space 230912K, 0% used [0x00000000d5580000,0x00000000d5580000,0x00000000e3700000)
  from space 15360K, 85% used [0x00000000e4a00000,0x00000000e56d8140,0x00000000e5900000)
  to   space 17408K, 0% used [0x00000000e3700000,0x00000000e3700000,0x00000000e4800000)
 ParOldGen       total 62464K, used 27736K [0x0000000080000000, 0x0000000083d00000, 0x00000000d5580000)
  object space 62464K, 44% used [0x0000000080000000,0x0000000081b161b0,0x0000000083d00000)
 Metaspace       used 57135K, capacity 59074K, committed 59160K, reserved 1099776K
  class space    used 7842K, capacity 8312K, committed 8368K, reserved 1048576K
}
Event: 21.873 GC heap before
{Heap before GC invocations=15 (full 3):
 PSYoungGen      total 246272K, used 13152K [0x00000000d5580000, 0x00000000e5900000, 0x0000000100000000)
  eden space 230912K, 0% used [0x00000000d5580000,0x00000000d5580000,0x00000000e3700000)
  from space 15360K, 85% used [0x00000000e4a00000,0x00000000e56d8140,0x00000000e5900000)
  to   space 17408K, 0% used [0x00000000e3700000,0x00000000e3700000,0x00000000e4800000)
 ParOldGen       total 62464K, used 27736K [0x0000000080000000, 0x0000000083d00000, 0x00000000d5580000)
  object space 62464K, 44% used [0x0000000080000000,0x0000000081b161b0,0x0000000083d00000)
 Metaspace       used 57135K, capacity 59074K, committed 59160K, reserved 1099776K
  class space    used 7842K, capacity 8312K, committed 8368K, reserved 1048576K
Event: 22.218 GC heap after
Heap after GC invocations=15 (full 3):
 PSYoungGen      total 246272K, used 0K [0x00000000d5580000, 0x00000000e5900000, 0x0000000100000000)
  eden space 230912K, 0% used [0x00000000d5580000,0x00000000d5580000,0x00000000e3700000)
  from space 15360K, 0% used [0x00000000e4a00000,0x00000000e4a00000,0x00000000e5900000)
  to   space 17408K, 0% used [0x00000000e3700000,0x00000000e3700000,0x00000000e4800000)
 ParOldGen       total 95232K, used 33742K [0x0000000080000000, 0x0000000085d00000, 0x00000000d5580000)
  object space 95232K, 35% used [0x0000000080000000,0x00000000820f3890,0x0000000085d00000)
 Metaspace       used 57128K, capacity 59050K, committed 59160K, reserved 1099776K
  class space    used 7840K, capacity 8308K, committed 8368K, reserved 1048576K
}
Event: 34.608 GC heap before
{Heap before GC invocations=16 (full 3):
 PSYoungGen      total 246272K, used 230912K [0x00000000d5580000, 0x00000000e5900000, 0x0000000100000000)
  eden space 230912K, 100% used [0x00000000d5580000,0x00000000e3700000,0x00000000e3700000)
  from space 15360K, 0% used [0x00000000e4a00000,0x00000000e4a00000,0x00000000e5900000)
  to   space 17408K, 0% used [0x00000000e3700000,0x00000000e3700000,0x00000000e4800000)
 ParOldGen       total 95232K, used 33742K [0x0000000080000000, 0x0000000085d00000, 0x00000000d5580000)
  object space 95232K, 35% used [0x0000000080000000,0x00000000820f3890,0x0000000085d00000)
 Metaspace       used 65790K, capacity 68590K, committed 68648K, reserved 1107968K
  class space    used 8920K, capacity 9520K, committed 9520K, reserved 1048576K
Event: 34.679 GC heap after
Heap after GC invocations=16 (full 3):
 PSYoungGen      total 248320K, used 17391K [0x00000000d5580000, 0x00000000eb800000, 0x0000000100000000)
  eden space 230912K, 0% used [0x00000000d5580000,0x00000000d5580000,0x00000000e3700000)
  from space 17408K, 99% used [0x00000000e3700000,0x00000000e47fbc30,0x00000000e4800000)
  to   space 22528K, 0% used [0x00000000ea200000,0x00000000ea200000,0x00000000eb800000)
 ParOldGen       total 95232K, used 40626K [0x0000000080000000, 0x0000000085d00000, 0x00000000d5580000)
  object space 95232K, 42% used [0x0000000080000000,0x00000000827acab8,0x0000000085d00000)
 Metaspace       used 65790K, capacity 68590K, committed 68648K, reserved 1107968K
  class space    used 8920K, capacity 9520K, committed 9520K, reserved 1048576K
}

Deoptimization events (10 events):
Event: 33.963 Thread 0x000000001da5f800 Uncommon trap: reason=bimorphic action=maybe_recompile pc=0x000000000453a94c method=com.sun.org.apache.xerces.internal.dom.ParentNode.checkNormalizationAfterInsert(Lcom/sun/org/apache/xerces/internal/dom/ChildNode;)V @ 23
Event: 33.963 Thread 0x000000001da5f800 Uncommon trap: reason=bimorphic action=maybe_recompile pc=0x000000000451ceb4 method=com.sun.org.apache.xerces.internal.dom.ParentNode.checkNormalizationAfterInsert(Lcom/sun/org/apache/xerces/internal/dom/ChildNode;)V @ 23
Event: 33.984 Thread 0x000000001da5f800 Uncommon trap: reason=class_check action=maybe_recompile pc=0x000000000454192c method=com.sun.org.apache.xerces.internal.dom.ElementImpl.getAttributes()Lorg/w3c/dom/NamedNodeMap; @ 8
Event: 34.145 Thread 0x000000001da5f800 Uncommon trap: reason=class_check action=maybe_recompile pc=0x000000000454192c method=com.sun.org.apache.xerces.internal.dom.ElementImpl.getAttributes()Lorg/w3c/dom/NamedNodeMap; @ 8
Event: 34.145 Thread 0x000000001da5f800 Uncommon trap: reason=class_check action=maybe_recompile pc=0x000000000454192c method=com.sun.org.apache.xerces.internal.dom.ElementImpl.getAttributes()Lorg/w3c/dom/NamedNodeMap; @ 8
Event: 34.145 Thread 0x000000001da5f800 Uncommon trap: reason=class_check action=maybe_recompile pc=0x000000000454192c method=com.sun.org.apache.xerces.internal.dom.ElementImpl.getAttributes()Lorg/w3c/dom/NamedNodeMap; @ 8
Event: 34.185 Thread 0x000000001da5f800 Uncommon trap: reason=unstable_if action=reinterpret pc=0x000000000458b938 method=com.android.utils.XmlUtils.toXmlAttributeValue(Ljava/lang/String;)Ljava/lang/String; @ 33
Event: 34.759 Thread 0x000000001da5e800 Uncommon trap: reason=unstable_if action=reinterpret pc=0x000000000375a3d4 method=java.util.HashMap$HashIterator.<init>(Ljava/util/HashMap;)V @ 45
Event: 34.759 Thread 0x000000001da5e800 Uncommon trap: reason=unstable_if action=reinterpret pc=0x000000000466ab30 method=java.util.HashMap$HashIterator.<init>(Ljava/util/HashMap;)V @ 45
Event: 34.759 Thread 0x000000001da5e800 Uncommon trap: reason=unstable_if action=reinterpret pc=0x00000000045373d4 method=java.util.HashMap$HashIterator.<init>(Ljava/util/HashMap;)V @ 45

Classes redefined (0 events):
No events

Internal exceptions (10 events):
Event: 31.638 Thread 0x000000001da5f800 Exception <a 'java/lang/NoSuchMethodError': <clinit>> (0x00000000e07a7198) thrown at [C:\src\AOSP-openjdk-git\hotspot\src\share\vm\prims\jni.cpp, line 1615]
Event: 31.643 Thread 0x000000001da5f800 Exception <a 'java/lang/NoSuchMethodError': <clinit>> (0x00000000e07c4628) thrown at [C:\src\AOSP-openjdk-git\hotspot\src\share\vm\prims\jni.cpp, line 1615]
Event: 31.670 Thread 0x000000001da5f800 Exception <a 'java/lang/NoSuchMethodError': <clinit>> (0x00000000e07d78a0) thrown at [C:\src\AOSP-openjdk-git\hotspot\src\share\vm\prims\jni.cpp, line 1615]
Event: 32.179 Thread 0x000000001da5f800 Implicit null exception at 0x00000000043c6bd2 to 0x00000000043c6d49
Event: 32.210 Thread 0x000000001da5f800 Implicit null exception at 0x0000000004543857 to 0x0000000004543b9d
Event: 32.579 Thread 0x000000001dd63800 Exception <a 'java/io/FileNotFoundException'> (0x00000000e0d94970) thrown at [C:\src\AOSP-openjdk-git\hotspot\src\share\vm\prims\jni.cpp, line 710]
Event: 32.687 Thread 0x000000001dd63800 Exception <a 'java/io/FileNotFoundException'> (0x00000000e0db0ee0) thrown at [C:\src\AOSP-openjdk-git\hotspot\src\share\vm\prims\jni.cpp, line 710]
Event: 34.500 Thread 0x000000001da5f800 Exception <a 'java/lang/NoSuchMethodError': <clinit>> (0x00000000e3277658) thrown at [C:\src\AOSP-openjdk-git\hotspot\src\share\vm\prims\jni.cpp, line 1615]
Event: 34.502 Thread 0x000000001da5f800 Exception <a 'java/lang/NoSuchMethodError': <clinit>> (0x00000000e3287a78) thrown at [C:\src\AOSP-openjdk-git\hotspot\src\share\vm\prims\jni.cpp, line 1615]
Event: 34.504 Thread 0x000000001da5f800 Exception <a 'java/lang/NoSuchMethodError': <clinit>> (0x00000000e329b2d0) thrown at [C:\src\AOSP-openjdk-git\hotspot\src\share\vm\prims\jni.cpp, line 1615]

Events (10 events):
Event: 35.097 loading class com/android/builder/internal/aapt/v2/Aapt2DaemonUtil
Event: 35.097 loading class com/android/builder/internal/aapt/v2/Aapt2DaemonUtil done
Event: 35.098 loading class com/android/builder/internal/aapt/AaptException
Event: 35.098 loading class com/android/builder/internal/aapt/AaptException done
Event: 35.098 loading class com/android/builder/internal/aapt/v2/AaptV2CommandBuilder
Event: 35.098 loading class com/android/builder/internal/aapt/v2/AaptV2CommandBuilder done
Event: 35.119 loading class com/android/builder/internal/aapt/v2/Aapt2DaemonImpl$WaitForTaskCompletion$Result$Succeeded
Event: 35.119 loading class com/android/builder/internal/aapt/v2/Aapt2DaemonImpl$WaitForTaskCompletion$Result$Succeeded done
Event: 35.119 loading class com/android/builder/internal/aapt/v2/Aapt2DaemonImpl$WaitForTaskCompletion$Result
Event: 35.119 loading class com/android/builder/internal/aapt/v2/Aapt2DaemonImpl$WaitForTaskCompletion$Result done


Dynamic libraries:
0x00007ff6f1de0000 - 0x00007ff6f1e11000 	C:\Program Files\Android\Android Studio\jre\bin\java.exe
0x00007fff4bbe0000 - 0x00007fff4bdd0000 	C:\Windows\SYSTEM32\ntdll.dll
0x00007fff4b5d0000 - 0x00007fff4b682000 	C:\Windows\System32\KERNEL32.DLL
0x00007fff499e0000 - 0x00007fff49c85000 	C:\Windows\System32\KERNELBASE.dll
0x00007fff4ac90000 - 0x00007fff4ad33000 	C:\Windows\System32\ADVAPI32.dll
0x00007fff4b690000 - 0x00007fff4b72e000 	C:\Windows\System32\msvcrt.dll
0x00007fff4abf0000 - 0x00007fff4ac87000 	C:\Windows\System32\sechost.dll
0x00007fff49e50000 - 0x00007fff49f70000 	C:\Windows\System32\RPCRT4.dll
0x00007fff4b200000 - 0x00007fff4b394000 	C:\Windows\System32\USER32.dll
0x00007fff48b70000 - 0x00007fff48b91000 	C:\Windows\System32\win32u.dll
0x00007fff4b0f0000 - 0x00007fff4b116000 	C:\Windows\System32\GDI32.dll
0x00007fff494c0000 - 0x00007fff49656000 	C:\Windows\System32\gdi32full.dll
0x00007fff49940000 - 0x00007fff499de000 	C:\Windows\System32\msvcp_win.dll
0x00007fff49320000 - 0x00007fff4941a000 	C:\Windows\System32\ucrtbase.dll
0x00007fff2f670000 - 0x00007fff2f8f4000 	C:\Windows\WinSxS\amd64_microsoft.windows.common-controls_6595b64144ccf1df_6.0.18362.1139_none_9e7bf2d3e4605ac6\COMCTL32.dll
0x00007fff4b860000 - 0x00007fff4bb95000 	C:\Windows\System32\combase.dll
0x00007fff49420000 - 0x00007fff494a0000 	C:\Windows\System32\bcryptPrimitives.dll
0x00007fff4b0c0000 - 0x00007fff4b0ee000 	C:\Windows\System32\IMM32.DLL
0x00000000749d0000 - 0x0000000074aa2000 	C:\Program Files\Android\Android Studio\jre\jre\bin\msvcr100.dll
0x0000000073250000 - 0x0000000073a9b000 	C:\Program Files\Android\Android Studio\jre\jre\bin\server\jvm.dll
0x00007fff49f70000 - 0x00007fff49f78000 	C:\Windows\System32\PSAPI.DLL
0x00007fff3dc80000 - 0x00007fff3dc89000 	C:\Windows\SYSTEM32\WSOCK32.dll
0x00007fff45dc0000 - 0x00007fff45de4000 	C:\Windows\SYSTEM32\WINMM.dll
0x00007fff45d90000 - 0x00007fff45dbd000 	C:\Windows\SYSTEM32\WINMMBASE.dll
0x00007fff498f0000 - 0x00007fff4993a000 	C:\Windows\System32\cfgmgr32.dll
0x00007fff4b190000 - 0x00007fff4b1ff000 	C:\Windows\System32\WS2_32.dll
0x00007fff3bc20000 - 0x00007fff3bc2a000 	C:\Windows\SYSTEM32\VERSION.dll
0x00007fff395c0000 - 0x00007fff395cf000 	C:\Program Files\Android\Android Studio\jre\jre\bin\verify.dll
0x00007fff284b0000 - 0x00007fff284d9000 	C:\Program Files\Android\Android Studio\jre\jre\bin\java.dll
0x00007fff2ade0000 - 0x00007fff2adf6000 	C:\Program Files\Android\Android Studio\jre\jre\bin\zip.dll
0x00007fff4a500000 - 0x00007fff4abe7000 	C:\Windows\System32\SHELL32.dll
0x00007fff4a3f0000 - 0x00007fff4a499000 	C:\Windows\System32\shcore.dll
0x00007fff48ba0000 - 0x00007fff49320000 	C:\Windows\System32\windows.storage.dll
0x00007fff48ab0000 - 0x00007fff48ad3000 	C:\Windows\System32\profapi.dll
0x00007fff48b00000 - 0x00007fff48b4a000 	C:\Windows\System32\powrprof.dll
0x00007fff48aa0000 - 0x00007fff48ab0000 	C:\Windows\System32\UMPDC.dll
0x00007fff49dd0000 - 0x00007fff49e22000 	C:\Windows\System32\shlwapi.dll
0x00007fff48ae0000 - 0x00007fff48af1000 	C:\Windows\System32\kernel.appcore.dll
0x00007fff494a0000 - 0x00007fff494b7000 	C:\Windows\System32\cryptsp.dll
0x00007fff2a0d0000 - 0x00007fff2a0ea000 	C:\Program Files\Android\Android Studio\jre\jre\bin\net.dll
0x00007fff482f0000 - 0x00007fff48357000 	C:\Windows\system32\mswsock.dll
0x00007fff28350000 - 0x00007fff28363000 	C:\Program Files\Android\Android Studio\jre\jre\bin\nio.dll
0x00007fff26920000 - 0x00007fff26946000 	C:\Users\Le Duyen\.gradle\native\31\windows-amd64\native-platform.dll
0x00007fff33910000 - 0x00007fff3391d000 	C:\Program Files\Android\Android Studio\jre\jre\bin\management.dll
0x00007fff47e60000 - 0x00007fff47e93000 	C:\Windows\system32\rsaenh.dll
0x00007fff49770000 - 0x00007fff49796000 	C:\Windows\System32\bcrypt.dll
0x00007fff489c0000 - 0x00007fff489e5000 	C:\Windows\SYSTEM32\USERENV.dll
0x00007fff484c0000 - 0x00007fff484cc000 	C:\Windows\SYSTEM32\CRYPTBASE.dll
0x00007fff48000000 - 0x00007fff4803a000 	C:\Windows\SYSTEM32\IPHLPAPI.DLL
0x00007fff4b730000 - 0x00007fff4b738000 	C:\Windows\System32\NSI.dll
0x00007fff41480000 - 0x00007fff41496000 	C:\Windows\SYSTEM32\dhcpcsvc6.DLL
0x00007fff41990000 - 0x00007fff419ac000 	C:\Windows\SYSTEM32\dhcpcsvc.DLL
0x00007fff48040000 - 0x00007fff4810b000 	C:\Windows\SYSTEM32\DNSAPI.dll
0x00007fff0e0a0000 - 0x00007fff0e23c000 	C:\Program Files\Android\Android Studio\jre\jre\bin\awt.dll
0x00007fff4aff0000 - 0x00007fff4b0b5000 	C:\Windows\System32\OLEAUT32.dll
0x00007fff46ef0000 - 0x00007fff46f1d000 	C:\Windows\SYSTEM32\dwmapi.dll
0x00007fff44630000 - 0x00007fff44bf0000 	C:\Windows\SYSTEM32\d2d1.dll
0x00007fff45ec0000 - 0x00007fff45f4f000 	C:\Windows\SYSTEM32\apphelp.dll
0x00007fff46000000 - 0x00007fff46099000 	C:\Windows\system32\uxtheme.dll

VM Arguments:
jvm_args: -Xmx2048m -Dfile.encoding=windows-1252 -Duser.country=US -Duser.language=en -Duser.variant 
java_command: org.gradle.launcher.daemon.bootstrap.GradleDaemon 6.1.1
java_class_path (initial): C:\Users\Le Duyen\.gradle\wrapper\dists\gradle-6.1.1-all\cfmwm155h49vnt3hynmlrsdst\gradle-6.1.1\lib\gradle-launcher-6.1.1.jar
Launcher Type: SUN_STANDARD

Environment Variables:
PATH=C:\Windows;C:\Windows\System32\Wbem;C:\Windows\System32\WindowsPowerShell\v1.0\;C:\Windows\System32\OpenSSH\;C:\Program Files\Microsoft VS Code\bin;C:\Program Files\Microsoft SQL Server\120\Tools\Binn\;C:\Program Files\Microsoft SQL Server\130\Tools\Binn\;c:\Program Files\Microsoft SQL Server\110\Tools\Binn\;c:\Program Files (x86)\Microsoft SQL Server\110\Tools\Binn\;c:\Program Files\Microsoft SQL Server\110\DTS\Binn\;c:\Program Files (x86)\Microsoft SQL Server\110\Tools\Binn\ManagementStudio\;c:\Program Files (x86)\Microsoft Visual Studio 10.0\Common7\IDE\PrivateAssemblies\;c:\Program Files (x86)\Microsoft SQL Server\110\DTS\Binn\;C:\Windows\system32\config\systemprofile\.dnx\bin;C:\Program Files\Microsoft DNX\Dnvm\;C:\flutter\bin;C:\Program Files\Git\cmd;C:\Users\Le Duyen\AppData\Local\Microsoft\WindowsApps;C:\flutter\bin;C:\Windows\System32;C:\Program Files\Git\cmd;
USERNAME=Le Duyen
OS=Windows_NT
PROCESSOR_IDENTIFIER=Intel64 Family 6 Model 69 Stepping 1, GenuineIntel



---------------  S Y S T E M  ---------------

OS: Windows 10.0 , 64 bit Build 18362 (10.0.18362.1110)

CPU:total 4 (initial active 4) (2 cores per cpu, 2 threads per core) family 6 model 69 stepping 1, cmov, cx8, fxsr, mmx, sse, sse2, sse3, ssse3, sse4.1, sse4.2, popcnt, avx, avx2, aes, clmul, erms, lzcnt, ht, tsc, tscinvbit, bmi1, bmi2

Memory: 4k page, physical 8079644k(245268k free), swap 8079644k(4924k free)

vm_info: OpenJDK 64-Bit Server VM (25.242-b01) for windows-amd64 JRE (1.8.0_242-release-1644-b01), built by "builder" with MS VC++ 10.0 (VS2010)

time: Mon Oct 19 10:10:06 2020
timezone: SE Asia Standard Time
elapsed time: 35 seconds (0d 0h 0m 35s)

