#
# There is insufficient memory for the Java Runtime Environment to continue.
# Native memory allocation (malloc) failed to allocate 2383376 bytes for Chunk::new
# Possible reasons:
#   The system is out of physical RAM or swap space
#   The process is running with CompressedOops enabled, and the Java Heap may be blocking the growth of the native heap
# Possible solutions:
#   Reduce memory load on the system
#   Increase physical memory or swap space
#   Check if swap backing store is full
#   Decrease Java heap size (-Xmx/-Xms)
#   Decrease number of Java threads
#   Decrease Java thread stack sizes (-Xss)
#   Set larger code cache with -XX:ReservedCodeCacheSize=
#   JVM is running with Unscaled Compressed Oops mode in which the Java heap is
#     placed in the first 4GB address space. The Java Heap base address is the
#     maximum limit for the native heap growth. Please use -XX:HeapBaseMinAddress
#     to set the Java Heap base and to place the Java Heap above 4GB virtual address.
# This output file may be truncated or incomplete.
#
#  Out of Memory Error (allocation.cpp:389), pid=3324, tid=0x0000000000001d60
#
# JRE version: OpenJDK Runtime Environment (8.0_242-b01) (build 1.8.0_242-release-1644-b01)
# Java VM: OpenJDK 64-Bit Server VM (25.242-b01 mixed mode windows-amd64 compressed oops)
# Failed to write core dump. Minidumps are not enabled by default on client versions of Windows
#

---------------  T H R E A D  ---------------

Current thread (0x00000000178df800):  JavaThread "C2 CompilerThread1" daemon [_thread_in_native, id=7520, stack(0x0000000019050000,0x0000000019150000)]

Stack: [0x0000000019050000,0x0000000019150000]
[error occurred during error reporting (printing stack bounds), id 0xc0000005]

Native frames: (J=compiled Java code, j=interpreted, Vv=VM code, C=native code)


Current CompileTask:
C2:  13547 4618   !   4       java.security.SecureClassLoader::getProtectionDomain (114 bytes)


---------------  P R O C E S S  ---------------

Java Threads: ( => current thread )
  0x000000001ec87000 JavaThread "Cache worker for Build Output Cleanup Cache (C:\Android\Projects\BTL\BTL\.gradle\buildOutputCleanup)" [_thread_blocked, id=7780, stack(0x0000000029aa0000,0x0000000029ba0000)]
  0x000000001a122000 JavaThread "jar transforms Thread 94" [_thread_blocked, id=8640, stack(0x00000000297a0000,0x00000000298a0000)]
  0x000000001a122800 JavaThread "jar transforms Thread 93" [_thread_blocked, id=5832, stack(0x00000000296a0000,0x00000000297a0000)]
  0x000000001a11f800 JavaThread "jar transforms Thread 92" [_thread_blocked, id=1892, stack(0x00000000295a0000,0x00000000296a0000)]
  0x000000001a11f000 JavaThread "jar transforms Thread 91" [_thread_blocked, id=7232, stack(0x00000000294a0000,0x00000000295a0000)]
  0x000000001a125000 JavaThread "jar transforms Thread 90" [_thread_blocked, id=7504, stack(0x00000000293a0000,0x00000000294a0000)]
  0x000000001a123800 JavaThread "jar transforms Thread 89" [_thread_blocked, id=9192, stack(0x00000000292a0000,0x00000000293a0000)]
  0x000000001a124000 JavaThread "jar transforms Thread 88" [_thread_blocked, id=3208, stack(0x00000000291a0000,0x00000000292a0000)]
  0x000000001a121000 JavaThread "jar transforms Thread 87" [_thread_blocked, id=7436, stack(0x00000000290a0000,0x00000000291a0000)]
  0x000000001a120800 JavaThread "jar transforms Thread 86" [_thread_blocked, id=2240, stack(0x0000000028fa0000,0x00000000290a0000)]
  0x000000001a117800 JavaThread "jar transforms Thread 85" [_thread_blocked, id=5624, stack(0x0000000028ea0000,0x0000000028fa0000)]
  0x000000001a11e000 JavaThread "jar transforms Thread 84" [_thread_blocked, id=3820, stack(0x0000000028da0000,0x0000000028ea0000)]
  0x000000001a11d800 JavaThread "jar transforms Thread 83" [_thread_blocked, id=2800, stack(0x0000000028ca0000,0x0000000028da0000)]
  0x000000001a11c800 JavaThread "jar transforms Thread 82" [_thread_blocked, id=1896, stack(0x0000000028ba0000,0x0000000028ca0000)]
  0x000000001a11b000 JavaThread "jar transforms Thread 81" [_thread_blocked, id=7064, stack(0x0000000028aa0000,0x0000000028ba0000)]
  0x000000001a11a800 JavaThread "jar transforms Thread 80" [_thread_blocked, id=8788, stack(0x00000000289a0000,0x0000000028aa0000)]
  0x000000001a118000 JavaThread "jar transforms Thread 79" [_thread_blocked, id=9024, stack(0x00000000288a0000,0x00000000289a0000)]
  0x000000001a119800 JavaThread "jar transforms Thread 78" [_thread_blocked, id=2604, stack(0x00000000287a0000,0x00000000288a0000)]
  0x000000001a116000 JavaThread "jar transforms Thread 77" [_thread_blocked, id=9036, stack(0x00000000286a0000,0x00000000287a0000)]
  0x000000001a119000 JavaThread "jar transforms Thread 76" [_thread_blocked, id=6612, stack(0x00000000285a0000,0x00000000286a0000)]
  0x000000001a116800 JavaThread "jar transforms Thread 75" [_thread_blocked, id=6228, stack(0x00000000284a0000,0x00000000285a0000)]
  0x000000001a11c000 JavaThread "jar transforms Thread 74" [_thread_blocked, id=6196, stack(0x00000000283a0000,0x00000000284a0000)]
  0x000000001de56800 JavaThread "jar transforms Thread 73" [_thread_blocked, id=6964, stack(0x00000000282a0000,0x00000000283a0000)]
  0x000000001de53000 JavaThread "jar transforms Thread 72" [_thread_blocked, id=2040, stack(0x00000000281a0000,0x00000000282a0000)]
  0x000000001de53800 JavaThread "jar transforms Thread 71" [_thread_blocked, id=7448, stack(0x00000000280a0000,0x00000000281a0000)]
  0x000000001de55000 JavaThread "jar transforms Thread 70" [_thread_blocked, id=4548, stack(0x0000000027fa0000,0x00000000280a0000)]
  0x000000001de57800 JavaThread "jar transforms Thread 69" [_thread_blocked, id=3788, stack(0x0000000027ea0000,0x0000000027fa0000)]
  0x000000001de54800 JavaThread "jar transforms Thread 68" [_thread_blocked, id=7692, stack(0x0000000027da0000,0x0000000027ea0000)]
  0x000000001de56000 JavaThread "jar transforms Thread 67" [_thread_blocked, id=2736, stack(0x0000000027ca0000,0x0000000027da0000)]
  0x000000001de4b000 JavaThread "jar transforms Thread 66" [_thread_blocked, id=8236, stack(0x0000000027ba0000,0x0000000027ca0000)]
  0x000000001de52000 JavaThread "jar transforms Thread 65" [_thread_blocked, id=7676, stack(0x0000000027aa0000,0x0000000027ba0000)]
  0x000000001de4a800 JavaThread "jar transforms Thread 64" [_thread_blocked, id=5304, stack(0x00000000279a0000,0x0000000027aa0000)]
  0x000000001de4c000 JavaThread "jar transforms Thread 63" [_thread_blocked, id=5084, stack(0x00000000278a0000,0x00000000279a0000)]
  0x000000001de4d800 JavaThread "jar transforms Thread 62" [_thread_blocked, id=640, stack(0x00000000277a0000,0x00000000278a0000)]
  0x000000001de51800 JavaThread "jar transforms Thread 61" [_thread_blocked, id=1452, stack(0x00000000276a0000,0x00000000277a0000)]
  0x000000001de4f000 JavaThread "jar transforms Thread 60" [_thread_blocked, id=464, stack(0x00000000275a0000,0x00000000276a0000)]
  0x000000001de49800 JavaThread "jar transforms Thread 59" [_thread_blocked, id=2680, stack(0x00000000274a0000,0x00000000275a0000)]
  0x000000001de50800 JavaThread "jar transforms Thread 58" [_thread_blocked, id=908, stack(0x00000000273a0000,0x00000000274a0000)]
  0x000000001de4c800 JavaThread "jar transforms Thread 57" [_thread_blocked, id=1616, stack(0x00000000272a0000,0x00000000273a0000)]
  0x000000001de49000 JavaThread "jar transforms Thread 56" [_thread_blocked, id=2000, stack(0x00000000271a0000,0x00000000272a0000)]
  0x000000001de4e000 JavaThread "jar transforms Thread 55" [_thread_blocked, id=3924, stack(0x00000000270a0000,0x00000000271a0000)]
  0x000000001de50000 JavaThread "jar transforms Thread 54" [_thread_blocked, id=7432, stack(0x0000000026fa0000,0x00000000270a0000)]
  0x000000001de48000 JavaThread "jar transforms Thread 53" [_thread_blocked, id=7040, stack(0x0000000026ea0000,0x0000000026fa0000)]
  0x000000001ebb5000 JavaThread "jar transforms Thread 52" [_thread_blocked, id=2096, stack(0x0000000026da0000,0x0000000026ea0000)]
  0x000000001ebb3800 JavaThread "jar transforms Thread 51" [_thread_blocked, id=416, stack(0x0000000026ca0000,0x0000000026da0000)]
  0x000000001ebb2800 JavaThread "jar transforms Thread 50" [_thread_blocked, id=7512, stack(0x0000000026ba0000,0x0000000026ca0000)]
  0x000000001ebb2000 JavaThread "jar transforms Thread 49" [_thread_blocked, id=2304, stack(0x0000000026aa0000,0x0000000026ba0000)]
  0x000000001ebb1000 JavaThread "jar transforms Thread 48" [_thread_blocked, id=5100, stack(0x00000000269a0000,0x0000000026aa0000)]
  0x000000001ebb0000 JavaThread "jar transforms Thread 47" [_thread_blocked, id=6320, stack(0x00000000268a0000,0x00000000269a0000)]
  0x000000001ebb4000 JavaThread "jar transforms Thread 46" [_thread_blocked, id=9148, stack(0x00000000267a0000,0x00000000268a0000)]
  0x000000001ebb5800 JavaThread "jar transforms Thread 45" [_thread_blocked, id=1156, stack(0x00000000266a0000,0x00000000267a0000)]
  0x000000001ebb6800 JavaThread "jar transforms Thread 44" [_thread_blocked, id=6004, stack(0x00000000265a0000,0x00000000266a0000)]
  0x000000001eba8800 JavaThread "jar transforms Thread 43" [_thread_blocked, id=8396, stack(0x00000000264a0000,0x00000000265a0000)]
  0x000000001ebaf800 JavaThread "jar transforms Thread 42" [_thread_blocked, id=7480, stack(0x00000000263a0000,0x00000000264a0000)]
  0x000000001ebae800 JavaThread "jar transforms Thread 41" [_thread_blocked, id=8740, stack(0x00000000262a0000,0x00000000263a0000)]
  0x000000001ebae000 JavaThread "jar transforms Thread 40" [_thread_blocked, id=9156, stack(0x00000000261a0000,0x00000000262a0000)]
  0x000000001ebad000 JavaThread "jar transforms Thread 39" [_thread_blocked, id=5148, stack(0x00000000260a0000,0x00000000261a0000)]
  0x000000001ebab000 JavaThread "jar transforms Thread 38" [_thread_blocked, id=5952, stack(0x0000000025fa0000,0x00000000260a0000)]
  0x000000001ebaa000 JavaThread "jar transforms Thread 37" [_thread_blocked, id=8108, stack(0x0000000025ea0000,0x0000000025fa0000)]
  0x000000001eba8000 JavaThread "jar transforms Thread 36" [_thread_blocked, id=8568, stack(0x0000000025da0000,0x0000000025ea0000)]
  0x000000001eba7000 JavaThread "jar transforms Thread 35" [_thread_blocked, id=7076, stack(0x0000000025ca0000,0x0000000025da0000)]
  0x000000001ebac800 JavaThread "jar transforms Thread 34" [_thread_blocked, id=6652, stack(0x0000000025ba0000,0x0000000025ca0000)]
  0x000000001eba9800 JavaThread "jar transforms Thread 33" [_thread_blocked, id=1784, stack(0x0000000025aa0000,0x0000000025ba0000)]
  0x000000001ebab800 JavaThread "jar transforms Thread 32" [_thread_blocked, id=332, stack(0x00000000259a0000,0x0000000025aa0000)]
  0x000000001c21c800 JavaThread "jar transforms Thread 31" [_thread_blocked, id=680, stack(0x00000000258a0000,0x00000000259a0000)]
  0x000000001c21b800 JavaThread "jar transforms Thread 30" [_thread_blocked, id=1596, stack(0x00000000257a0000,0x00000000258a0000)]
  0x000000001c21b000 JavaThread "jar transforms Thread 29" [_thread_blocked, id=7844, stack(0x00000000256a0000,0x00000000257a0000)]
  0x000000001c21a000 JavaThread "jar transforms Thread 28" [_thread_blocked, id=8416, stack(0x00000000255a0000,0x00000000256a0000)]
  0x000000001c218000 JavaThread "jar transforms Thread 27" [_thread_blocked, id=1056, stack(0x00000000254a0000,0x00000000255a0000)]
  0x000000001c218800 JavaThread "jar transforms Thread 26" [_thread_blocked, id=2384, stack(0x00000000253a0000,0x00000000254a0000)]
  0x000000001c217000 JavaThread "jar transforms Thread 25" [_thread_blocked, id=1516, stack(0x00000000252a0000,0x00000000253a0000)]
  0x000000001c219800 JavaThread "jar transforms Thread 24" [_thread_blocked, id=6852, stack(0x00000000251a0000,0x00000000252a0000)]
  0x000000001c20f800 JavaThread "jar transforms Thread 23" [_thread_blocked, id=6200, stack(0x00000000250a0000,0x00000000251a0000)]
  0x000000001c216800 JavaThread "jar transforms Thread 22" [_thread_blocked, id=6744, stack(0x0000000024fa0000,0x00000000250a0000)]
  0x000000001c211800 JavaThread "jar transforms Thread 21" [_thread_blocked, id=6516, stack(0x0000000024ea0000,0x0000000024fa0000)]
  0x000000001c20e800 JavaThread "jar transforms Thread 20" [_thread_blocked, id=8372, stack(0x0000000023ae0000,0x0000000023be0000)]
  0x000000001c214800 JavaThread "jar transforms Thread 19" [_thread_blocked, id=2780, stack(0x00000000239e0000,0x0000000023ae0000)]
  0x000000001c212800 JavaThread "Build operations Thread 4" [_thread_blocked, id=8484, stack(0x00000000238e0000,0x00000000239e0000)]
  0x000000001c210000 JavaThread "Build operations Thread 3" [_thread_blocked, id=7308, stack(0x00000000237e0000,0x00000000238e0000)]
  0x000000001c214000 JavaThread "Build operations Thread 2" [_thread_blocked, id=7404, stack(0x00000000236e0000,0x00000000237e0000)]
  0x000000001c215800 JavaThread "Build operations" [_thread_blocked, id=4424, stack(0x0000000022fd0000,0x00000000230d0000)]
  0x000000001dd5b000 JavaThread "Cache worker for file content cache (C:\Users\Le Duyen\.gradle\caches\6.5\fileContent)" [_thread_blocked, id=8016, stack(0x0000000022ed0000,0x0000000022fd0000)]
  0x000000001dd5f800 JavaThread "Cache worker for execution history cache (C:\Users\Le Duyen\.gradle\caches\6.5\executionHistory)" [_thread_blocked, id=8580, stack(0x00000000229d0000,0x0000000022ad0000)]
  0x000000001dd5a000 JavaThread "Cache worker for cache directory md-rule (C:\Users\Le Duyen\.gradle\caches\6.5\md-rule)" [_thread_blocked, id=2080, stack(0x00000000226d0000,0x00000000227d0000)]
  0x000000001dd5d000 JavaThread "Cache worker for cache directory md-supplier (C:\Users\Le Duyen\.gradle\caches\6.5\md-supplier)" [_thread_blocked, id=6484, stack(0x00000000225d0000,0x00000000226d0000)]
  0x000000001dd5b800 JavaThread "Cache worker for checksums cache (C:\Android\Projects\BTL\BTL\.gradle\checksums)" [_thread_blocked, id=4196, stack(0x00000000224d0000,0x00000000225d0000)]
  0x000000001dd52000 JavaThread "jar transforms Thread 18" [_thread_blocked, id=6808, stack(0x00000000221d0000,0x00000000222d0000)]
  0x000000001dd55000 JavaThread "jar transforms Thread 17" [_thread_blocked, id=2936, stack(0x00000000220d0000,0x00000000221d0000)]
  0x000000001dd58000 JavaThread "jar transforms Thread 16" [_thread_blocked, id=6752, stack(0x0000000021fd0000,0x00000000220d0000)]
  0x000000001dd57000 JavaThread "jar transforms Thread 15" [_thread_blocked, id=7600, stack(0x0000000021ed0000,0x0000000021fd0000)]
  0x000000001dd58800 JavaThread "jar transforms Thread 14" [_thread_blocked, id=5956, stack(0x0000000021dd0000,0x0000000021ed0000)]
  0x000000001dd56800 JavaThread "jar transforms Thread 13" [_thread_blocked, id=3272, stack(0x0000000021cd0000,0x0000000021dd0000)]
  0x000000001dd54000 JavaThread "jar transforms Thread 12" [_thread_blocked, id=6304, stack(0x0000000021bd0000,0x0000000021cd0000)]
  0x000000001dd51000 JavaThread "jar transforms Thread 11" [_thread_blocked, id=2984, stack(0x0000000021ad0000,0x0000000021bd0000)]
  0x000000001dd50800 JavaThread "jar transforms Thread 10" [_thread_blocked, id=4760, stack(0x00000000219d0000,0x0000000021ad0000)]
  0x000000001dd53800 JavaThread "jar transforms Thread 9" [_thread_blocked, id=2196, stack(0x00000000218d0000,0x00000000219d0000)]
  0x000000001dd55800 JavaThread "jar transforms Thread 8" [_thread_blocked, id=2264, stack(0x00000000217d0000,0x00000000218d0000)]
  0x000000001dd52800 JavaThread "jar transforms Thread 7" [_thread_blocked, id=4816, stack(0x00000000216d0000,0x00000000217d0000)]
  0x0000000019ee6800 JavaThread "jar transforms Thread 6" [_thread_blocked, id=5236, stack(0x00000000213c0000,0x00000000214c0000)]
  0x0000000019ee5000 JavaThread "jar transforms Thread 5" [_thread_blocked, id=3220, stack(0x00000000212c0000,0x00000000213c0000)]
  0x0000000019ee7800 JavaThread "jar transforms Thread 4" [_thread_blocked, id=9076, stack(0x00000000211c0000,0x00000000212c0000)]
  0x0000000019ee3800 JavaThread "jar transforms Thread 3" [_thread_blocked, id=3636, stack(0x00000000210c0000,0x00000000211c0000)]
  0x0000000019ee6000 JavaThread "jar transforms Thread 2" [_thread_blocked, id=4588, stack(0x000000001fd80000,0x000000001fe80000)]
  0x0000000019ee3000 JavaThread "jar transforms" [_thread_blocked, id=7392, stack(0x000000001fc80000,0x000000001fd80000)]
  0x0000000019ee4800 JavaThread "Cache worker for file hash cache (C:\Android\Projects\BTL\BTL\.gradle\6.5\fileHashes)" [_thread_blocked, id=4436, stack(0x000000001ff40000,0x0000000020040000)]
  0x0000000019ee1800 JavaThread "Cache worker for file hash cache (C:\Users\Le Duyen\.gradle\caches\6.5\fileHashes)" [_thread_blocked, id=676, stack(0x000000001d9e0000,0x000000001dae0000)]
  0x0000000019ee8000 JavaThread "File lock request listener" [_thread_in_native, id=7672, stack(0x000000001d8e0000,0x000000001d9e0000)]
  0x000000001b52d000 JavaThread "Cache worker for journal cache (C:\Users\Le Duyen\.gradle\caches\journal-1)" [_thread_blocked, id=6756, stack(0x000000001d6e0000,0x000000001d7e0000)]
  0x000000001b478800 JavaThread "Thread-9" [_thread_blocked, id=3156, stack(0x000000001d3e0000,0x000000001d4e0000)]
  0x000000001b4a3000 JavaThread "Stdin handler" [_thread_blocked, id=8856, stack(0x000000001d2e0000,0x000000001d3e0000)]
  0x000000001b48e000 JavaThread "Asynchronous log dispatcher for DefaultDaemonConnection: socket connection from /127.0.0.1:61890 to /127.0.0.1:61891" [_thread_blocked, id=4612, stack(0x000000001d1e0000,0x000000001d2e0000)]
  0x000000001b493800 JavaThread "Daemon worker" [_thread_in_Java, id=4084, stack(0x000000001d0e0000,0x000000001d1e0000)]
  0x000000001b492800 JavaThread "Cancel handler" [_thread_blocked, id=5204, stack(0x000000001cfe0000,0x000000001d0e0000)]
  0x0000000019b4f800 JavaThread "Handler for socket connection from /127.0.0.1:61890 to /127.0.0.1:61891" [_thread_in_native, id=3488, stack(0x000000001cce0000,0x000000001cde0000)]
  0x000000001b42c000 JavaThread "Daemon" [_thread_blocked, id=2008, stack(0x000000001cbe0000,0x000000001cce0000)]
  0x000000001b42a800 JavaThread "Daemon periodic checks" [_thread_blocked, id=4824, stack(0x000000001cae0000,0x000000001cbe0000)]
  0x000000001b22d000 JavaThread "Incoming local TCP Connector on port 61890" [_thread_in_native, id=8412, stack(0x000000001c8a0000,0x000000001c9a0000)]
  0x0000000019acd000 JavaThread "Daemon health stats" [_thread_blocked, id=5844, stack(0x000000001c260000,0x000000001c360000)]
  0x0000000019280800 JavaThread "Service Thread" daemon [_thread_blocked, id=6488, stack(0x0000000019650000,0x0000000019750000)]
  0x00000000178e2800 JavaThread "C1 CompilerThread2" daemon [_thread_in_vm, id=4152, stack(0x0000000019150000,0x0000000019250000)]
=>0x00000000178df800 JavaThread "C2 CompilerThread1" daemon [_thread_in_native, id=7520, stack(0x0000000019050000,0x0000000019150000)]
  0x00000000178d3000 JavaThread "C2 CompilerThread0" daemon [_thread_blocked, id=4672, stack(0x0000000018f50000,0x0000000019050000)]
  0x00000000178d6800 JavaThread "Attach Listener" daemon [_thread_blocked, id=6060, stack(0x0000000018e50000,0x0000000018f50000)]
  0x00000000178d5800 JavaThread "Signal Dispatcher" daemon [_thread_blocked, id=3476, stack(0x0000000018d50000,0x0000000018e50000)]
  0x0000000002cab800 JavaThread "Finalizer" daemon [_thread_blocked, id=4936, stack(0x0000000018b50000,0x0000000018c50000)]
  0x00000000178b9000 JavaThread "Reference Handler" daemon [_thread_blocked, id=8588, stack(0x0000000018a50000,0x0000000018b50000)]
  0x0000000002bae800 JavaThread "main" [_thread_blocked, id=6216, stack(0x0000000002a90000,0x0000000002b90000)]

Other Threads:
  0x0000000017896800 VMThread [stack: 0x0000000018950000,0x0000000018a50000] [id=1972]
  0x000000001791d000 WatcherThread [stack: 0x0000000019750000,0x0000000019850000] [id=728]

VM state:not at safepoint (normal execution)

VM Mutex/Monitor currently owned by a thread: None

heap address: 0x0000000080000000, size: 2048 MB, Compressed Oops mode: 32-bit
Narrow klass base: 0x0000000000000000, Narrow klass shift: 3
Compressed class space size: 1073741824 Address: 0x0000000100000000

Heap:
 PSYoungGen      total 164352K, used 140840K [0x00000000d5580000, 0x00000000e0580000, 0x0000000100000000)
  eden space 155136K, 84% used [0x00000000d5580000,0x00000000dd63dc48,0x00000000ded00000)
  from space 9216K, 97% used [0x00000000dfc80000,0x00000000e054c4a8,0x00000000e0580000)
  to   space 12288K, 0% used [0x00000000ded80000,0x00000000ded80000,0x00000000df980000)
 ParOldGen       total 49152K, used 17994K [0x0000000080000000, 0x0000000083000000, 0x00000000d5580000)
  object space 49152K, 36% used [0x0000000080000000,0x0000000081192a90,0x0000000083000000)
 Metaspace       used 51541K, capacity 53704K, committed 53976K, reserved 1095680K
  class space    used 6882K, capacity 7316K, committed 7424K, reserved 1048576K

Card table byte_map: [0x0000000012070000,0x0000000012480000] byte_map_base: 0x0000000011c70000

Marking Bits: (ParMarkBitMap*) 0x000000006694f030
 Begin Bits: [0x0000000012b30000, 0x0000000014b30000)
 End Bits:   [0x0000000014b30000, 0x0000000016b30000)

Polling page: 0x0000000001110000

CodeCache: size=245760Kb used=15150Kb max_used=15259Kb free=230609Kb
 bounds [0x0000000002cb0000, 0x0000000003ba0000, 0x0000000011cb0000]
 total_blobs=5188 nmethods=4427 adapters=673
 compilation: enabled

Compilation events (10 events):
Event: 13.541 Thread 0x00000000178e2800 nmethod 4813 0x0000000003138890 code [0x0000000003138a20, 0x0000000003138e98]
Event: 13.541 Thread 0x00000000178e2800 4814       3       com.sun.org.apache.xerces.internal.impl.XMLEntityScanner::checkBeforeLoad (140 bytes)
Event: 13.542 Thread 0x00000000178e2800 nmethod 4814 0x0000000003365710 code [0x00000000033658c0, 0x0000000003365e18]
Event: 13.542 Thread 0x00000000178e2800 4816       3       com.sun.org.apache.xerces.internal.util.XMLChar::isSpace (22 bytes)
Event: 13.542 Thread 0x00000000178e2800 nmethod 4816 0x000000000328a350 code [0x000000000328a4c0, 0x000000000328a6b0]
Event: 13.543 Thread 0x00000000178e2800 4817       3       com.sun.org.apache.xerces.internal.dom.DeferredDocumentImpl::setChunkValue (80 bytes)
Event: 13.543 Thread 0x00000000178d3000 4821       4       com.sun.org.apache.xerces.internal.util.XMLChar::isContent (35 bytes)
Event: 13.544 Thread 0x00000000178e2800 nmethod 4817 0x0000000003b9e790 code [0x0000000003b9e960, 0x0000000003b9f3c8]
Event: 13.544 Thread 0x00000000178d3000 nmethod 4821 0x00000000030a86d0 code [0x00000000030a8800, 0x00000000030a8898]
Event: 13.544 Thread 0x00000000178e2800 4818       3       com.sun.org.apache.xerces.internal.impl.XMLEntityScanner::skipSpaces (350 bytes)

GC Heap History (10 events):
Event: 5.493 GC heap before
{Heap before GC invocations=8 (full 1):
 PSYoungGen      total 72704K, used 4809K [0x00000000d5580000, 0x00000000de280000, 0x0000000100000000)
  eden space 61952K, 0% used [0x00000000d5580000,0x00000000d5580000,0x00000000d9200000)
  from space 10752K, 44% used [0x00000000d9200000,0x00000000d96b24e8,0x00000000d9c80000)
  to   space 10240K, 0% used [0x00000000dd880000,0x00000000dd880000,0x00000000de280000)
 ParOldGen       total 84992K, used 7124K [0x0000000080000000, 0x0000000085300000, 0x00000000d5580000)
  object space 84992K, 8% used [0x0000000080000000,0x00000000806f5310,0x0000000085300000)
 Metaspace       used 20485K, capacity 21154K, committed 21248K, reserved 1067008K
  class space    used 2854K, capacity 3035K, committed 3072K, reserved 1048576K
Event: 5.543 GC heap after
Heap after GC invocations=8 (full 1):
 PSYoungGen      total 72704K, used 0K [0x00000000d5580000, 0x00000000de280000, 0x0000000100000000)
  eden space 61952K, 0% used [0x00000000d5580000,0x00000000d5580000,0x00000000d9200000)
  from space 10752K, 0% used [0x00000000d9200000,0x00000000d9200000,0x00000000d9c80000)
  to   space 10240K, 0% used [0x00000000dd880000,0x00000000dd880000,0x00000000de280000)
 ParOldGen       total 49152K, used 7212K [0x0000000080000000, 0x0000000083000000, 0x00000000d5580000)
  object space 49152K, 14% used [0x0000000080000000,0x000000008070b170,0x0000000083000000)
 Metaspace       used 20485K, capacity 21154K, committed 21248K, reserved 1067008K
  class space    used 2854K, capacity 3035K, committed 3072K, reserved 1048576K
}
Event: 6.587 GC heap before
{Heap before GC invocations=9 (full 1):
 PSYoungGen      total 72704K, used 61952K [0x00000000d5580000, 0x00000000de280000, 0x0000000100000000)
  eden space 61952K, 100% used [0x00000000d5580000,0x00000000d9200000,0x00000000d9200000)
  from space 10752K, 0% used [0x00000000d9200000,0x00000000d9200000,0x00000000d9c80000)
  to   space 10240K, 0% used [0x00000000dd880000,0x00000000dd880000,0x00000000de280000)
 ParOldGen       total 49152K, used 7212K [0x0000000080000000, 0x0000000083000000, 0x00000000d5580000)
  object space 49152K, 14% used [0x0000000080000000,0x000000008070b170,0x0000000083000000)
 Metaspace       used 24641K, capacity 25686K, committed 25856K, reserved 1071104K
  class space    used 3520K, capacity 3801K, committed 3840K, reserved 1048576K
Event: 6.594 GC heap after
Heap after GC invocations=9 (full 1):
 PSYoungGen      total 115200K, used 5244K [0x00000000d5580000, 0x00000000dde00000, 0x0000000100000000)
  eden space 109568K, 0% used [0x00000000d5580000,0x00000000d5580000,0x00000000dc080000)
  from space 5632K, 93% used [0x00000000dd880000,0x00000000ddd9f2b8,0x00000000dde00000)
  to   space 9728K, 0% used [0x00000000dcb00000,0x00000000dcb00000,0x00000000dd480000)
 ParOldGen       total 49152K, used 7220K [0x0000000080000000, 0x0000000083000000, 0x00000000d5580000)
  object space 49152K, 14% used [0x0000000080000000,0x000000008070d170,0x0000000083000000)
 Metaspace       used 24641K, capacity 25686K, committed 25856K, reserved 1071104K
  class space    used 3520K, capacity 3801K, committed 3840K, reserved 1048576K
}
Event: 8.082 GC heap before
{Heap before GC invocations=10 (full 1):
 PSYoungGen      total 115200K, used 97083K [0x00000000d5580000, 0x00000000dde00000, 0x0000000100000000)
  eden space 109568K, 83% used [0x00000000d5580000,0x00000000daf2fb48,0x00000000dc080000)
  from space 5632K, 93% used [0x00000000dd880000,0x00000000ddd9f2b8,0x00000000dde00000)
  to   space 9728K, 0% used [0x00000000dcb00000,0x00000000dcb00000,0x00000000dd480000)
 ParOldGen       total 49152K, used 7220K [0x0000000080000000, 0x0000000083000000, 0x00000000d5580000)
  object space 49152K, 14% used [0x0000000080000000,0x000000008070d170,0x0000000083000000)
 Metaspace       used 33996K, capacity 35250K, committed 35416K, reserved 1079296K
  class space    used 4586K, capacity 4880K, committed 4992K, reserved 1048576K
Event: 8.112 GC heap after
Heap after GC invocations=10 (full 1):
 PSYoungGen      total 130048K, used 9717K [0x00000000d5580000, 0x00000000e0800000, 0x0000000100000000)
  eden space 120320K, 0% used [0x00000000d5580000,0x00000000d5580000,0x00000000dcb00000)
  from space 9728K, 99% used [0x00000000dcb00000,0x00000000dd47d6b0,0x00000000dd480000)
  to   space 11776K, 0% used [0x00000000dfc80000,0x00000000dfc80000,0x00000000e0800000)
 ParOldGen       total 49152K, used 9230K [0x0000000080000000, 0x0000000083000000, 0x00000000d5580000)
  object space 49152K, 18% used [0x0000000080000000,0x0000000080903a00,0x0000000083000000)
 Metaspace       used 33996K, capacity 35250K, committed 35416K, reserved 1079296K
  class space    used 4586K, capacity 4880K, committed 4992K, reserved 1048576K
}
Event: 8.112 GC heap before
{Heap before GC invocations=11 (full 2):
 PSYoungGen      total 130048K, used 9717K [0x00000000d5580000, 0x00000000e0800000, 0x0000000100000000)
  eden space 120320K, 0% used [0x00000000d5580000,0x00000000d5580000,0x00000000dcb00000)
  from space 9728K, 99% used [0x00000000dcb00000,0x00000000dd47d6b0,0x00000000dd480000)
  to   space 11776K, 0% used [0x00000000dfc80000,0x00000000dfc80000,0x00000000e0800000)
 ParOldGen       total 49152K, used 9230K [0x0000000080000000, 0x0000000083000000, 0x00000000d5580000)
  object space 49152K, 18% used [0x0000000080000000,0x0000000080903a00,0x0000000083000000)
 Metaspace       used 33996K, capacity 35250K, committed 35416K, reserved 1079296K
  class space    used 4586K, capacity 4880K, committed 4992K, reserved 1048576K
Event: 8.221 GC heap after
Heap after GC invocations=11 (full 2):
 PSYoungGen      total 130048K, used 0K [0x00000000d5580000, 0x00000000e0800000, 0x0000000100000000)
  eden space 120320K, 0% used [0x00000000d5580000,0x00000000d5580000,0x00000000dcb00000)
  from space 9728K, 0% used [0x00000000dcb00000,0x00000000dcb00000,0x00000000dd480000)
  to   space 11776K, 0% used [0x00000000dfc80000,0x00000000dfc80000,0x00000000e0800000)
 ParOldGen       total 49152K, used 17986K [0x0000000080000000, 0x0000000083000000, 0x00000000d5580000)
  object space 49152K, 36% used [0x0000000080000000,0x0000000081190a90,0x0000000083000000)
 Metaspace       used 33996K, capacity 35250K, committed 35416K, reserved 1079296K
  class space    used 4586K, capacity 4880K, committed 4992K, reserved 1048576K
}
Event: 10.858 GC heap before
{Heap before GC invocations=12 (full 2):
 PSYoungGen      total 130048K, used 120320K [0x00000000d5580000, 0x00000000e0800000, 0x0000000100000000)
  eden space 120320K, 100% used [0x00000000d5580000,0x00000000dcb00000,0x00000000dcb00000)
  from space 9728K, 0% used [0x00000000dcb00000,0x00000000dcb00000,0x00000000dd480000)
  to   space 11776K, 0% used [0x00000000dfc80000,0x00000000dfc80000,0x00000000e0800000)
 ParOldGen       total 49152K, used 17986K [0x0000000080000000, 0x0000000083000000, 0x00000000d5580000)
  object space 49152K, 36% used [0x0000000080000000,0x0000000081190a90,0x0000000083000000)
 Metaspace       used 38546K, capacity 40360K, committed 40536K, reserved 1083392K
  class space    used 5285K, capacity 5647K, committed 5760K, reserved 1048576K
Event: 10.889 GC heap after
Heap after GC invocations=12 (full 2):
 PSYoungGen      total 164352K, used 9009K [0x00000000d5580000, 0x00000000e0580000, 0x0000000100000000)
  eden space 155136K, 0% used [0x00000000d5580000,0x00000000d5580000,0x00000000ded00000)
  from space 9216K, 97% used [0x00000000dfc80000,0x00000000e054c4a8,0x00000000e0580000)
  to   space 12288K, 0% used [0x00000000ded80000,0x00000000ded80000,0x00000000df980000)
 ParOldGen       total 49152K, used 17994K [0x0000000080000000, 0x0000000083000000, 0x00000000d5580000)
  object space 49152K, 36% used [0x0000000080000000,0x0000000081192a90,0x0000000083000000)
 Metaspace       used 38546K, capacity 40360K, committed 40536K, reserved 1083392K
  class space    used 5285K, capacity 5647K, committed 5760K, reserved 1048576K
}

Deoptimization events (10 events):
Event: 12.627 Thread 0x000000001b493800 Uncommon trap: reason=unstable_if action=reinterpret pc=0x00000000037be68c method=java.util.jar.JarFile.maybeInstantiateVerifier()V @ 4
Event: 12.628 Thread 0x000000001b493800 Uncommon trap: reason=unstable_if action=reinterpret pc=0x00000000039dac68 method=java.security.CodeSource.matchCerts(Ljava/security/CodeSource;Z)Z @ 11
Event: 12.628 Thread 0x000000001b493800 Uncommon trap: reason=unstable_if action=reinterpret pc=0x00000000038aa2e8 method=java.lang.ClassLoader.compareCerts([Ljava/security/cert/Certificate;[Ljava/security/cert/Certificate;)Z @ 1
Event: 12.653 Thread 0x000000001b493800 Uncommon trap: reason=unstable_if action=reinterpret pc=0x000000000389ae38 method=java.util.LinkedHashMap.get(Ljava/lang/Object;)Ljava/lang/Object; @ 20
Event: 12.719 Thread 0x000000001b493800 Uncommon trap: reason=unstable_if action=reinterpret pc=0x00000000039db13c method=java.security.CodeSource.matchCerts(Ljava/security/CodeSource;Z)Z @ 11
Event: 12.868 Thread 0x000000001b493800 Uncommon trap: reason=bimorphic action=maybe_recompile pc=0x0000000003914c88 method=java.util.regex.Pattern$CharProperty.match(Ljava/util/regex/Matcher;ILjava/lang/CharSequence;)Z @ 18
Event: 12.868 Thread 0x000000001b493800 Uncommon trap: reason=bimorphic action=maybe_recompile pc=0x0000000003914c88 method=java.util.regex.Pattern$CharProperty.match(Ljava/util/regex/Matcher;ILjava/lang/CharSequence;)Z @ 18
Event: 12.868 Thread 0x000000001b493800 Uncommon trap: reason=bimorphic action=maybe_recompile pc=0x0000000003914c88 method=java.util.regex.Pattern$CharProperty.match(Ljava/util/regex/Matcher;ILjava/lang/CharSequence;)Z @ 18
Event: 12.896 Thread 0x000000001b493800 Uncommon trap: reason=bimorphic action=maybe_recompile pc=0x0000000003914c88 method=java.util.regex.Pattern$CharProperty.match(Ljava/util/regex/Matcher;ILjava/lang/CharSequence;)Z @ 18
Event: 13.114 Thread 0x000000001b493800 Uncommon trap: reason=unstable_if action=reinterpret pc=0x0000000003a595f0 method=org.gradle.internal.reflect.PropertyAccessorType.of(Ljava/lang/reflect/Method;)Lorg/gradle/internal/reflect/PropertyAccessorType; @ 56

Classes redefined (0 events):
No events

Internal exceptions (10 events):
Event: 11.261 Thread 0x000000001b493800 Exception <a 'java/lang/ClassNotFoundException': org/gradle/api/internal/AbstractTaskCustomizer> (0x00000000d5be8910) thrown at [C:\src\AOSP-openjdk-git\hotspot\src\share\vm\classfile\systemDictionary.cpp, line 210]
Event: 11.265 Thread 0x000000001b493800 Exception <a 'java/lang/ClassNotFoundException': org/gradle/api/DefaultTaskCustomizer> (0x00000000d5c7c408) thrown at [C:\src\AOSP-openjdk-git\hotspot\src\share\vm\classfile\systemDictionary.cpp, line 210]
Event: 11.267 Thread 0x000000001b493800 Exception <a 'java/lang/ClassNotFoundException': org/gradle/api/internal/ConventionTaskCustomizer> (0x00000000d5cc1f20) thrown at [C:\src\AOSP-openjdk-git\hotspot\src\share\vm\classfile\systemDictionary.cpp, line 210]
Event: 11.269 Thread 0x000000001b493800 Exception <a 'java/lang/ClassNotFoundException': org/gradle/api/tasks/DeleteCustomizer> (0x00000000d5d043e0) thrown at [C:\src\AOSP-openjdk-git\hotspot\src\share\vm\classfile\systemDictionary.cpp, line 210]
Event: 11.272 Thread 0x000000001b493800 Exception <a 'java/lang/ClassNotFoundException': org/gradle/api/tasks/Delete_DecoratedCustomizer> (0x00000000d5d54080) thrown at [C:\src\AOSP-openjdk-git\hotspot\src\share\vm\classfile\systemDictionary.cpp, line 210]
Event: 11.306 Thread 0x000000001b493800 Exception <a 'java/lang/ClassNotFoundException': build_4u9qzag4vn57svy45r9ggaraoBeanInfo> (0x00000000d5ec7d20) thrown at [C:\src\AOSP-openjdk-git\hotspot\src\share\vm\classfile\systemDictionary.cpp, line 210]
Event: 11.306 Thread 0x000000001b493800 Exception <a 'java/lang/ClassNotFoundException': build_4u9qzag4vn57svy45r9ggaraoCustomizer> (0x00000000d5ed3960) thrown at [C:\src\AOSP-openjdk-git\hotspot\src\share\vm\classfile\systemDictionary.cpp, line 210]
Event: 11.315 Thread 0x000000001b493800 Exception <a 'java/lang/ClassNotFoundException': org/gradle/plugin/use/internal/PluginRequestCollector$PluginDependenciesSpecImplBeanInfo> (0x00000000d5f78248) thrown at [C:\src\AOSP-openjdk-git\hotspot\src\share\vm\classfile\systemDictionary.cpp, line 21
Event: 11.317 Thread 0x000000001b493800 Exception <a 'java/lang/ClassNotFoundException': org/gradle/plugin/use/internal/PluginRequestCollector$PluginDependenciesSpecImplCustomizer> (0x00000000d5fb8188) thrown at [C:\src\AOSP-openjdk-git\hotspot\src\share\vm\classfile\systemDictionary.cpp, line 
Event: 12.496 Thread 0x000000001b493800 Implicit null exception at 0x0000000003816448 to 0x00000000038165d5

Events (10 events):
Event: 13.541 Thread 0x00000000178e2800 flushing nmethod 0x0000000003365610
Event: 13.541 Thread 0x00000000178e2800 flushing nmethod 0x000000000339e050
Event: 13.541 Thread 0x00000000178e2800 flushing nmethod 0x00000000033d4750
Event: 13.542 Thread 0x00000000178e2800 flushing nmethod 0x0000000003440d50
Event: 13.542 Thread 0x00000000178e2800 flushing nmethod 0x000000000344d490
Event: 13.542 Thread 0x00000000178e2800 flushing nmethod 0x000000000345dc10
Event: 13.542 Thread 0x00000000178e2800 flushing nmethod 0x0000000003489cd0
Event: 13.542 Thread 0x00000000178e2800 flushing nmethod 0x00000000034d2fd0
Event: 13.542 Thread 0x00000000178e2800 flushing nmethod 0x00000000034d45d0
Event: 13.544 Thread 0x00000000178e2800 flushing nmethod 0x00000000037d6f50


Dynamic libraries:
0x00007ff7b3f40000 - 0x00007ff7b3f71000 	C:\Program Files\Android\Android Studio\jre\bin\java.exe
0x00007ffbb9080000 - 0x00007ffbb9270000 	C:\Windows\SYSTEM32\ntdll.dll
0x00007ffbb86c0000 - 0x00007ffbb8772000 	C:\Windows\System32\KERNEL32.DLL
0x00007ffbb6bd0000 - 0x00007ffbb6e75000 	C:\Windows\System32\KERNELBASE.dll
0x00007ffbb84f0000 - 0x00007ffbb8593000 	C:\Windows\System32\ADVAPI32.dll
0x00007ffbb7420000 - 0x00007ffbb74be000 	C:\Windows\System32\msvcrt.dll
0x00007ffbb8850000 - 0x00007ffbb88e7000 	C:\Windows\System32\sechost.dll
0x00007ffbb85a0000 - 0x00007ffbb86c0000 	C:\Windows\System32\RPCRT4.dll
0x00007ffbb7580000 - 0x00007ffbb7714000 	C:\Windows\System32\USER32.dll
0x00007ffbb6100000 - 0x00007ffbb6121000 	C:\Windows\System32\win32u.dll
0x00007ffbb8af0000 - 0x00007ffbb8b16000 	C:\Windows\System32\GDI32.dll
0x00007ffbb61d0000 - 0x00007ffbb6366000 	C:\Windows\System32\gdi32full.dll
0x00007ffbb6130000 - 0x00007ffbb61ce000 	C:\Windows\System32\msvcp_win.dll
0x00007ffbb6000000 - 0x00007ffbb60fa000 	C:\Windows\System32\ucrtbase.dll
0x00007ffba6e50000 - 0x00007ffba70d4000 	C:\Windows\WinSxS\amd64_microsoft.windows.common-controls_6595b64144ccf1df_6.0.18362.1198_none_9e820b57e45ad92f\COMCTL32.dll
0x00007ffbb8140000 - 0x00007ffbb8475000 	C:\Windows\System32\combase.dll
0x00007ffbb6ee0000 - 0x00007ffbb6f60000 	C:\Windows\System32\bcryptPrimitives.dll
0x00007ffbb73f0000 - 0x00007ffbb741e000 	C:\Windows\System32\IMM32.DLL
0x0000000065fd0000 - 0x00000000660a2000 	C:\Program Files\Android\Android Studio\jre\jre\bin\msvcr100.dll
0x0000000066180000 - 0x00000000669cb000 	C:\Program Files\Android\Android Studio\jre\jre\bin\server\jvm.dll
0x00007ffbb7280000 - 0x00007ffbb7288000 	C:\Windows\System32\PSAPI.DLL
0x00007ffb992a0000 - 0x00007ffb992a9000 	C:\Windows\SYSTEM32\WSOCK32.dll
0x00007ffbb8480000 - 0x00007ffbb84ef000 	C:\Windows\System32\WS2_32.dll
0x00007ffba9030000 - 0x00007ffba903a000 	C:\Windows\SYSTEM32\VERSION.dll
0x00007ffbb3230000 - 0x00007ffbb3254000 	C:\Windows\SYSTEM32\WINMM.dll
0x00007ffbb31c0000 - 0x00007ffbb31ed000 	C:\Windows\SYSTEM32\WINMMBASE.dll
0x00007ffbb6f60000 - 0x00007ffbb6faa000 	C:\Windows\System32\cfgmgr32.dll
0x00007ffb931d0000 - 0x00007ffb931df000 	C:\Program Files\Android\Android Studio\jre\jre\bin\verify.dll
0x00007ffb91eb0000 - 0x00007ffb91ed9000 	C:\Program Files\Android\Android Studio\jre\jre\bin\java.dll
0x00007ffb921a0000 - 0x00007ffb921b6000 	C:\Program Files\Android\Android Studio\jre\jre\bin\zip.dll
0x00007ffbb79f0000 - 0x00007ffbb80d7000 	C:\Windows\System32\SHELL32.dll
0x00007ffbb8900000 - 0x00007ffbb89a9000 	C:\Windows\System32\shcore.dll
0x00007ffbb6420000 - 0x00007ffbb6ba1000 	C:\Windows\System32\windows.storage.dll
0x00007ffbb5fb0000 - 0x00007ffbb5fd3000 	C:\Windows\System32\profapi.dll
0x00007ffbb5f60000 - 0x00007ffbb5faa000 	C:\Windows\System32\powrprof.dll
0x00007ffbb5f30000 - 0x00007ffbb5f40000 	C:\Windows\System32\UMPDC.dll
0x00007ffbb7520000 - 0x00007ffbb7572000 	C:\Windows\System32\shlwapi.dll
0x00007ffbb5f40000 - 0x00007ffbb5f51000 	C:\Windows\System32\kernel.appcore.dll
0x00007ffbb6bb0000 - 0x00007ffbb6bc7000 	C:\Windows\System32\cryptsp.dll
0x00007ffb91d80000 - 0x00007ffb91d9a000 	C:\Program Files\Android\Android Studio\jre\jre\bin\net.dll
0x00007ffbb5780000 - 0x00007ffbb57e7000 	C:\Windows\system32\mswsock.dll
0x00007ffb91d60000 - 0x00007ffb91d73000 	C:\Program Files\Android\Android Studio\jre\jre\bin\nio.dll
0x00007ffbaf880000 - 0x00007ffbaf8a7000 	C:\Users\Le Duyen\.gradle\native\f6784746aeab05261644944871eae4fe03e0ef1612fff0a4a95f87b438bc6780\windows-amd64\native-platform.dll
0x00007ffb91c80000 - 0x00007ffb91c8d000 	C:\Program Files\Android\Android Studio\jre\jre\bin\management.dll
0x00007ffbb52f0000 - 0x00007ffbb5323000 	C:\Windows\system32\rsaenh.dll
0x00007ffbb7100000 - 0x00007ffbb7126000 	C:\Windows\System32\bcrypt.dll
0x00007ffbb5e50000 - 0x00007ffbb5e75000 	C:\Windows\SYSTEM32\USERENV.dll
0x00007ffbb5950000 - 0x00007ffbb595c000 	C:\Windows\SYSTEM32\CRYPTBASE.dll
0x00007ffbb5490000 - 0x00007ffbb54ca000 	C:\Windows\SYSTEM32\IPHLPAPI.DLL
0x00007ffbb7790000 - 0x00007ffbb7798000 	C:\Windows\System32\NSI.dll
0x00007ffbafea0000 - 0x00007ffbafeb6000 	C:\Windows\SYSTEM32\dhcpcsvc6.DLL
0x00007ffbafe10000 - 0x00007ffbafe2c000 	C:\Windows\SYSTEM32\dhcpcsvc.DLL
0x00007ffbb54d0000 - 0x00007ffbb559b000 	C:\Windows\SYSTEM32\DNSAPI.dll
0x00007ffbaffb0000 - 0x00007ffbaffbb000 	C:\Windows\SYSTEM32\WINNSI.DLL

VM Arguments:
jvm_args: -Xmx2048m -Dfile.encoding=UTF-8 -Duser.country=US -Duser.language=en -Duser.variant 
java_command: org.gradle.launcher.daemon.bootstrap.GradleDaemon 6.5
java_class_path (initial): C:\Users\Le Duyen\.gradle\wrapper\dists\gradle-6.5-bin\6nifqtx7604sqp1q6g8wikw7p\gradle-6.5\lib\gradle-launcher-6.5.jar
Launcher Type: SUN_STANDARD

Environment Variables:
PATH=C:\Windows;C:\Windows\System32\Wbem;C:\Windows\System32\WindowsPowerShell\v1.0\;C:\Windows\System32\OpenSSH\;C:\Program Files\Microsoft VS Code\bin;C:\Program Files\Microsoft SQL Server\120\Tools\Binn\;C:\Program Files\Microsoft SQL Server\130\Tools\Binn\;c:\Program Files\Microsoft SQL Server\110\Tools\Binn\;c:\Program Files (x86)\Microsoft SQL Server\110\Tools\Binn\;c:\Program Files\Microsoft SQL Server\110\DTS\Binn\;c:\Program Files (x86)\Microsoft SQL Server\110\Tools\Binn\ManagementStudio\;c:\Program Files (x86)\Microsoft Visual Studio 10.0\Common7\IDE\PrivateAssemblies\;c:\Program Files (x86)\Microsoft SQL Server\110\DTS\Binn\;C:\Windows\system32\config\systemprofile\.dnx\bin;C:\Program Files\Microsoft DNX\Dnvm\;C:\flutter\bin;C:\Program Files\Git\cmd;C:\Program Files\PuTTY\;C:\Program Files\nodejs\;C:\Users\Le Duyen\AppData\Local\Microsoft\WindowsApps;C:\flutter\bin;C:\Windows\System32;C:\Program Files\Git\cmd;C:\Users\Le Duyen\AppData\Roaming\npm
USERNAME=Le Duyen
OS=Windows_NT
PROCESSOR_IDENTIFIER=Intel64 Family 6 Model 69 Stepping 1, GenuineIntel



---------------  S Y S T E M  ---------------

OS: Windows 10.0 , 64 bit Build 18362 (10.0.18362.1110)

CPU:total 4 (initial active 4) (2 cores per cpu, 2 threads per core) family 6 model 69 stepping 1, cmov, cx8, fxsr, mmx, sse, sse2, sse3, ssse3, sse4.1, sse4.2, popcnt, avx, avx2, aes, clmul, erms, lzcnt, ht, tsc, tscinvbit, bmi1, bmi2

Memory: 4k page, physical 8079644k(294796k free), swap 8079644k(6944k free)

vm_info: OpenJDK 64-Bit Server VM (25.242-b01) for windows-amd64 JRE (1.8.0_242-release-1644-b01), built by "builder" with MS VC++ 10.0 (VS2010)

time: Sun Dec 06 12:36:49 2020
timezone: SE Asia Standard Time
elapsed time: 13 seconds (0d 0h 0m 13s)

